Started by user admin
Running as SYSTEM
Building in workspace /var/jenkins_home/workspace/HaoVT1_Project4
The recommended git tool is: NONE
using credential 8ec98ebb-99e8-4d1c-abc5-2546a270d3e8
 > git rev-parse --resolve-git-dir /var/jenkins_home/workspace/HaoVT1_Project4/.git # timeout=10
Fetching changes from the remote Git repository
 > git config remote.origin.url https://github.com/haovu939214/eCommerceApplication.git # timeout=10
Fetching upstream changes from https://github.com/haovu939214/eCommerceApplication.git
 > git --version # timeout=10
 > git --version # 'git version 2.36.2'
using GIT_SSH to set credentials 
[INFO] Currently running in a labeled security context
 > /usr/bin/chcon --type=ssh_home_t /var/jenkins_home/workspace/HaoVT1_Project4@tmp/jenkins-gitclient-ssh10407395151949926476.key
Verifying host key using known hosts file
You're using 'Known hosts file' strategy to verify ssh host keys, but your known_hosts file does not exist, please go to 'Manage Jenkins' -> 'Security' -> 'Git Host Key Verification Configuration' and configure host key verification.
 > git fetch --tags --force --progress -- https://github.com/haovu939214/eCommerceApplication.git +refs/heads/*:refs/remotes/origin/* # timeout=10
 > git rev-parse refs/remotes/origin/main^{commit} # timeout=10
Checking out Revision 9d983cbce66fa762fc6aa6e487082dce10168f54 (refs/remotes/origin/main)
 > git config core.sparsecheckout # timeout=10
 > git checkout -f 9d983cbce66fa762fc6aa6e487082dce10168f54 # timeout=10
Commit message: "fist commit"
 > git rev-list --no-walk 9d983cbce66fa762fc6aa6e487082dce10168f54 # timeout=10
[HaoVT1_Project4] $ mvn -f starter_code/pom.xml package
[INFO] Scanning for projects...
[INFO] 
[INFO] ----------------------< com.example:auth-course >-----------------------
[INFO] Building auth-course 0.0.1-SNAPSHOT
[INFO] --------------------------------[ war ]---------------------------------
[INFO] 
[INFO] --- maven-resources-plugin:3.1.0:resources (default-resources) @ auth-course ---
[INFO] Using 'UTF-8' encoding to copy filtered resources.
[INFO] Copying 1 resource
[INFO] Copying 1 resource
[INFO] 
[INFO] --- maven-compiler-plugin:3.8.1:compile (default-compile) @ auth-course ---
[INFO] Nothing to compile - all classes are up to date
[INFO] 
[INFO] --- maven-resources-plugin:3.1.0:testResources (default-testResources) @ auth-course ---
[INFO] Using 'UTF-8' encoding to copy filtered resources.
[INFO] skip non existing resourceDirectory /var/jenkins_home/workspace/HaoVT1_Project4/starter_code/src/test/resources
[INFO] 
[INFO] --- maven-compiler-plugin:3.8.1:testCompile (default-testCompile) @ auth-course ---
[INFO] Nothing to compile - all classes are up to date
[INFO] 
[INFO] --- maven-surefire-plugin:2.22.2:test (default-test) @ auth-course ---
[INFO] 
[INFO] -------------------------------------------------------
[INFO]  T E S T S
[INFO] -------------------------------------------------------
[INFO] Running com.example.demo.SareetaApplicationTests
SLF4J: Class path contains multiple SLF4J bindings.
SLF4J: Found binding in [jar:file:/root/.m2/repository/ch/qos/logback/logback-classic/1.2.3/logback-classic-1.2.3.jar!/org/slf4j/impl/StaticLoggerBinder.class]
SLF4J: Found binding in [jar:file:/root/.m2/repository/org/slf4j/slf4j-log4j12/1.7.30/slf4j-log4j12-1.7.30.jar!/org/slf4j/impl/StaticLoggerBinder.class]
SLF4J: See http://www.slf4j.org/codes.html#multiple_bindings for an explanation.
SLF4J: Actual binding is of type [ch.qos.logback.classic.util.ContextSelectorStaticBinder]
15:52:34.095 [main] DEBUG org.springframework.test.context.junit4.SpringJUnit4ClassRunner - SpringJUnit4ClassRunner constructor called with [class com.example.demo.SareetaApplicationTests]
15:52:34.102 [main] DEBUG org.springframework.test.context.BootstrapUtils - Instantiating CacheAwareContextLoaderDelegate from class [org.springframework.test.context.cache.DefaultCacheAwareContextLoaderDelegate]
15:52:34.133 [main] DEBUG org.springframework.test.context.BootstrapUtils - Instantiating BootstrapContext using constructor [public org.springframework.test.context.support.DefaultBootstrapContext(java.lang.Class,org.springframework.test.context.CacheAwareContextLoaderDelegate)]
15:52:34.167 [main] DEBUG org.springframework.test.context.BootstrapUtils - Instantiating TestContextBootstrapper for test class [com.example.demo.SareetaApplicationTests] from class [org.springframework.boot.test.context.SpringBootTestContextBootstrapper]
15:52:34.195 [main] INFO org.springframework.boot.test.context.SpringBootTestContextBootstrapper - Neither @ContextConfiguration nor @ContextHierarchy found for test class [com.example.demo.SareetaApplicationTests], using SpringBootContextLoader
15:52:34.207 [main] DEBUG org.springframework.test.context.support.AbstractContextLoader - Did not detect default resource location for test class [com.example.demo.SareetaApplicationTests]: class path resource [com/example/demo/SareetaApplicationTests-context.xml] does not exist
15:52:34.209 [main] DEBUG org.springframework.test.context.support.AbstractContextLoader - Did not detect default resource location for test class [com.example.demo.SareetaApplicationTests]: class path resource [com/example/demo/SareetaApplicationTestsContext.groovy] does not exist
15:52:34.210 [main] INFO org.springframework.test.context.support.AbstractContextLoader - Could not detect default resource locations for test class [com.example.demo.SareetaApplicationTests]: no resource found for suffixes {-context.xml, Context.groovy}.
15:52:34.210 [main] INFO org.springframework.test.context.support.AnnotationConfigContextLoaderUtils - Could not detect default configuration classes for test class [com.example.demo.SareetaApplicationTests]: SareetaApplicationTests does not declare any static, non-private, non-final, nested classes annotated with @Configuration.
15:52:34.310 [main] DEBUG org.springframework.test.context.support.ActiveProfilesUtils - Could not find an 'annotation declaring class' for annotation type [org.springframework.test.context.ActiveProfiles] and class [com.example.demo.SareetaApplicationTests]
15:52:34.473 [main] DEBUG org.springframework.context.annotation.ClassPathScanningCandidateComponentProvider - Identified candidate component class: file [/var/jenkins_home/workspace/HaoVT1_Project4/starter_code/target/classes/com/example/demo/SareetaApplication.class]
15:52:34.475 [main] INFO org.springframework.boot.test.context.SpringBootTestContextBootstrapper - Found @SpringBootConfiguration com.example.demo.SareetaApplication for test class com.example.demo.SareetaApplicationTests
15:52:34.665 [main] DEBUG org.springframework.boot.test.context.SpringBootTestContextBootstrapper - @TestExecutionListeners is not present for class [com.example.demo.SareetaApplicationTests]: using defaults.
15:52:34.666 [main] INFO org.springframework.boot.test.context.SpringBootTestContextBootstrapper - Loaded default TestExecutionListener class names from location [META-INF/spring.factories]: [org.springframework.boot.test.mock.mockito.MockitoTestExecutionListener, org.springframework.boot.test.mock.mockito.ResetMocksTestExecutionListener, org.springframework.boot.test.autoconfigure.restdocs.RestDocsTestExecutionListener, org.springframework.boot.test.autoconfigure.web.client.MockRestServiceServerResetTestExecutionListener, org.springframework.boot.test.autoconfigure.web.servlet.MockMvcPrintOnlyOnFailureTestExecutionListener, org.springframework.boot.test.autoconfigure.web.servlet.WebDriverTestExecutionListener, org.springframework.test.context.web.ServletTestExecutionListener, org.springframework.test.context.support.DirtiesContextBeforeModesTestExecutionListener, org.springframework.test.context.support.DependencyInjectionTestExecutionListener, org.springframework.test.context.support.DirtiesContextTestExecutionListener, org.springframework.test.context.transaction.TransactionalTestExecutionListener, org.springframework.test.context.jdbc.SqlScriptsTestExecutionListener, org.springframework.security.test.context.support.WithSecurityContextTestExecutionListener, org.springframework.security.test.context.support.ReactorContextTestExecutionListener]
15:52:34.736 [main] INFO org.springframework.boot.test.context.SpringBootTestContextBootstrapper - Using TestExecutionListeners: [org.springframework.test.context.web.ServletTestExecutionListener@1a72a540, org.springframework.test.context.support.DirtiesContextBeforeModesTestExecutionListener@27d5a580, org.springframework.boot.test.mock.mockito.MockitoTestExecutionListener@198d6542, org.springframework.boot.test.autoconfigure.SpringBootDependencyInjectionTestExecutionListener@5e403b4a, org.springframework.test.context.support.DirtiesContextTestExecutionListener@5117dd67, org.springframework.test.context.transaction.TransactionalTestExecutionListener@5be49b60, org.springframework.test.context.jdbc.SqlScriptsTestExecutionListener@2931522b, org.springframework.security.test.context.support.WithSecurityContextTestExecutionListener@7674b62c, org.springframework.security.test.context.support.ReactorContextTestExecutionListener@19e7a160, org.springframework.boot.test.mock.mockito.ResetMocksTestExecutionListener@662706a7, org.springframework.boot.test.autoconfigure.restdocs.RestDocsTestExecutionListener@45a4b042, org.springframework.boot.test.autoconfigure.web.client.MockRestServiceServerResetTestExecutionListener@16b2bb0c, org.springframework.boot.test.autoconfigure.web.servlet.MockMvcPrintOnlyOnFailureTestExecutionListener@327af41b, org.springframework.boot.test.autoconfigure.web.servlet.WebDriverTestExecutionListener@6cb6decd]
15:52:34.744 [main] DEBUG org.springframework.test.annotation.ProfileValueUtils - Retrieved @ProfileValueSourceConfiguration [null] for test class [com.example.demo.SareetaApplicationTests]
15:52:34.745 [main] DEBUG org.springframework.test.annotation.ProfileValueUtils - Retrieved ProfileValueSource type [class org.springframework.test.annotation.SystemProfileValueSource] for class [com.example.demo.SareetaApplicationTests]
15:52:34.746 [main] DEBUG org.springframework.test.annotation.ProfileValueUtils - Retrieved @ProfileValueSourceConfiguration [null] for test class [com.example.demo.SareetaApplicationTests]
15:52:34.755 [main] DEBUG org.springframework.test.annotation.ProfileValueUtils - Retrieved ProfileValueSource type [class org.springframework.test.annotation.SystemProfileValueSource] for class [com.example.demo.SareetaApplicationTests]
15:52:34.755 [main] DEBUG org.springframework.test.annotation.ProfileValueUtils - Retrieved @ProfileValueSourceConfiguration [null] for test class [com.example.demo.SareetaApplicationTests]
15:52:34.756 [main] DEBUG org.springframework.test.annotation.ProfileValueUtils - Retrieved ProfileValueSource type [class org.springframework.test.annotation.SystemProfileValueSource] for class [com.example.demo.SareetaApplicationTests]
15:52:34.757 [main] DEBUG org.springframework.test.annotation.ProfileValueUtils - Retrieved @ProfileValueSourceConfiguration [null] for test class [com.example.demo.SareetaApplicationTests]
15:52:34.758 [main] DEBUG org.springframework.test.annotation.ProfileValueUtils - Retrieved ProfileValueSource type [class org.springframework.test.annotation.SystemProfileValueSource] for class [com.example.demo.SareetaApplicationTests]
15:52:34.766 [main] DEBUG org.springframework.test.annotation.ProfileValueUtils - Retrieved @ProfileValueSourceConfiguration [null] for test class [com.example.demo.SareetaApplicationTests]
15:52:34.766 [main] DEBUG org.springframework.test.annotation.ProfileValueUtils - Retrieved ProfileValueSource type [class org.springframework.test.annotation.SystemProfileValueSource] for class [com.example.demo.SareetaApplicationTests]
15:52:34.774 [main] DEBUG org.springframework.test.context.support.AbstractDirtiesContextTestExecutionListener - Before test class: context [DefaultTestContext@3b8f0a79 testClass = SareetaApplicationTests, testInstance = [null], testMethod = [null], testException = [null], mergedContextConfiguration = [WebMergedContextConfiguration@71e693fa testClass = SareetaApplicationTests, locations = '{}', classes = '{class com.example.demo.SareetaApplication}', contextInitializerClasses = '[]', activeProfiles = '{}', propertySourceLocations = '{}', propertySourceProperties = '{org.springframework.boot.test.context.SpringBootTestContextBootstrapper=true}', contextCustomizers = set[org.springframework.boot.test.context.filter.ExcludeFilterContextCustomizer@45ca843, org.springframework.boot.test.json.DuplicateJsonObjectContextCustomizerFactory$DuplicateJsonObjectContextCustomizer@36b4fe2a, org.springframework.boot.test.mock.mockito.MockitoContextCustomizer@0, org.springframework.boot.test.web.client.TestRestTemplateContextCustomizer@4a668b6e, org.springframework.boot.test.autoconfigure.properties.PropertyMappingContextCustomizer@0, org.springframework.boot.test.autoconfigure.web.servlet.WebDriverContextCustomizerFactory$Customizer@55b53d44], resourceBasePath = 'src/main/webapp', contextLoader = 'org.springframework.boot.test.context.SpringBootContextLoader', parent = [null]], attributes = map['org.springframework.test.context.web.ServletTestExecutionListener.activateListener' -> true]], class annotated with @DirtiesContext [false] with mode [null].
15:52:34.775 [main] DEBUG org.springframework.test.annotation.ProfileValueUtils - Retrieved @ProfileValueSourceConfiguration [null] for test class [com.example.demo.SareetaApplicationTests]
15:52:34.776 [main] DEBUG org.springframework.test.annotation.ProfileValueUtils - Retrieved ProfileValueSource type [class org.springframework.test.annotation.SystemProfileValueSource] for class [com.example.demo.SareetaApplicationTests]
15:52:34.818 [main] DEBUG org.springframework.test.context.support.TestPropertySourceUtils - Adding inlined properties to environment: {spring.jmx.enabled=false, org.springframework.boot.test.context.SpringBootTestContextBootstrapper=true, server.port=-1}

  .   ____          _            __ _ _
 /\\ / ___'_ __ _ _(_)_ __  __ _ \ \ \ \
( ( )\___ | '_ | '_| | '_ \/ _` | \ \ \ \
 \\/  ___)| |_)| | | | | || (_| |  ) ) ) )
  '  |____| .__|_| |_|_| |_\__, | / / / /
 =========|_|==============|___/=/_/_/_/
 :: Spring Boot ::        (v2.1.5.RELEASE)

2024-09-29 15:52:35.551  INFO 4186 --- [           main] c.example.demo.SareetaApplicationTests   : Starting SareetaApplicationTests on d0ba535149ac with PID 4186 (started by root in /var/jenkins_home/workspace/HaoVT1_Project4/starter_code)
2024-09-29 15:52:35.554  INFO 4186 --- [           main] c.example.demo.SareetaApplicationTests   : No active profile set, falling back to default profiles: default
2024-09-29 15:52:37.080  INFO 4186 --- [           main] .s.d.r.c.RepositoryConfigurationDelegate : Bootstrapping Spring Data repositories in DEFAULT mode.
2024-09-29 15:52:37.381  INFO 4186 --- [           main] .s.d.r.c.RepositoryConfigurationDelegate : Finished Spring Data repository scanning in 276ms. Found 4 repository interfaces.
2024-09-29 15:52:38.582  INFO 4186 --- [           main] trationDelegate$BeanPostProcessorChecker : Bean 'org.springframework.transaction.annotation.ProxyTransactionManagementConfiguration' of type [org.springframework.transaction.annotation.ProxyTransactionManagementConfiguration$$EnhancerBySpringCGLIB$$abad5e4c] is not eligible for getting processed by all BeanPostProcessors (for example: not eligible for auto-proxying)
2024-09-29 15:52:39.157  INFO 4186 --- [           main] com.zaxxer.hikari.HikariDataSource       : HikariPool-1 - Starting...
2024-09-29 15:52:39.506  INFO 4186 --- [           main] com.zaxxer.hikari.HikariDataSource       : HikariPool-1 - Start completed.
2024-09-29 15:52:39.693  INFO 4186 --- [           main] o.hibernate.jpa.internal.util.LogHelper  : HHH000204: Processing PersistenceUnitInfo [
	name: default
	...]
2024-09-29 15:52:39.844  INFO 4186 --- [           main] org.hibernate.Version                    : HHH000412: Hibernate Core {5.3.10.Final}
2024-09-29 15:52:39.847  INFO 4186 --- [           main] org.hibernate.cfg.Environment            : HHH000206: hibernate.properties not found
2024-09-29 15:52:40.124  INFO 4186 --- [           main] o.hibernate.annotations.common.Version   : HCANN000001: Hibernate Commons Annotations {5.0.4.Final}
2024-09-29 15:52:40.361  INFO 4186 --- [           main] org.hibernate.dialect.Dialect            : HHH000400: Using dialect: org.hibernate.dialect.H2Dialect
2024-09-29 15:52:41.864  INFO 4186 --- [           main] j.LocalContainerEntityManagerFactoryBean : Initialized JPA EntityManagerFactory for persistence unit 'default'
2024-09-29 15:52:43.466  WARN 4186 --- [           main] aWebConfiguration$JpaWebMvcConfiguration : spring.jpa.open-in-view is enabled by default. Therefore, database queries may be performed during view rendering. Explicitly configure spring.jpa.open-in-view to disable this warning
2024-09-29 15:52:43.715  INFO 4186 --- [           main] o.s.s.web.DefaultSecurityFilterChain     : Creating filter chain: any request, [org.springframework.security.web.context.request.async.WebAsyncManagerIntegrationFilter@176e839e, org.springframework.security.web.context.SecurityContextPersistenceFilter@626766fd, org.springframework.security.web.header.HeaderWriterFilter@aa794a3, org.springframework.web.filter.CorsFilter@4ac0d49, org.springframework.security.web.authentication.logout.LogoutFilter@141229f6, com.example.demo.security.JWTAuthenticationFilter@7c6ab057, com.example.demo.security.JWTAuthenticationVerficationFilter@7ce4498f, org.springframework.security.web.savedrequest.RequestCacheAwareFilter@691eb389, org.springframework.security.web.servletapi.SecurityContextHolderAwareRequestFilter@49bc71b4, org.springframework.security.web.authentication.AnonymousAuthenticationFilter@1f7557fe, org.springframework.security.web.session.SessionManagementFilter@22cb8e5f, org.springframework.security.web.access.ExceptionTranslationFilter@a926db4, org.springframework.security.web.access.intercept.FilterSecurityInterceptor@291028d7]
2024-09-29 15:52:44.463  INFO 4186 --- [           main] o.s.s.concurrent.ThreadPoolTaskExecutor  : Initializing ExecutorService 'applicationTaskExecutor'
2024-09-29 15:52:44.946  INFO 4186 --- [           main] c.example.demo.SareetaApplicationTests   : Started SareetaApplicationTests in 10.106 seconds (JVM running for 12.192)
[INFO] Tests run: 1, Failures: 0, Errors: 0, Skipped: 0, Time elapsed: 11.343 s - in com.example.demo.SareetaApplicationTests
[INFO] Running com.example.demo.controllers.ItemControllerTest
2024-09-29 15:52:45.402  INFO 4186 --- [           main] c.e.demo.controllers.ItemController      : Get items with name: Item
2024-09-29 15:52:45.418  INFO 4186 --- [           main] c.e.demo.controllers.ItemController      : Get items with ID: 0
2024-09-29 15:52:45.427  INFO 4186 --- [           main] c.e.demo.controllers.ItemController      : Get items with ID: 1
2024-09-29 15:52:45.429  INFO 4186 --- [           main] c.e.demo.controllers.ItemController      : Get items with name: testNotExist
2024-09-29 15:52:45.434  INFO 4186 --- [           main] c.e.demo.controllers.ItemController      : Get all items
[INFO] Tests run: 5, Failures: 0, Errors: 0, Skipped: 0, Time elapsed: 0.195 s - in com.example.demo.controllers.ItemControllerTest
[INFO] Running com.example.demo.controllers.OrderControllerTest
2024-09-29 15:52:45.607  INFO 4186 --- [           main] c.e.demo.controllers.OrderController     : Username testUser order
2024-09-29 15:52:45.611 ERROR 4186 --- [           main] c.e.demo.controllers.OrderController     : Username testUser not exist to order
2024-09-29 15:52:45.611  INFO 4186 --- [           main] c.e.demo.controllers.OrderController     : Username testUser order
2024-09-29 15:52:45.615  INFO 4186 --- [           main] c.e.demo.controllers.OrderController     : Username testUser order OK
2024-09-29 15:52:45.615  INFO 4186 --- [           main] c.e.demo.controllers.OrderController     : testUser end order
2024-09-29 15:52:45.616 ERROR 4186 --- [           main] c.e.demo.controllers.OrderController     : Username testUser not exist to order
[INFO] Tests run: 4, Failures: 0, Errors: 0, Skipped: 0, Time elapsed: 0.166 s - in com.example.demo.controllers.OrderControllerTest
[INFO] Running com.example.demo.controllers.UserControllerTest
2024-09-29 15:52:45.729  INFO 4186 --- [           main] c.e.demo.controllers.UserController      : Find user with name: testUser
2024-09-29 15:52:45.730  INFO 4186 --- [           main] c.e.demo.controllers.UserController      : Find user with Id: 1
2024-09-29 15:52:45.739  INFO 4186 --- [           main] c.e.demo.controllers.UserController      : Begin create user with name: testUser1
2024-09-29 15:52:45.739 ERROR 4186 --- [           main] c.e.demo.controllers.UserController      : Password less 7 characters
2024-09-29 15:52:45.750  INFO 4186 --- [           main] c.e.demo.controllers.UserController      : Find user with Id: 0
2024-09-29 15:52:45.751  INFO 4186 --- [           main] c.e.demo.controllers.UserController      : Begin create user with name: testUser
2024-09-29 15:52:45.751 ERROR 4186 --- [           main] c.e.demo.controllers.UserController      : Confirm password not mapping
2024-09-29 15:52:45.753  INFO 4186 --- [           main] c.e.demo.controllers.UserController      : Begin create user with name: testUser
2024-09-29 15:52:45.753 ERROR 4186 --- [           main] c.e.demo.controllers.UserController      : Username testUser exist
2024-09-29 15:52:45.756  INFO 4186 --- [           main] c.e.demo.controllers.UserController      : Begin create user with name: testUser
2024-09-29 15:52:45.765  INFO 4186 --- [           main] c.e.demo.controllers.UserController      : Created user testUser OK
2024-09-29 15:52:45.766  INFO 4186 --- [           main] c.e.demo.controllers.UserController      : Find user with name: testUser
[INFO] Tests run: 8, Failures: 0, Errors: 0, Skipped: 0, Time elapsed: 0.136 s - in com.example.demo.controllers.UserControllerTest
[INFO] Running com.example.demo.controllers.CartControllerTest
2024-09-29 15:52:45.772  INFO 4186 --- [           main] c.e.demo.controllers.CartController      : Start add item to cart
2024-09-29 15:52:45.773  INFO 4186 --- [           main] c.e.demo.controllers.CartController      : Add cart to username: testUser
2024-09-29 15:52:45.773 ERROR 4186 --- [           main] c.e.demo.controllers.CartController      : Username testUser not available to add cart
2024-09-29 15:52:45.774  INFO 4186 --- [           main] c.e.demo.controllers.CartController      : Start add item to cart
2024-09-29 15:52:45.774  INFO 4186 --- [           main] c.e.demo.controllers.CartController      : Add cart to username: testUser
2024-09-29 15:52:45.775  INFO 4186 --- [           main] c.e.demo.controllers.CartController      : End add item to cart
2024-09-29 15:52:45.778  INFO 4186 --- [           main] c.e.demo.controllers.CartController      : Start remove item in cart
2024-09-29 15:52:45.778  INFO 4186 --- [           main] c.e.demo.controllers.CartController      : Remove cart to username: testUser
2024-09-29 15:52:45.779 ERROR 4186 --- [           main] c.e.demo.controllers.CartController      : Username testUser not available to remove cart
2024-09-29 15:52:45.785  INFO 4186 --- [           main] c.e.demo.controllers.CartController      : Start add item to cart
2024-09-29 15:52:45.786  INFO 4186 --- [           main] c.e.demo.controllers.CartController      : Add cart to username: testUser
2024-09-29 15:52:45.786 ERROR 4186 --- [           main] c.e.demo.controllers.CartController      : item 1 not available to add cart
2024-09-29 15:52:45.786  INFO 4186 --- [           main] c.e.demo.controllers.CartController      : Start remove item in cart
2024-09-29 15:52:45.787  INFO 4186 --- [           main] c.e.demo.controllers.CartController      : Remove cart to username: testUser
2024-09-29 15:52:45.787 ERROR 4186 --- [           main] c.e.demo.controllers.CartController      : Item 1 not available to remove cart
2024-09-29 15:52:45.789  INFO 4186 --- [           main] c.e.demo.controllers.CartController      : Start add item to cart
2024-09-29 15:52:45.790  INFO 4186 --- [           main] c.e.demo.controllers.CartController      : Add cart to username: testUser
2024-09-29 15:52:45.793  INFO 4186 --- [           main] c.e.demo.controllers.CartController      : End add item to cart
2024-09-29 15:52:45.793  INFO 4186 --- [           main] c.e.demo.controllers.CartController      : Start remove item in cart
2024-09-29 15:52:45.793  INFO 4186 --- [           main] c.e.demo.controllers.CartController      : Remove cart to username: testUser
2024-09-29 15:52:45.794  INFO 4186 --- [           main] c.e.demo.controllers.CartController      : End remove item in cart
[INFO] Tests run: 6, Failures: 0, Errors: 0, Skipped: 0, Time elapsed: 0.024 s - in com.example.demo.controllers.CartControllerTest
2024-09-29 15:52:45.822  INFO 4186 --- [       Thread-2] o.s.s.concurrent.ThreadPoolTaskExecutor  : Shutting down ExecutorService 'applicationTaskExecutor'
2024-09-29 15:52:45.831  INFO 4186 --- [       Thread-2] j.LocalContainerEntityManagerFactoryBean : Closing JPA EntityManagerFactory for persistence unit 'default'
2024-09-29 15:52:45.836  INFO 4186 --- [       Thread-2] com.zaxxer.hikari.HikariDataSource       : HikariPool-1 - Shutdown initiated...
2024-09-29 15:52:45.843  INFO 4186 --- [       Thread-2] com.zaxxer.hikari.HikariDataSource       : HikariPool-1 - Shutdown completed.
[INFO] 
[INFO] Results:
[INFO] 
[INFO] Tests run: 24, Failures: 0, Errors: 0, Skipped: 0
[INFO] 
[INFO] 
[INFO] --- maven-war-plugin:3.2.2:war (default-war) @ auth-course ---
Downloading from central: https://repo.maven.apache.org/maven2/org/apache/maven/maven-archiver/3.2.0/maven-archiver-3.2.0.pom
Progress (1): 2.8/4.3 kBProgress (1): 4.3 kB                        Downloaded from central: https://repo.maven.apache.org/maven2/org/apache/maven/maven-archiver/3.2.0/maven-archiver-3.2.0.pom (4.3 kB at 9.6 kB/s)
Downloading from central: https://repo.maven.apache.org/maven2/org/apache/maven/shared/maven-shared-utils/3.2.0/maven-shared-utils-3.2.0.pom
Progress (1): 2.8/4.9 kBProgress (1): 4.9 kB                        Downloaded from central: https://repo.maven.apache.org/maven2/org/apache/maven/shared/maven-shared-utils/3.2.0/maven-shared-utils-3.2.0.pom (4.9 kB at 196 kB/s)
Downloading from central: https://repo.maven.apache.org/maven2/org/codehaus/plexus/plexus-archiver/3.5/plexus-archiver-3.5.pom
Progress (1): 2.8/4.8 kBProgress (1): 4.8 kB                        Downloaded from central: https://repo.maven.apache.org/maven2/org/codehaus/plexus/plexus-archiver/3.5/plexus-archiver-3.5.pom (4.8 kB at 229 kB/s)
Downloading from central: https://repo.maven.apache.org/maven2/org/codehaus/plexus/plexus/5.0/plexus-5.0.pom
Progress (1): 2.8/21 kBProgress (1): 5.5/21 kBProgress (1): 8.3/21 kBProgress (1): 11/21 kB Progress (1): 14/21 kBProgress (1): 17/21 kBProgress (1): 19/21 kBProgress (1): 21 kB                      Downloaded from central: https://repo.maven.apache.org/maven2/org/codehaus/plexus/plexus/5.0/plexus-5.0.pom (21 kB at 1.1 MB/s)
Downloading from central: https://repo.maven.apache.org/maven2/org/codehaus/plexus/plexus-io/3.0.0/plexus-io-3.0.0.pom
Progress (1): 2.8/4.5 kBProgress (1): 4.5 kB                        Downloaded from central: https://repo.maven.apache.org/maven2/org/codehaus/plexus/plexus-io/3.0.0/plexus-io-3.0.0.pom (4.5 kB at 455 kB/s)
Downloading from central: https://repo.maven.apache.org/maven2/org/apache/commons/commons-compress/1.14/commons-compress-1.14.pom
Progress (1): 2.8/13 kBProgress (1): 5.5/13 kBProgress (1): 8.3/13 kBProgress (1): 11/13 kB Progress (1): 13 kB                      Downloaded from central: https://repo.maven.apache.org/maven2/org/apache/commons/commons-compress/1.14/commons-compress-1.14.pom (13 kB at 1.1 MB/s)
Downloading from central: https://repo.maven.apache.org/maven2/org/iq80/snappy/snappy/0.4/snappy-0.4.pom
Progress (1): 4.1/15 kBProgress (1): 8.2/15 kBProgress (1): 12/15 kB Progress (1): 15 kB                      Downloaded from central: https://repo.maven.apache.org/maven2/org/iq80/snappy/snappy/0.4/snappy-0.4.pom (15 kB at 1.1 MB/s)
Downloading from central: https://repo.maven.apache.org/maven2/org/tukaani/xz/1.6/xz-1.6.pom
Progress (1): 1.9 kB                    Downloaded from central: https://repo.maven.apache.org/maven2/org/tukaani/xz/1.6/xz-1.6.pom (1.9 kB at 212 kB/s)
Downloading from central: https://repo.maven.apache.org/maven2/org/codehaus/plexus/plexus-archiver/3.6.0/plexus-archiver-3.6.0.pom
Progress (1): 4.1/4.8 kBProgress (1): 4.8 kB                        Downloaded from central: https://repo.maven.apache.org/maven2/org/codehaus/plexus/plexus-archiver/3.6.0/plexus-archiver-3.6.0.pom (4.8 kB at 602 kB/s)
Downloading from central: https://repo.maven.apache.org/maven2/org/codehaus/plexus/plexus-io/3.0.1/plexus-io-3.0.1.pom
Progress (1): 4.1/4.5 kBProgress (1): 4.5 kB                        Downloaded from central: https://repo.maven.apache.org/maven2/org/codehaus/plexus/plexus-io/3.0.1/plexus-io-3.0.1.pom (4.5 kB at 325 kB/s)
Downloading from central: https://repo.maven.apache.org/maven2/commons-io/commons-io/2.6/commons-io-2.6.pom
Progress (1): 4.1/14 kBProgress (1): 8.2/14 kBProgress (1): 12/14 kB Progress (1): 14 kB                      Downloaded from central: https://repo.maven.apache.org/maven2/commons-io/commons-io/2.6/commons-io-2.6.pom (14 kB at 1.1 MB/s)
Downloading from central: https://repo.maven.apache.org/maven2/org/apache/commons/commons-compress/1.16.1/commons-compress-1.16.1.pom
Progress (1): 4.1/16 kBProgress (1): 8.2/16 kBProgress (1): 12/16 kB Progress (1): 16 kB                      Downloaded from central: https://repo.maven.apache.org/maven2/org/apache/commons/commons-compress/1.16.1/commons-compress-1.16.1.pom (16 kB at 1.7 MB/s)
Downloading from central: https://repo.maven.apache.org/maven2/org/apache/commons/commons-parent/43/commons-parent-43.pom
Progress (1): 4.1/70 kBProgress (1): 8.2/70 kBProgress (1): 12/70 kB Progress (1): 16/70 kBProgress (1): 20/70 kBProgress (1): 25/70 kBProgress (1): 29/70 kBProgress (1): 33/70 kBProgress (1): 37/70 kBProgress (1): 41/70 kBProgress (1): 45/70 kBProgress (1): 49/70 kBProgress (1): 53/70 kBProgress (1): 57/70 kBProgress (1): 61/70 kBProgress (1): 66/70 kBProgress (1): 70/70 kBProgress (1): 70 kB                      Downloaded from central: https://repo.maven.apache.org/maven2/org/apache/commons/commons-parent/43/commons-parent-43.pom (70 kB at 3.0 MB/s)
Downloading from central: https://repo.maven.apache.org/maven2/org/tukaani/xz/1.8/xz-1.8.pom
Progress (1): 1.9 kB                    Downloaded from central: https://repo.maven.apache.org/maven2/org/tukaani/xz/1.8/xz-1.8.pom (1.9 kB at 238 kB/s)
Downloading from central: https://repo.maven.apache.org/maven2/org/codehaus/plexus/plexus-interpolation/1.25/plexus-interpolation-1.25.pom
Progress (1): 2.6 kB                    Downloaded from central: https://repo.maven.apache.org/maven2/org/codehaus/plexus/plexus-interpolation/1.25/plexus-interpolation-1.25.pom (2.6 kB at 265 kB/s)
Downloading from central: https://repo.maven.apache.org/maven2/org/codehaus/plexus/plexus/5.1/plexus-5.1.pom
Progress (1): 4.1/23 kBProgress (1): 8.2/23 kBProgress (1): 12/23 kB Progress (1): 16/23 kBProgress (1): 20/23 kBProgress (1): 23 kB                      Downloaded from central: https://repo.maven.apache.org/maven2/org/codehaus/plexus/plexus/5.1/plexus-5.1.pom (23 kB at 1.9 MB/s)
Downloading from central: https://repo.maven.apache.org/maven2/com/thoughtworks/xstream/xstream/1.4.10/xstream-1.4.10.pom
Progress (1): 4.1/15 kBProgress (1): 8.2/15 kBProgress (1): 12/15 kB Progress (1): 15 kB                      Downloaded from central: https://repo.maven.apache.org/maven2/com/thoughtworks/xstream/xstream/1.4.10/xstream-1.4.10.pom (15 kB at 1.3 MB/s)
Downloading from central: https://repo.maven.apache.org/maven2/com/thoughtworks/xstream/xstream-parent/1.4.10/xstream-parent-1.4.10.pom
Progress (1): 4.1/35 kBProgress (1): 8.2/35 kBProgress (1): 12/35 kB Progress (1): 16/35 kBProgress (1): 20/35 kBProgress (1): 25/35 kBProgress (1): 29/35 kBProgress (1): 33/35 kBProgress (1): 35 kB                      Downloaded from central: https://repo.maven.apache.org/maven2/com/thoughtworks/xstream/xstream-parent/1.4.10/xstream-parent-1.4.10.pom (35 kB at 2.4 MB/s)
Downloading from central: https://repo.maven.apache.org/maven2/xmlpull/xmlpull/1.1.3.1/xmlpull-1.1.3.1.pom
Progress (1): 386 B                   Downloaded from central: https://repo.maven.apache.org/maven2/xmlpull/xmlpull/1.1.3.1/xmlpull-1.1.3.1.pom (386 B at 30 kB/s)
Downloading from central: https://repo.maven.apache.org/maven2/xpp3/xpp3_min/1.1.4c/xpp3_min-1.1.4c.pom
Progress (1): 1.6 kB                    Downloaded from central: https://repo.maven.apache.org/maven2/xpp3/xpp3_min/1.1.4c/xpp3_min-1.1.4c.pom (1.6 kB at 179 kB/s)
Downloading from central: https://repo.maven.apache.org/maven2/org/apache/maven/shared/maven-mapping/3.0.0/maven-mapping-3.0.0.pom
Progress (1): 4.1/4.1 kBProgress (1): 4.1 kB                        Downloaded from central: https://repo.maven.apache.org/maven2/org/apache/maven/shared/maven-mapping/3.0.0/maven-mapping-3.0.0.pom (4.1 kB at 517 kB/s)
Downloading from central: https://repo.maven.apache.org/maven2/org/apache/maven/shared/maven-shared-components/22/maven-shared-components-22.pom
Progress (1): 4.1/5.1 kBProgress (1): 5.1 kB                        Downloaded from central: https://repo.maven.apache.org/maven2/org/apache/maven/shared/maven-shared-components/22/maven-shared-components-22.pom (5.1 kB at 511 kB/s)
Downloading from central: https://repo.maven.apache.org/maven2/org/apache/maven/maven-parent/27/maven-parent-27.pom
Progress (1): 4.1/41 kBProgress (1): 8.2/41 kBProgress (1): 12/41 kB Progress (1): 16/41 kBProgress (1): 20/41 kBProgress (1): 24/41 kBProgress (1): 28/41 kBProgress (1): 32/41 kBProgress (1): 36/41 kBProgress (1): 40/41 kBProgress (1): 41 kB                      Downloaded from central: https://repo.maven.apache.org/maven2/org/apache/maven/maven-parent/27/maven-parent-27.pom (41 kB at 3.7 MB/s)
Downloading from central: https://repo.maven.apache.org/maven2/org/apache/apache/17/apache-17.pom
Progress (1): 4.1/16 kBProgress (1): 8.2/16 kBProgress (1): 12/16 kB Progress (1): 16/16 kBProgress (1): 16 kB                      Downloaded from central: https://repo.maven.apache.org/maven2/org/apache/apache/17/apache-17.pom (16 kB at 1.8 MB/s)
Downloading from central: https://repo.maven.apache.org/maven2/org/codehaus/plexus/plexus-interpolation/1.21/plexus-interpolation-1.21.pom
Progress (1): 1.5 kB                    Downloaded from central: https://repo.maven.apache.org/maven2/org/codehaus/plexus/plexus-interpolation/1.21/plexus-interpolation-1.21.pom (1.5 kB at 257 kB/s)
Downloading from central: https://repo.maven.apache.org/maven2/org/apache/maven/maven-archiver/3.2.0/maven-archiver-3.2.0.jar
Downloading from central: https://repo.maven.apache.org/maven2/org/apache/maven/shared/maven-shared-utils/3.2.0/maven-shared-utils-3.2.0.jar
Downloading from central: https://repo.maven.apache.org/maven2/org/codehaus/plexus/plexus-archiver/3.6.0/plexus-archiver-3.6.0.jar
Downloading from central: https://repo.maven.apache.org/maven2/org/codehaus/plexus/plexus-io/3.0.1/plexus-io-3.0.1.jar
Progress (1): 4.1/24 kBProgress (1): 8.2/24 kBProgress (1): 12/24 kB Progress (1): 16/24 kBProgress (1): 20/24 kBProgress (1): 24 kB                      Downloading from central: https://repo.maven.apache.org/maven2/org/apache/commons/commons-compress/1.16.1/commons-compress-1.16.1.jar
Progress (2): 24 kB | 4.1/560 kBProgress (2): 24 kB | 8.2/560 kBProgress (2): 24 kB | 12/560 kB Progress (2): 24 kB | 16/560 kBProgress (2): 24 kB | 20/560 kBProgress (2): 24 kB | 25/560 kBProgress (2): 24 kB | 29/560 kBProgress (2): 24 kB | 33/560 kBProgress (2): 24 kB | 37/560 kBProgress (2): 24 kB | 41/560 kBProgress (2): 24 kB | 45/560 kBProgress (2): 24 kB | 49/560 kBProgress (3): 24 kB | 49/560 kB | 2.8/165 kBProgress (3): 24 kB | 49/560 kB | 5.5/165 kBProgress (3): 24 kB | 49/560 kB | 8.3/165 kBProgress (3): 24 kB | 49/560 kB | 11/165 kB Progress (3): 24 kB | 49/560 kB | 14/165 kBProgress (4): 24 kB | 49/560 kB | 14/165 kB | 2.8/191 kBProgress (4): 24 kB | 49/560 kB | 14/165 kB | 5.5/191 kBProgress (4): 24 kB | 49/560 kB | 14/165 kB | 8.3/191 kBProgress (4): 24 kB | 49/560 kB | 14/165 kB | 11/191 kB Progress (5): 24 kB | 49/560 kB | 14/165 kB | 11/191 kB | 4.1/74 kBProgress (5): 24 kB | 49/560 kB | 14/165 kB | 11/191 kB | 8.2/74 kBProgress (5): 24 kB | 49/560 kB | 14/165 kB | 11/191 kB | 12/74 kB Progress (5): 24 kB | 49/560 kB | 14/165 kB | 11/191 kB | 16/74 kBProgress (5): 24 kB | 49/560 kB | 16/165 kB | 11/191 kB | 16/74 kBProgress (5): 24 kB | 49/560 kB | 19/165 kB | 11/191 kB | 16/74 kBProgress (5): 24 kB | 49/560 kB | 22/165 kB | 11/191 kB | 16/74 kBProgress (5): 24 kB | 49/560 kB | 25/165 kB | 11/191 kB | 16/74 kBProgress (5): 24 kB | 49/560 kB | 27/165 kB | 11/191 kB | 16/74 kB                                                                  Downloaded from central: https://repo.maven.apache.org/maven2/org/apache/maven/maven-archiver/3.2.0/maven-archiver-3.2.0.jar (24 kB at 334 kB/s)
Progress (4): 49/560 kB | 27/165 kB | 11/191 kB | 20/74 kBProgress (4): 49/560 kB | 27/165 kB | 11/191 kB | 25/74 kBProgress (4): 49/560 kB | 27/165 kB | 11/191 kB | 29/74 kBProgress (4): 49/560 kB | 27/165 kB | 11/191 kB | 33/74 kBProgress (4): 49/560 kB | 27/165 kB | 11/191 kB | 37/74 kBProgress (4): 49/560 kB | 27/165 kB | 11/191 kB | 41/74 kBProgress (4): 49/560 kB | 27/165 kB | 11/191 kB | 45/74 kBProgress (4): 53/560 kB | 27/165 kB | 11/191 kB | 45/74 kBProgress (4): 57/560 kB | 27/165 kB | 11/191 kB | 45/74 kBProgress (4): 57/560 kB | 27/165 kB | 14/191 kB | 45/74 kBProgress (4): 57/560 kB | 27/165 kB | 16/191 kB | 45/74 kBProgress (4): 57/560 kB | 27/165 kB | 20/191 kB | 45/74 kBProgress (4): 57/560 kB | 27/165 kB | 24/191 kB | 45/74 kBProgress (4): 57/560 kB | 27/165 kB | 28/191 kB | 45/74 kBProgress (4): 57/560 kB | 27/165 kB | 32/191 kB | 45/74 kBProgress (4): 57/560 kB | 27/165 kB | 36/191 kB | 45/74 kBProgress (4): 57/560 kB | 27/165 kB | 40/191 kB | 45/74 kBProgress (4): 57/560 kB | 27/165 kB | 45/191 kB | 45/74 kBProgress (4): 57/560 kB | 27/165 kB | 49/191 kB | 45/74 kBProgress (4): 57/560 kB | 30/165 kB | 49/191 kB | 45/74 kB                                                          Downloading from central: https://repo.maven.apache.org/maven2/org/iq80/snappy/snappy/0.4/snappy-0.4.jar
Progress (4): 57/560 kB | 33/165 kB | 49/191 kB | 45/74 kBProgress (4): 57/560 kB | 36/165 kB | 49/191 kB | 45/74 kBProgress (4): 57/560 kB | 38/165 kB | 49/191 kB | 45/74 kBProgress (4): 57/560 kB | 41/165 kB | 49/191 kB | 45/74 kBProgress (4): 57/560 kB | 41/165 kB | 49/191 kB | 49/74 kBProgress (4): 61/560 kB | 41/165 kB | 49/191 kB | 49/74 kBProgress (4): 66/560 kB | 41/165 kB | 49/191 kB | 49/74 kBProgress (4): 70/560 kB | 41/165 kB | 49/191 kB | 49/74 kBProgress (4): 74/560 kB | 41/165 kB | 49/191 kB | 49/74 kBProgress (4): 78/560 kB | 41/165 kB | 49/191 kB | 49/74 kBProgress (4): 82/560 kB | 41/165 kB | 49/191 kB | 49/74 kBProgress (5): 82/560 kB | 41/165 kB | 49/191 kB | 49/74 kB | 2.8/58 kBProgress (5): 82/560 kB | 41/165 kB | 49/191 kB | 49/74 kB | 5.5/58 kBProgress (5): 82/560 kB | 41/165 kB | 49/191 kB | 49/74 kB | 8.3/58 kBProgress (5): 82/560 kB | 41/165 kB | 49/191 kB | 49/74 kB | 11/58 kB Progress (5): 82/560 kB | 41/165 kB | 49/191 kB | 49/74 kB | 14/58 kBProgress (5): 82/560 kB | 41/165 kB | 49/191 kB | 49/74 kB | 17/58 kBProgress (5): 82/560 kB | 41/165 kB | 49/191 kB | 49/74 kB | 19/58 kBProgress (5): 82/560 kB | 41/165 kB | 49/191 kB | 49/74 kB | 22/58 kBProgress (5): 82/560 kB | 41/165 kB | 49/191 kB | 53/74 kB | 22/58 kBProgress (5): 82/560 kB | 41/165 kB | 49/191 kB | 57/74 kB | 22/58 kBProgress (5): 82/560 kB | 41/165 kB | 49/191 kB | 61/74 kB | 22/58 kBProgress (5): 82/560 kB | 41/165 kB | 49/191 kB | 66/74 kB | 22/58 kBProgress (5): 82/560 kB | 41/165 kB | 49/191 kB | 70/74 kB | 22/58 kBProgress (5): 82/560 kB | 41/165 kB | 49/191 kB | 74/74 kB | 22/58 kBProgress (5): 82/560 kB | 41/165 kB | 49/191 kB | 74 kB | 22/58 kB   Progress (5): 86/560 kB | 41/165 kB | 49/191 kB | 74 kB | 22/58 kBProgress (5): 90/560 kB | 41/165 kB | 49/191 kB | 74 kB | 22/58 kBProgress (5): 94/560 kB | 41/165 kB | 49/191 kB | 74 kB | 22/58 kBProgress (5): 98/560 kB | 41/165 kB | 49/191 kB | 74 kB | 22/58 kBProgress (5): 98/560 kB | 44/165 kB | 49/191 kB | 74 kB | 22/58 kBProgress (5): 98/560 kB | 47/165 kB | 49/191 kB | 74 kB | 22/58 kBProgress (5): 98/560 kB | 49/165 kB | 49/191 kB | 74 kB | 22/58 kBProgress (5): 98/560 kB | 52/165 kB | 49/191 kB | 74 kB | 22/58 kBProgress (5): 98/560 kB | 55/165 kB | 49/191 kB | 74 kB | 22/58 kBProgress (5): 98/560 kB | 58/165 kB | 49/191 kB | 74 kB | 22/58 kBProgress (5): 98/560 kB | 61/165 kB | 49/191 kB | 74 kB | 22/58 kBProgress (5): 98/560 kB | 63/165 kB | 49/191 kB | 74 kB | 22/58 kBProgress (5): 98/560 kB | 67/165 kB | 49/191 kB | 74 kB | 22/58 kB                                                                  Downloaded from central: https://repo.maven.apache.org/maven2/org/codehaus/plexus/plexus-io/3.0.1/plexus-io-3.0.1.jar (74 kB at 740 kB/s)
Progress (4): 98/560 kB | 67/165 kB | 49/191 kB | 25/58 kBProgress (4): 98/560 kB | 67/165 kB | 49/191 kB | 28/58 kBProgress (4): 98/560 kB | 67/165 kB | 49/191 kB | 30/58 kBProgress (4): 98/560 kB | 67/165 kB | 49/191 kB | 33/58 kBProgress (4): 98/560 kB | 67/165 kB | 49/191 kB | 36/58 kBProgress (4): 98/560 kB | 67/165 kB | 49/191 kB | 39/58 kBProgress (4): 98/560 kB | 67/165 kB | 49/191 kB | 41/58 kBProgress (4): 98/560 kB | 67/165 kB | 49/191 kB | 44/58 kBProgress (4): 98/560 kB | 67/165 kB | 49/191 kB | 47/58 kBProgress (4): 98/560 kB | 67/165 kB | 49/191 kB | 50/58 kBProgress (4): 98/560 kB | 67/165 kB | 49/191 kB | 52/58 kBProgress (4): 98/560 kB | 67/165 kB | 49/191 kB | 55/58 kBProgress (4): 98/560 kB | 67/165 kB | 49/191 kB | 58/58 kBProgress (4): 98/560 kB | 67/165 kB | 49/191 kB | 58 kB   Progress (4): 98/560 kB | 67/165 kB | 53/191 kB | 58 kBProgress (4): 98/560 kB | 67/165 kB | 57/191 kB | 58 kBProgress (4): 98/560 kB | 67/165 kB | 61/191 kB | 58 kBProgress (4): 98/560 kB | 67/165 kB | 65/191 kB | 58 kBProgress (4): 98/560 kB | 67/165 kB | 69/191 kB | 58 kBProgress (4): 98/560 kB | 67/165 kB | 73/191 kB | 58 kBProgress (4): 98/560 kB | 67/165 kB | 77/191 kB | 58 kBProgress (4): 98/560 kB | 67/165 kB | 81/191 kB | 58 kBProgress (4): 98/560 kB | 67/165 kB | 85/191 kB | 58 kBProgress (4): 98/560 kB | 67/165 kB | 90/191 kB | 58 kBProgress (4): 98/560 kB | 67/165 kB | 94/191 kB | 58 kBProgress (4): 98/560 kB | 67/165 kB | 98/191 kB | 58 kBProgress (4): 98/560 kB | 67/165 kB | 102/191 kB | 58 kBProgress (4): 98/560 kB | 67/165 kB | 106/191 kB | 58 kBProgress (4): 98/560 kB | 67/165 kB | 110/191 kB | 58 kBProgress (4): 98/560 kB | 67/165 kB | 114/191 kB | 58 kBProgress (4): 98/560 kB | 67/165 kB | 118/191 kB | 58 kBProgress (4): 98/560 kB | 67/165 kB | 122/191 kB | 58 kBProgress (4): 98/560 kB | 67/165 kB | 126/191 kB | 58 kBProgress (4): 98/560 kB | 67/165 kB | 131/191 kB | 58 kBProgress (4): 98/560 kB | 67/165 kB | 135/191 kB | 58 kBProgress (4): 98/560 kB | 67/165 kB | 139/191 kB | 58 kBProgress (4): 98/560 kB | 67/165 kB | 143/191 kB | 58 kBProgress (4): 98/560 kB | 67/165 kB | 147/191 kB | 58 kBProgress (4): 102/560 kB | 67/165 kB | 147/191 kB | 58 kBProgress (4): 106/560 kB | 67/165 kB | 147/191 kB | 58 kBProgress (4): 111/560 kB | 67/165 kB | 147/191 kB | 58 kBProgress (4): 115/560 kB | 67/165 kB | 147/191 kB | 58 kBProgress (4): 119/560 kB | 67/165 kB | 147/191 kB | 58 kBProgress (4): 123/560 kB | 67/165 kB | 147/191 kB | 58 kBProgress (4): 127/560 kB | 67/165 kB | 147/191 kB | 58 kBProgress (4): 131/560 kB | 67/165 kB | 147/191 kB | 58 kBProgress (4): 135/560 kB | 67/165 kB | 147/191 kB | 58 kBProgress (4): 139/560 kB | 67/165 kB | 147/191 kB | 58 kBProgress (4): 143/560 kB | 67/165 kB | 147/191 kB | 58 kBProgress (4): 147/560 kB | 67/165 kB | 147/191 kB | 58 kBProgress (4): 152/560 kB | 67/165 kB | 147/191 kB | 58 kBProgress (4): 152/560 kB | 71/165 kB | 147/191 kB | 58 kB                                                         Downloading from central: https://repo.maven.apache.org/maven2/org/tukaani/xz/1.8/xz-1.8.jar
Progress (4): 152/560 kB | 76/165 kB | 147/191 kB | 58 kBProgress (4): 152/560 kB | 80/165 kB | 147/191 kB | 58 kBProgress (4): 152/560 kB | 84/165 kB | 147/191 kB | 58 kBProgress (4): 152/560 kB | 88/165 kB | 147/191 kB | 58 kBProgress (4): 152/560 kB | 92/165 kB | 147/191 kB | 58 kBProgress (4): 152/560 kB | 96/165 kB | 147/191 kB | 58 kBProgress (4): 152/560 kB | 100/165 kB | 147/191 kB | 58 kBProgress (4): 152/560 kB | 104/165 kB | 147/191 kB | 58 kBProgress (4): 152/560 kB | 108/165 kB | 147/191 kB | 58 kBProgress (4): 152/560 kB | 112/165 kB | 147/191 kB | 58 kBProgress (4): 152/560 kB | 116/165 kB | 147/191 kB | 58 kBProgress (4): 152/560 kB | 121/165 kB | 147/191 kB | 58 kBProgress (4): 152/560 kB | 125/165 kB | 147/191 kB | 58 kBProgress (4): 152/560 kB | 129/165 kB | 147/191 kB | 58 kBProgress (4): 152/560 kB | 133/165 kB | 147/191 kB | 58 kBProgress (4): 152/560 kB | 137/165 kB | 147/191 kB | 58 kBProgress (4): 152/560 kB | 141/165 kB | 147/191 kB | 58 kBProgress (4): 152/560 kB | 145/165 kB | 147/191 kB | 58 kBProgress (4): 152/560 kB | 149/165 kB | 147/191 kB | 58 kBProgress (4): 152/560 kB | 153/165 kB | 147/191 kB | 58 kBProgress (4): 152/560 kB | 157/165 kB | 147/191 kB | 58 kBProgress (4): 152/560 kB | 162/165 kB | 147/191 kB | 58 kBProgress (4): 156/560 kB | 162/165 kB | 147/191 kB | 58 kBProgress (4): 160/560 kB | 162/165 kB | 147/191 kB | 58 kBProgress (4): 164/560 kB | 162/165 kB | 147/191 kB | 58 kBProgress (4): 168/560 kB | 162/165 kB | 147/191 kB | 58 kBProgress (4): 172/560 kB | 162/165 kB | 147/191 kB | 58 kBProgress (4): 176/560 kB | 162/165 kB | 147/191 kB | 58 kBProgress (4): 180/560 kB | 162/165 kB | 147/191 kB | 58 kBProgress (4): 184/560 kB | 162/165 kB | 147/191 kB | 58 kBProgress (4): 188/560 kB | 162/165 kB | 147/191 kB | 58 kBProgress (4): 193/560 kB | 162/165 kB | 147/191 kB | 58 kBProgress (4): 197/560 kB | 162/165 kB | 147/191 kB | 58 kB                                                          Downloaded from central: https://repo.maven.apache.org/maven2/org/iq80/snappy/snappy/0.4/snappy-0.4.jar (58 kB at 436 kB/s)
Downloading from central: https://repo.maven.apache.org/maven2/org/codehaus/plexus/plexus-interpolation/1.25/plexus-interpolation-1.25.jar
Progress (3): 197/560 kB | 162/165 kB | 151/191 kBProgress (3): 197/560 kB | 162/165 kB | 155/191 kBProgress (3): 197/560 kB | 162/165 kB | 159/191 kBProgress (3): 197/560 kB | 162/165 kB | 163/191 kBProgress (3): 197/560 kB | 162/165 kB | 167/191 kBProgress (3): 197/560 kB | 162/165 kB | 172/191 kBProgress (3): 197/560 kB | 162/165 kB | 176/191 kBProgress (3): 197/560 kB | 162/165 kB | 180/191 kBProgress (4): 197/560 kB | 162/165 kB | 180/191 kB | 4.1/109 kBProgress (4): 197/560 kB | 162/165 kB | 180/191 kB | 8.2/109 kBProgress (4): 197/560 kB | 162/165 kB | 180/191 kB | 12/109 kB Progress (4): 197/560 kB | 162/165 kB | 180/191 kB | 16/109 kBProgress (4): 197/560 kB | 162/165 kB | 180/191 kB | 20/109 kBProgress (4): 197/560 kB | 162/165 kB | 180/191 kB | 25/109 kBProgress (4): 197/560 kB | 162/165 kB | 180/191 kB | 29/109 kBProgress (4): 197/560 kB | 162/165 kB | 180/191 kB | 33/109 kBProgress (4): 197/560 kB | 162/165 kB | 184/191 kB | 33/109 kBProgress (4): 197/560 kB | 162/165 kB | 188/191 kB | 33/109 kBProgress (4): 197/560 kB | 162/165 kB | 191 kB | 33/109 kB    Progress (4): 201/560 kB | 162/165 kB | 191 kB | 33/109 kBProgress (4): 205/560 kB | 162/165 kB | 191 kB | 33/109 kBProgress (5): 205/560 kB | 162/165 kB | 191 kB | 33/109 kB | 4.1/85 kBProgress (5): 205/560 kB | 162/165 kB | 191 kB | 33/109 kB | 8.2/85 kBProgress (5): 205/560 kB | 162/165 kB | 191 kB | 33/109 kB | 12/85 kB Progress (5): 205/560 kB | 162/165 kB | 191 kB | 33/109 kB | 16/85 kBProgress (5): 209/560 kB | 162/165 kB | 191 kB | 33/109 kB | 16/85 kBProgress (5): 213/560 kB | 162/165 kB | 191 kB | 33/109 kB | 16/85 kBProgress (5): 217/560 kB | 162/165 kB | 191 kB | 33/109 kB | 16/85 kBProgress (5): 221/560 kB | 162/165 kB | 191 kB | 33/109 kB | 16/85 kBProgress (5): 225/560 kB | 162/165 kB | 191 kB | 33/109 kB | 16/85 kBProgress (5): 225/560 kB | 162/165 kB | 191 kB | 33/109 kB | 20/85 kBProgress (5): 225/560 kB | 162/165 kB | 191 kB | 33/109 kB | 24/85 kBProgress (5): 225/560 kB | 162/165 kB | 191 kB | 33/109 kB | 28/85 kBProgress (5): 225/560 kB | 162/165 kB | 191 kB | 33/109 kB | 32/85 kBProgress (5): 225/560 kB | 162/165 kB | 191 kB | 33/109 kB | 36/85 kBProgress (5): 225/560 kB | 162/165 kB | 191 kB | 33/109 kB | 40/85 kBProgress (5): 225/560 kB | 162/165 kB | 191 kB | 37/109 kB | 40/85 kBProgress (5): 225/560 kB | 162/165 kB | 191 kB | 41/109 kB | 40/85 kBProgress (5): 225/560 kB | 162/165 kB | 191 kB | 45/109 kB | 40/85 kBProgress (5): 225/560 kB | 162/165 kB | 191 kB | 49/109 kB | 40/85 kBProgress (5): 225/560 kB | 162/165 kB | 191 kB | 53/109 kB | 40/85 kBProgress (5): 225/560 kB | 162/165 kB | 191 kB | 57/109 kB | 40/85 kBProgress (5): 225/560 kB | 162/165 kB | 191 kB | 61/109 kB | 40/85 kBProgress (5): 225/560 kB | 162/165 kB | 191 kB | 66/109 kB | 40/85 kBProgress (5): 225/560 kB | 162/165 kB | 191 kB | 70/109 kB | 40/85 kBProgress (5): 229/560 kB | 162/165 kB | 191 kB | 70/109 kB | 40/85 kB                                                                     Downloaded from central: https://repo.maven.apache.org/maven2/org/codehaus/plexus/plexus-archiver/3.6.0/plexus-archiver-3.6.0.jar (191 kB at 1.1 MB/s)
Downloading from central: https://repo.maven.apache.org/maven2/com/thoughtworks/xstream/xstream/1.4.10/xstream-1.4.10.jar
Progress (4): 229/560 kB | 165 kB | 70/109 kB | 40/85 kBProgress (4): 229/560 kB | 165 kB | 70/109 kB | 45/85 kBProgress (4): 229/560 kB | 165 kB | 70/109 kB | 49/85 kBProgress (4): 229/560 kB | 165 kB | 70/109 kB | 53/85 kBProgress (4): 229/560 kB | 165 kB | 70/109 kB | 57/85 kBProgress (4): 229/560 kB | 165 kB | 70/109 kB | 61/85 kBProgress (4): 229/560 kB | 165 kB | 70/109 kB | 65/85 kBProgress (4): 233/560 kB | 165 kB | 70/109 kB | 65/85 kBProgress (4): 238/560 kB | 165 kB | 70/109 kB | 65/85 kBProgress (4): 242/560 kB | 165 kB | 70/109 kB | 65/85 kBProgress (4): 246/560 kB | 165 kB | 70/109 kB | 65/85 kBProgress (4): 250/560 kB | 165 kB | 70/109 kB | 65/85 kBProgress (4): 254/560 kB | 165 kB | 70/109 kB | 65/85 kBProgress (4): 258/560 kB | 165 kB | 70/109 kB | 65/85 kBProgress (4): 262/560 kB | 165 kB | 70/109 kB | 65/85 kBProgress (4): 266/560 kB | 165 kB | 70/109 kB | 65/85 kBProgress (4): 266/560 kB | 165 kB | 74/109 kB | 65/85 kBProgress (4): 266/560 kB | 165 kB | 78/109 kB | 65/85 kBProgress (4): 266/560 kB | 165 kB | 82/109 kB | 65/85 kBProgress (4): 266/560 kB | 165 kB | 86/109 kB | 65/85 kBProgress (4): 266/560 kB | 165 kB | 90/109 kB | 65/85 kBProgress (4): 266/560 kB | 165 kB | 94/109 kB | 65/85 kBProgress (4): 266/560 kB | 165 kB | 98/109 kB | 65/85 kBProgress (4): 266/560 kB | 165 kB | 102/109 kB | 65/85 kBProgress (4): 266/560 kB | 165 kB | 102/109 kB | 69/85 kBProgress (5): 266/560 kB | 165 kB | 102/109 kB | 69/85 kB | 4.1/590 kBProgress (5): 266/560 kB | 165 kB | 102/109 kB | 69/85 kB | 8.2/590 kBProgress (5): 266/560 kB | 165 kB | 102/109 kB | 69/85 kB | 12/590 kB Progress (5): 266/560 kB | 165 kB | 102/109 kB | 69/85 kB | 16/590 kBProgress (5): 266/560 kB | 165 kB | 102/109 kB | 69/85 kB | 20/590 kBProgress (5): 266/560 kB | 165 kB | 102/109 kB | 69/85 kB | 25/590 kBProgress (5): 266/560 kB | 165 kB | 102/109 kB | 69/85 kB | 29/590 kBProgress (5): 266/560 kB | 165 kB | 102/109 kB | 69/85 kB | 33/590 kBProgress (5): 266/560 kB | 165 kB | 102/109 kB | 69/85 kB | 37/590 kBProgress (5): 266/560 kB | 165 kB | 102/109 kB | 69/85 kB | 41/590 kBProgress (5): 266/560 kB | 165 kB | 102/109 kB | 69/85 kB | 45/590 kBProgress (5): 266/560 kB | 165 kB | 102/109 kB | 69/85 kB | 49/590 kBProgress (5): 266/560 kB | 165 kB | 102/109 kB | 69/85 kB | 53/590 kBProgress (5): 266/560 kB | 165 kB | 102/109 kB | 69/85 kB | 57/590 kBProgress (5): 266/560 kB | 165 kB | 102/109 kB | 69/85 kB | 61/590 kBProgress (5): 266/560 kB | 165 kB | 102/109 kB | 69/85 kB | 66/590 kBProgress (5): 266/560 kB | 165 kB | 102/109 kB | 69/85 kB | 70/590 kBProgress (5): 266/560 kB | 165 kB | 102/109 kB | 69/85 kB | 74/590 kB                                                                     Downloaded from central: https://repo.maven.apache.org/maven2/org/apache/maven/shared/maven-shared-utils/3.2.0/maven-shared-utils-3.2.0.jar (165 kB at 894 kB/s)
Downloading from central: https://repo.maven.apache.org/maven2/xmlpull/xmlpull/1.1.3.1/xmlpull-1.1.3.1.jar
Progress (4): 266/560 kB | 102/109 kB | 73/85 kB | 74/590 kBProgress (4): 266/560 kB | 102/109 kB | 77/85 kB | 74/590 kBProgress (4): 266/560 kB | 102/109 kB | 81/85 kB | 74/590 kBProgress (4): 266/560 kB | 102/109 kB | 85 kB | 74/590 kB   Progress (4): 270/560 kB | 102/109 kB | 85 kB | 74/590 kBProgress (4): 274/560 kB | 102/109 kB | 85 kB | 74/590 kBProgress (4): 279/560 kB | 102/109 kB | 85 kB | 74/590 kBProgress (5): 279/560 kB | 102/109 kB | 85 kB | 74/590 kB | 4.1/7.2 kBProgress (5): 279/560 kB | 102/109 kB | 85 kB | 74/590 kB | 7.2 kB    Progress (5): 283/560 kB | 102/109 kB | 85 kB | 74/590 kB | 7.2 kBProgress (5): 287/560 kB | 102/109 kB | 85 kB | 74/590 kB | 7.2 kBProgress (5): 291/560 kB | 102/109 kB | 85 kB | 74/590 kB | 7.2 kBProgress (5): 295/560 kB | 102/109 kB | 85 kB | 74/590 kB | 7.2 kB                                                                  Downloaded from central: https://repo.maven.apache.org/maven2/xmlpull/xmlpull/1.1.3.1/xmlpull-1.1.3.1.jar (7.2 kB at 37 kB/s)
Downloading from central: https://repo.maven.apache.org/maven2/xpp3/xpp3_min/1.1.4c/xpp3_min-1.1.4c.jar
Downloaded from central: https://repo.maven.apache.org/maven2/org/codehaus/plexus/plexus-interpolation/1.25/plexus-interpolation-1.25.jar (85 kB at 442 kB/s)
Progress (3): 295/560 kB | 106/109 kB | 74/590 kBProgress (3): 295/560 kB | 109 kB | 74/590 kB                                                 Downloading from central: https://repo.maven.apache.org/maven2/org/apache/maven/shared/maven-mapping/3.0.0/maven-mapping-3.0.0.jar
Progress (3): 299/560 kB | 109 kB | 74/590 kBProgress (3): 303/560 kB | 109 kB | 74/590 kBProgress (3): 307/560 kB | 109 kB | 74/590 kBProgress (3): 311/560 kB | 109 kB | 74/590 kBProgress (3): 315/560 kB | 109 kB | 74/590 kBProgress (3): 319/560 kB | 109 kB | 74/590 kBProgress (3): 324/560 kB | 109 kB | 74/590 kBProgress (3): 328/560 kB | 109 kB | 74/590 kBProgress (3): 328/560 kB | 109 kB | 78/590 kBProgress (3): 328/560 kB | 109 kB | 82/590 kBProgress (3): 328/560 kB | 109 kB | 86/590 kBProgress (3): 328/560 kB | 109 kB | 90/590 kBProgress (3): 328/560 kB | 109 kB | 94/590 kBProgress (3): 328/560 kB | 109 kB | 98/590 kBProgress (3): 328/560 kB | 109 kB | 102/590 kBProgress (3): 328/560 kB | 109 kB | 106/590 kBProgress (3): 328/560 kB | 109 kB | 111/590 kBProgress (3): 328/560 kB | 109 kB | 115/590 kBProgress (3): 328/560 kB | 109 kB | 119/590 kBProgress (3): 328/560 kB | 109 kB | 123/590 kBProgress (3): 328/560 kB | 109 kB | 127/590 kBProgress (3): 328/560 kB | 109 kB | 131/590 kBProgress (3): 328/560 kB | 109 kB | 135/590 kBProgress (3): 328/560 kB | 109 kB | 139/590 kBProgress (3): 328/560 kB | 109 kB | 143/590 kBProgress (4): 328/560 kB | 109 kB | 143/590 kB | 4.1/25 kBProgress (4): 328/560 kB | 109 kB | 143/590 kB | 8.2/25 kBProgress (4): 328/560 kB | 109 kB | 143/590 kB | 12/25 kB Progress (4): 328/560 kB | 109 kB | 143/590 kB | 16/25 kBProgress (4): 328/560 kB | 109 kB | 143/590 kB | 20/25 kBProgress (4): 328/560 kB | 109 kB | 143/590 kB | 25/25 kBProgress (4): 328/560 kB | 109 kB | 143/590 kB | 25 kB   Progress (4): 332/560 kB | 109 kB | 143/590 kB | 25 kBProgress (4): 336/560 kB | 109 kB | 143/590 kB | 25 kBProgress (4): 340/560 kB | 109 kB | 143/590 kB | 25 kBProgress (4): 344/560 kB | 109 kB | 143/590 kB | 25 kBProgress (4): 348/560 kB | 109 kB | 143/590 kB | 25 kBProgress (4): 352/560 kB | 109 kB | 143/590 kB | 25 kBProgress (4): 356/560 kB | 109 kB | 143/590 kB | 25 kBProgress (4): 360/560 kB | 109 kB | 143/590 kB | 25 kBProgress (4): 365/560 kB | 109 kB | 143/590 kB | 25 kBProgress (4): 369/560 kB | 109 kB | 143/590 kB | 25 kBProgress (4): 373/560 kB | 109 kB | 143/590 kB | 25 kBProgress (4): 377/560 kB | 109 kB | 143/590 kB | 25 kBProgress (4): 381/560 kB | 109 kB | 143/590 kB | 25 kBProgress (4): 385/560 kB | 109 kB | 143/590 kB | 25 kBProgress (4): 389/560 kB | 109 kB | 143/590 kB | 25 kBProgress (4): 393/560 kB | 109 kB | 143/590 kB | 25 kBProgress (4): 397/560 kB | 109 kB | 143/590 kB | 25 kBProgress (4): 401/560 kB | 109 kB | 143/590 kB | 25 kBProgress (4): 406/560 kB | 109 kB | 143/590 kB | 25 kBProgress (4): 410/560 kB | 109 kB | 143/590 kB | 25 kBProgress (4): 414/560 kB | 109 kB | 143/590 kB | 25 kB                                                      Downloaded from central: https://repo.maven.apache.org/maven2/xpp3/xpp3_min/1.1.4c/xpp3_min-1.1.4c.jar (25 kB at 106 kB/s)
Progress (3): 414/560 kB | 109 kB | 147/590 kBProgress (3): 414/560 kB | 109 kB | 152/590 kBProgress (3): 414/560 kB | 109 kB | 156/590 kBProgress (3): 414/560 kB | 109 kB | 160/590 kBProgress (3): 414/560 kB | 109 kB | 164/590 kBProgress (3): 414/560 kB | 109 kB | 168/590 kBProgress (3): 414/560 kB | 109 kB | 172/590 kBProgress (3): 414/560 kB | 109 kB | 176/590 kBProgress (4): 414/560 kB | 109 kB | 176/590 kB | 4.1/11 kBProgress (4): 414/560 kB | 109 kB | 176/590 kB | 8.2/11 kBProgress (4): 414/560 kB | 109 kB | 176/590 kB | 11 kB                                                          Downloaded from central: https://repo.maven.apache.org/maven2/org/tukaani/xz/1.8/xz-1.8.jar (109 kB at 454 kB/s)
Progress (3): 414/560 kB | 180/590 kB | 11 kBProgress (3): 414/560 kB | 184/590 kB | 11 kBProgress (3): 414/560 kB | 188/590 kB | 11 kBProgress (3): 414/560 kB | 193/590 kB | 11 kBProgress (3): 414/560 kB | 197/590 kB | 11 kBProgress (3): 414/560 kB | 201/590 kB | 11 kBProgress (3): 414/560 kB | 205/590 kB | 11 kBProgress (3): 418/560 kB | 205/590 kB | 11 kBProgress (3): 422/560 kB | 205/590 kB | 11 kBProgress (3): 426/560 kB | 205/590 kB | 11 kBProgress (3): 430/560 kB | 205/590 kB | 11 kBProgress (3): 434/560 kB | 205/590 kB | 11 kBProgress (3): 438/560 kB | 205/590 kB | 11 kB                                             Downloaded from central: https://repo.maven.apache.org/maven2/org/apache/maven/shared/maven-mapping/3.0.0/maven-mapping-3.0.0.jar (11 kB at 42 kB/s)
Progress (2): 442/560 kB | 205/590 kBProgress (2): 446/560 kB | 205/590 kBProgress (2): 451/560 kB | 205/590 kBProgress (2): 455/560 kB | 205/590 kBProgress (2): 459/560 kB | 205/590 kBProgress (2): 463/560 kB | 205/590 kBProgress (2): 463/560 kB | 209/590 kBProgress (2): 463/560 kB | 213/590 kBProgress (2): 463/560 kB | 217/590 kBProgress (2): 463/560 kB | 221/590 kBProgress (2): 463/560 kB | 225/590 kBProgress (2): 463/560 kB | 229/590 kBProgress (2): 463/560 kB | 233/590 kBProgress (2): 463/560 kB | 238/590 kBProgress (2): 463/560 kB | 242/590 kBProgress (2): 463/560 kB | 246/590 kBProgress (2): 463/560 kB | 250/590 kBProgress (2): 467/560 kB | 250/590 kBProgress (2): 471/560 kB | 250/590 kBProgress (2): 475/560 kB | 250/590 kBProgress (2): 479/560 kB | 250/590 kBProgress (2): 483/560 kB | 250/590 kBProgress (2): 487/560 kB | 250/590 kBProgress (2): 492/560 kB | 250/590 kBProgress (2): 496/560 kB | 250/590 kBProgress (2): 500/560 kB | 250/590 kBProgress (2): 504/560 kB | 250/590 kBProgress (2): 508/560 kB | 250/590 kBProgress (2): 508/560 kB | 254/590 kBProgress (2): 508/560 kB | 258/590 kBProgress (2): 508/560 kB | 262/590 kBProgress (2): 508/560 kB | 266/590 kBProgress (2): 508/560 kB | 270/590 kBProgress (2): 508/560 kB | 274/590 kBProgress (2): 508/560 kB | 279/590 kBProgress (2): 508/560 kB | 283/590 kBProgress (2): 508/560 kB | 287/590 kBProgress (2): 508/560 kB | 291/590 kBProgress (2): 508/560 kB | 295/590 kBProgress (2): 512/560 kB | 295/590 kBProgress (2): 516/560 kB | 295/590 kBProgress (2): 520/560 kB | 295/590 kBProgress (2): 524/560 kB | 295/590 kBProgress (2): 528/560 kB | 295/590 kBProgress (2): 532/560 kB | 295/590 kBProgress (2): 537/560 kB | 295/590 kBProgress (2): 541/560 kB | 295/590 kBProgress (2): 545/560 kB | 295/590 kBProgress (2): 549/560 kB | 295/590 kBProgress (2): 553/560 kB | 295/590 kBProgress (2): 557/560 kB | 295/590 kBProgress (2): 560 kB | 295/590 kB    Progress (2): 560 kB | 299/590 kBProgress (2): 560 kB | 303/590 kBProgress (2): 560 kB | 307/590 kBProgress (2): 560 kB | 311/590 kBProgress (2): 560 kB | 315/590 kBProgress (2): 560 kB | 319/590 kBProgress (2): 560 kB | 324/590 kBProgress (2): 560 kB | 328/590 kBProgress (2): 560 kB | 332/590 kBProgress (2): 560 kB | 336/590 kBProgress (2): 560 kB | 340/590 kBProgress (2): 560 kB | 344/590 kBProgress (2): 560 kB | 348/590 kBProgress (2): 560 kB | 352/590 kBProgress (2): 560 kB | 356/590 kB                                 Downloaded from central: https://repo.maven.apache.org/maven2/org/apache/commons/commons-compress/1.16.1/commons-compress-1.16.1.jar (560 kB at 1.9 MB/s)
Progress (1): 360/590 kBProgress (1): 365/590 kBProgress (1): 369/590 kBProgress (1): 373/590 kBProgress (1): 377/590 kBProgress (1): 381/590 kBProgress (1): 385/590 kBProgress (1): 389/590 kBProgress (1): 393/590 kBProgress (1): 397/590 kBProgress (1): 401/590 kBProgress (1): 406/590 kBProgress (1): 410/590 kBProgress (1): 414/590 kBProgress (1): 418/590 kBProgress (1): 422/590 kBProgress (1): 426/590 kBProgress (1): 430/590 kBProgress (1): 434/590 kBProgress (1): 438/590 kBProgress (1): 442/590 kBProgress (1): 446/590 kBProgress (1): 451/590 kBProgress (1): 455/590 kBProgress (1): 459/590 kBProgress (1): 463/590 kBProgress (1): 467/590 kBProgress (1): 471/590 kBProgress (1): 475/590 kBProgress (1): 479/590 kBProgress (1): 483/590 kBProgress (1): 487/590 kBProgress (1): 492/590 kBProgress (1): 496/590 kBProgress (1): 500/590 kBProgress (1): 504/590 kBProgress (1): 508/590 kBProgress (1): 512/590 kBProgress (1): 516/590 kBProgress (1): 520/590 kBProgress (1): 524/590 kBProgress (1): 528/590 kBProgress (1): 532/590 kBProgress (1): 537/590 kBProgress (1): 541/590 kBProgress (1): 545/590 kBProgress (1): 549/590 kBProgress (1): 553/590 kBProgress (1): 557/590 kBProgress (1): 561/590 kBProgress (1): 565/590 kBProgress (1): 569/590 kBProgress (1): 573/590 kBProgress (1): 578/590 kBProgress (1): 582/590 kBProgress (1): 586/590 kBProgress (1): 590 kB                        Downloaded from central: https://repo.maven.apache.org/maven2/com/thoughtworks/xstream/xstream/1.4.10/xstream-1.4.10.jar (590 kB at 1.8 MB/s)
[INFO] Packaging webapp
[INFO] Assembling webapp [auth-course] in [/var/jenkins_home/workspace/HaoVT1_Project4/starter_code/target/auth-course-0.0.1-SNAPSHOT]
[INFO] Processing war project
[INFO] Webapp assembled in [476 msecs]
[INFO] Building war: /var/jenkins_home/workspace/HaoVT1_Project4/starter_code/target/auth-course-0.0.1-SNAPSHOT.war
[INFO] 
[INFO] --- spring-boot-maven-plugin:2.1.5.RELEASE:repackage (repackage) @ auth-course ---
Downloading from central: https://repo.maven.apache.org/maven2/org/springframework/boot/spring-boot-loader-tools/2.1.5.RELEASE/spring-boot-loader-tools-2.1.5.RELEASE.pom
Progress (1): 2.7 kB                    Downloaded from central: https://repo.maven.apache.org/maven2/org/springframework/boot/spring-boot-loader-tools/2.1.5.RELEASE/spring-boot-loader-tools-2.1.5.RELEASE.pom (2.7 kB at 115 kB/s)
Downloading from central: https://repo.maven.apache.org/maven2/org/apache/commons/commons-compress/1.18/commons-compress-1.18.pom
Progress (1): 4.1/18 kBProgress (1): 8.2/18 kBProgress (1): 12/18 kB Progress (1): 16/18 kBProgress (1): 18 kB                      Downloaded from central: https://repo.maven.apache.org/maven2/org/apache/commons/commons-compress/1.18/commons-compress-1.18.pom (18 kB at 1.7 MB/s)
Downloading from central: https://repo.maven.apache.org/maven2/org/apache/commons/commons-parent/47/commons-parent-47.pom
Progress (1): 4.1/78 kBProgress (1): 8.2/78 kBProgress (1): 12/78 kB Progress (1): 16/78 kBProgress (1): 20/78 kBProgress (1): 24/78 kBProgress (1): 28/78 kBProgress (1): 32/78 kBProgress (1): 36/78 kBProgress (1): 40/78 kBProgress (1): 45/78 kBProgress (1): 49/78 kBProgress (1): 53/78 kBProgress (1): 57/78 kBProgress (1): 61/78 kBProgress (1): 65/78 kBProgress (1): 69/78 kBProgress (1): 73/78 kBProgress (1): 77/78 kBProgress (1): 78 kB                      Downloaded from central: https://repo.maven.apache.org/maven2/org/apache/commons/commons-parent/47/commons-parent-47.pom (78 kB at 4.3 MB/s)
Downloading from central: https://repo.maven.apache.org/maven2/org/codehaus/plexus/plexus-component-annotations/1.5.5/plexus-component-annotations-1.5.5.pom
Progress (1): 815 B                   Downloaded from central: https://repo.maven.apache.org/maven2/org/codehaus/plexus/plexus-component-annotations/1.5.5/plexus-component-annotations-1.5.5.pom (815 B at 116 kB/s)
Downloading from central: https://repo.maven.apache.org/maven2/org/codehaus/plexus/plexus-containers/1.5.5/plexus-containers-1.5.5.pom
Progress (1): 4.1/4.2 kBProgress (1): 4.2 kB                        Downloaded from central: https://repo.maven.apache.org/maven2/org/codehaus/plexus/plexus-containers/1.5.5/plexus-containers-1.5.5.pom (4.2 kB at 530 kB/s)
Downloading from central: https://repo.maven.apache.org/maven2/org/codehaus/plexus/plexus-component-annotations/1.5.4/plexus-component-annotations-1.5.4.pom
Progress (1): 815 B                   Downloaded from central: https://repo.maven.apache.org/maven2/org/codehaus/plexus/plexus-component-annotations/1.5.4/plexus-component-annotations-1.5.4.pom (815 B at 82 kB/s)
Downloading from central: https://repo.maven.apache.org/maven2/org/codehaus/plexus/plexus-containers/1.5.4/plexus-containers-1.5.4.pom
Progress (1): 4.1/4.2 kBProgress (1): 4.2 kB                        Downloaded from central: https://repo.maven.apache.org/maven2/org/codehaus/plexus/plexus-containers/1.5.4/plexus-containers-1.5.4.pom (4.2 kB at 530 kB/s)
Downloading from central: https://repo.maven.apache.org/maven2/org/codehaus/plexus/plexus/2.0.5/plexus-2.0.5.pom
Progress (1): 4.1/17 kBProgress (1): 8.2/17 kBProgress (1): 12/17 kB Progress (1): 16/17 kBProgress (1): 17 kB                      Downloaded from central: https://repo.maven.apache.org/maven2/org/codehaus/plexus/plexus/2.0.5/plexus-2.0.5.pom (17 kB at 1.9 MB/s)
Downloading from central: https://repo.maven.apache.org/maven2/org/apache/maven/maven-artifact/3.3.9/maven-artifact-3.3.9.pom
Progress (1): 2.1 kB                    Downloaded from central: https://repo.maven.apache.org/maven2/org/apache/maven/maven-artifact/3.3.9/maven-artifact-3.3.9.pom (2.1 kB at 213 kB/s)
Downloading from central: https://repo.maven.apache.org/maven2/org/apache/maven/maven/3.3.9/maven-3.3.9.pom
Progress (1): 4.1/24 kBProgress (1): 8.2/24 kBProgress (1): 12/24 kB Progress (1): 16/24 kBProgress (1): 20/24 kBProgress (1): 24 kB                      Downloaded from central: https://repo.maven.apache.org/maven2/org/apache/maven/maven/3.3.9/maven-3.3.9.pom (24 kB at 2.7 MB/s)
Downloading from central: https://repo.maven.apache.org/maven2/org/apache/commons/commons-lang3/3.8.1/commons-lang3-3.8.1.pom
Progress (1): 4.1/28 kBProgress (1): 8.2/28 kBProgress (1): 12/28 kB Progress (1): 16/28 kBProgress (1): 20/28 kBProgress (1): 25/28 kBProgress (1): 28 kB                      Downloaded from central: https://repo.maven.apache.org/maven2/org/apache/commons/commons-lang3/3.8.1/commons-lang3-3.8.1.pom (28 kB at 2.0 MB/s)
Downloading from central: https://repo.maven.apache.org/maven2/org/apache/maven/maven-core/3.3.9/maven-core-3.3.9.pom
Progress (1): 4.1/8.3 kBProgress (1): 8.2/8.3 kBProgress (1): 8.3 kB                        Downloaded from central: https://repo.maven.apache.org/maven2/org/apache/maven/maven-core/3.3.9/maven-core-3.3.9.pom (8.3 kB at 553 kB/s)
Downloading from central: https://repo.maven.apache.org/maven2/org/apache/maven/maven-model/3.3.9/maven-model-3.3.9.pom
Progress (1): 4.0 kB                    Downloaded from central: https://repo.maven.apache.org/maven2/org/apache/maven/maven-model/3.3.9/maven-model-3.3.9.pom (4.0 kB at 310 kB/s)
Downloading from central: https://repo.maven.apache.org/maven2/org/apache/maven/maven-settings/3.3.9/maven-settings-3.3.9.pom
Progress (1): 1.8 kB                    Downloaded from central: https://repo.maven.apache.org/maven2/org/apache/maven/maven-settings/3.3.9/maven-settings-3.3.9.pom (1.8 kB at 167 kB/s)
Downloading from central: https://repo.maven.apache.org/maven2/org/apache/maven/maven-settings-builder/3.3.9/maven-settings-builder-3.3.9.pom
Progress (1): 2.6 kB                    Downloaded from central: https://repo.maven.apache.org/maven2/org/apache/maven/maven-settings-builder/3.3.9/maven-settings-builder-3.3.9.pom (2.6 kB at 218 kB/s)
Downloading from central: https://repo.maven.apache.org/maven2/org/apache/maven/maven-builder-support/3.3.9/maven-builder-support-3.3.9.pom
Progress (1): 1.7 kB                    Downloaded from central: https://repo.maven.apache.org/maven2/org/apache/maven/maven-builder-support/3.3.9/maven-builder-support-3.3.9.pom (1.7 kB at 183 kB/s)
Downloading from central: https://repo.maven.apache.org/maven2/org/codehaus/plexus/plexus-component-annotations/1.6/plexus-component-annotations-1.6.pom
Progress (1): 748 B                   Downloaded from central: https://repo.maven.apache.org/maven2/org/codehaus/plexus/plexus-component-annotations/1.6/plexus-component-annotations-1.6.pom (748 B at 107 kB/s)
Downloading from central: https://repo.maven.apache.org/maven2/org/codehaus/plexus/plexus-containers/1.6/plexus-containers-1.6.pom
Progress (1): 3.8 kB                    Downloaded from central: https://repo.maven.apache.org/maven2/org/codehaus/plexus/plexus-containers/1.6/plexus-containers-1.6.pom (3.8 kB at 471 kB/s)
Downloading from central: https://repo.maven.apache.org/maven2/org/codehaus/plexus/plexus/3.3.2/plexus-3.3.2.pom
Progress (1): 4.1/22 kBProgress (1): 8.2/22 kBProgress (1): 12/22 kB Progress (1): 16/22 kBProgress (1): 20/22 kBProgress (1): 22 kB                      Downloaded from central: https://repo.maven.apache.org/maven2/org/codehaus/plexus/plexus/3.3.2/plexus-3.3.2.pom (22 kB at 3.1 MB/s)
Downloading from central: https://repo.maven.apache.org/maven2/org/apache/maven/maven-repository-metadata/3.3.9/maven-repository-metadata-3.3.9.pom
Progress (1): 1.9 kB                    Downloaded from central: https://repo.maven.apache.org/maven2/org/apache/maven/maven-repository-metadata/3.3.9/maven-repository-metadata-3.3.9.pom (1.9 kB at 189 kB/s)
Downloading from central: https://repo.maven.apache.org/maven2/org/apache/maven/maven-plugin-api/3.3.9/maven-plugin-api-3.3.9.pom
Progress (1): 2.7 kB                    Downloaded from central: https://repo.maven.apache.org/maven2/org/apache/maven/maven-plugin-api/3.3.9/maven-plugin-api-3.3.9.pom (2.7 kB at 384 kB/s)
Downloading from central: https://repo.maven.apache.org/maven2/org/eclipse/sisu/org.eclipse.sisu.plexus/0.3.2/org.eclipse.sisu.plexus-0.3.2.pom
Progress (1): 4.1/4.2 kBProgress (1): 4.2 kB                        Downloaded from central: https://repo.maven.apache.org/maven2/org/eclipse/sisu/org.eclipse.sisu.plexus/0.3.2/org.eclipse.sisu.plexus-0.3.2.pom (4.2 kB at 417 kB/s)
Downloading from central: https://repo.maven.apache.org/maven2/org/eclipse/sisu/sisu-plexus/0.3.2/sisu-plexus-0.3.2.pom
Progress (1): 4.1/14 kBProgress (1): 8.2/14 kBProgress (1): 12/14 kB Progress (1): 14 kB                      Downloaded from central: https://repo.maven.apache.org/maven2/org/eclipse/sisu/sisu-plexus/0.3.2/sisu-plexus-0.3.2.pom (14 kB at 1.5 MB/s)
Downloading from central: https://repo.maven.apache.org/maven2/javax/enterprise/cdi-api/1.0/cdi-api-1.0.pom
Progress (1): 1.4 kB                    Downloaded from central: https://repo.maven.apache.org/maven2/javax/enterprise/cdi-api/1.0/cdi-api-1.0.pom (1.4 kB at 179 kB/s)
Downloading from central: https://repo.maven.apache.org/maven2/org/jboss/weld/weld-api-parent/1.0/weld-api-parent-1.0.pom
Progress (1): 2.4 kB                    Downloaded from central: https://repo.maven.apache.org/maven2/org/jboss/weld/weld-api-parent/1.0/weld-api-parent-1.0.pom (2.4 kB at 336 kB/s)
Downloading from central: https://repo.maven.apache.org/maven2/org/jboss/weld/weld-api-bom/1.0/weld-api-bom-1.0.pom
Progress (1): 4.1/7.9 kBProgress (1): 7.9 kB                        Downloaded from central: https://repo.maven.apache.org/maven2/org/jboss/weld/weld-api-bom/1.0/weld-api-bom-1.0.pom (7.9 kB at 1.3 MB/s)
Downloading from central: https://repo.maven.apache.org/maven2/org/jboss/weld/weld-parent/6/weld-parent-6.pom
Progress (1): 4.1/21 kBProgress (1): 8.2/21 kBProgress (1): 12/21 kB Progress (1): 16/21 kBProgress (1): 20/21 kBProgress (1): 21 kB                      Downloaded from central: https://repo.maven.apache.org/maven2/org/jboss/weld/weld-parent/6/weld-parent-6.pom (21 kB at 2.6 MB/s)
Downloading from central: https://repo.maven.apache.org/maven2/javax/annotation/jsr250-api/1.0/jsr250-api-1.0.pom
Progress (1): 1.0 kB                    Downloaded from central: https://repo.maven.apache.org/maven2/javax/annotation/jsr250-api/1.0/jsr250-api-1.0.pom (1.0 kB at 128 kB/s)
Downloading from central: https://repo.maven.apache.org/maven2/javax/inject/javax.inject/1/javax.inject-1.pom
Progress (1): 612 B                   Downloaded from central: https://repo.maven.apache.org/maven2/javax/inject/javax.inject/1/javax.inject-1.pom (612 B at 102 kB/s)
Downloading from central: https://repo.maven.apache.org/maven2/org/eclipse/sisu/org.eclipse.sisu.inject/0.3.2/org.eclipse.sisu.inject-0.3.2.pom
Progress (1): 2.6 kB                    Downloaded from central: https://repo.maven.apache.org/maven2/org/eclipse/sisu/org.eclipse.sisu.inject/0.3.2/org.eclipse.sisu.inject-0.3.2.pom (2.6 kB at 292 kB/s)
Downloading from central: https://repo.maven.apache.org/maven2/org/eclipse/sisu/sisu-inject/0.3.2/sisu-inject-0.3.2.pom
Progress (1): 4.1/14 kBProgress (1): 8.2/14 kBProgress (1): 12/14 kB Progress (1): 14 kB                      Downloaded from central: https://repo.maven.apache.org/maven2/org/eclipse/sisu/sisu-inject/0.3.2/sisu-inject-0.3.2.pom (14 kB at 1.6 MB/s)
Downloading from central: https://repo.maven.apache.org/maven2/org/codehaus/plexus/plexus-classworlds/2.5.2/plexus-classworlds-2.5.2.pom
Progress (1): 4.1/7.3 kBProgress (1): 7.3 kB                        Downloaded from central: https://repo.maven.apache.org/maven2/org/codehaus/plexus/plexus-classworlds/2.5.2/plexus-classworlds-2.5.2.pom (7.3 kB at 730 kB/s)
Downloading from central: https://repo.maven.apache.org/maven2/org/codehaus/plexus/plexus-utils/3.0.17/plexus-utils-3.0.17.pom
Progress (1): 3.4 kB                    Downloaded from central: https://repo.maven.apache.org/maven2/org/codehaus/plexus/plexus-utils/3.0.17/plexus-utils-3.0.17.pom (3.4 kB at 424 kB/s)
Downloading from central: https://repo.maven.apache.org/maven2/org/apache/maven/maven-model-builder/3.3.9/maven-model-builder-3.3.9.pom
Progress (1): 3.1 kB                    Downloaded from central: https://repo.maven.apache.org/maven2/org/apache/maven/maven-model-builder/3.3.9/maven-model-builder-3.3.9.pom (3.1 kB at 349 kB/s)
Downloading from central: https://repo.maven.apache.org/maven2/com/google/guava/guava/18.0/guava-18.0.pom
Progress (1): 4.1/5.7 kBProgress (1): 5.7 kB                        Downloaded from central: https://repo.maven.apache.org/maven2/com/google/guava/guava/18.0/guava-18.0.pom (5.7 kB at 809 kB/s)
Downloading from central: https://repo.maven.apache.org/maven2/com/google/guava/guava-parent/18.0/guava-parent-18.0.pom
Progress (1): 4.1/7.7 kBProgress (1): 7.7 kB                        Downloaded from central: https://repo.maven.apache.org/maven2/com/google/guava/guava-parent/18.0/guava-parent-18.0.pom (7.7 kB at 1.3 MB/s)
Downloading from central: https://repo.maven.apache.org/maven2/org/apache/maven/maven-aether-provider/3.3.9/maven-aether-provider-3.3.9.pom
Progress (1): 4.0 kB                    Downloaded from central: https://repo.maven.apache.org/maven2/org/apache/maven/maven-aether-provider/3.3.9/maven-aether-provider-3.3.9.pom (4.0 kB at 448 kB/s)
Downloading from central: https://repo.maven.apache.org/maven2/org/eclipse/aether/aether-api/1.0.2.v20150114/aether-api-1.0.2.v20150114.pom
Progress (1): 1.8 kB                    Downloaded from central: https://repo.maven.apache.org/maven2/org/eclipse/aether/aether-api/1.0.2.v20150114/aether-api-1.0.2.v20150114.pom (1.8 kB at 183 kB/s)
Downloading from central: https://repo.maven.apache.org/maven2/org/eclipse/aether/aether/1.0.2.v20150114/aether-1.0.2.v20150114.pom
Progress (1): 4.1/29 kBProgress (1): 8.2/29 kBProgress (1): 12/29 kB Progress (1): 16/29 kBProgress (1): 20/29 kBProgress (1): 25/29 kBProgress (1): 29/29 kBProgress (1): 29 kB                      Downloaded from central: https://repo.maven.apache.org/maven2/org/eclipse/aether/aether/1.0.2.v20150114/aether-1.0.2.v20150114.pom (29 kB at 2.9 MB/s)
Downloading from central: https://repo.maven.apache.org/maven2/org/eclipse/aether/aether-spi/1.0.2.v20150114/aether-spi-1.0.2.v20150114.pom
Progress (1): 2.0 kB                    Downloaded from central: https://repo.maven.apache.org/maven2/org/eclipse/aether/aether-spi/1.0.2.v20150114/aether-spi-1.0.2.v20150114.pom (2.0 kB at 142 kB/s)
Downloading from central: https://repo.maven.apache.org/maven2/org/eclipse/aether/aether-util/1.0.2.v20150114/aether-util-1.0.2.v20150114.pom
Progress (1): 2.1 kB                    Downloaded from central: https://repo.maven.apache.org/maven2/org/eclipse/aether/aether-util/1.0.2.v20150114/aether-util-1.0.2.v20150114.pom (2.1 kB at 212 kB/s)
Downloading from central: https://repo.maven.apache.org/maven2/org/eclipse/aether/aether-impl/1.0.2.v20150114/aether-impl-1.0.2.v20150114.pom
Progress (1): 3.4 kB                    Downloaded from central: https://repo.maven.apache.org/maven2/org/eclipse/aether/aether-impl/1.0.2.v20150114/aether-impl-1.0.2.v20150114.pom (3.4 kB at 420 kB/s)
Downloading from central: https://repo.maven.apache.org/maven2/com/google/inject/guice/4.0/guice-4.0.pom
Progress (1): 4.1/11 kBProgress (1): 8.2/11 kBProgress (1): 11 kB                       Downloaded from central: https://repo.maven.apache.org/maven2/com/google/inject/guice/4.0/guice-4.0.pom (11 kB at 1.5 MB/s)
Downloading from central: https://repo.maven.apache.org/maven2/com/google/inject/guice-parent/4.0/guice-parent-4.0.pom
Progress (1): 4.1/15 kBProgress (1): 8.2/15 kBProgress (1): 12/15 kB Progress (1): 15 kB                      Downloaded from central: https://repo.maven.apache.org/maven2/com/google/inject/guice-parent/4.0/guice-parent-4.0.pom (15 kB at 1.5 MB/s)
Downloading from central: https://repo.maven.apache.org/maven2/com/google/google/5/google-5.pom
Progress (1): 2.5 kB                    Downloaded from central: https://repo.maven.apache.org/maven2/com/google/google/5/google-5.pom (2.5 kB at 410 kB/s)
Downloading from central: https://repo.maven.apache.org/maven2/aopalliance/aopalliance/1.0/aopalliance-1.0.pom
Progress (1): 363 B                   Downloaded from central: https://repo.maven.apache.org/maven2/aopalliance/aopalliance/1.0/aopalliance-1.0.pom (363 B at 45 kB/s)
Downloading from central: https://repo.maven.apache.org/maven2/com/google/guava/guava/16.0.1/guava-16.0.1.pom
Progress (1): 4.1/6.1 kBProgress (1): 6.1 kB                        Downloaded from central: https://repo.maven.apache.org/maven2/com/google/guava/guava/16.0.1/guava-16.0.1.pom (6.1 kB at 763 kB/s)
Downloading from central: https://repo.maven.apache.org/maven2/com/google/guava/guava-parent/16.0.1/guava-parent-16.0.1.pom
Progress (1): 4.1/7.3 kBProgress (1): 7.3 kB                        Downloaded from central: https://repo.maven.apache.org/maven2/com/google/guava/guava-parent/16.0.1/guava-parent-16.0.1.pom (7.3 kB at 917 kB/s)
Downloading from central: https://repo.maven.apache.org/maven2/org/apache/maven/shared/maven-common-artifact-filters/3.0.1/maven-common-artifact-filters-3.0.1.pom
Progress (1): 4.1/4.8 kBProgress (1): 4.8 kB                        Downloaded from central: https://repo.maven.apache.org/maven2/org/apache/maven/shared/maven-common-artifact-filters/3.0.1/maven-common-artifact-filters-3.0.1.pom (4.8 kB at 484 kB/s)
Downloading from central: https://repo.maven.apache.org/maven2/org/apache/maven/shared/maven-shared-utils/3.1.0/maven-shared-utils-3.1.0.pom
Progress (1): 4.1/5.0 kBProgress (1): 5.0 kB                        Downloaded from central: https://repo.maven.apache.org/maven2/org/apache/maven/shared/maven-shared-utils/3.1.0/maven-shared-utils-3.1.0.pom (5.0 kB at 553 kB/s)
Downloading from central: https://repo.maven.apache.org/maven2/org/apache/maven/plugins/maven-shade-plugin/3.2.1/maven-shade-plugin-3.2.1.pom
Progress (1): 4.1/9.3 kBProgress (1): 8.2/9.3 kBProgress (1): 9.3 kB                        Downloaded from central: https://repo.maven.apache.org/maven2/org/apache/maven/plugins/maven-shade-plugin/3.2.1/maven-shade-plugin-3.2.1.pom (9.3 kB at 718 kB/s)
Downloading from central: https://repo.maven.apache.org/maven2/org/apache/maven/shared/maven-artifact-transfer/0.10.0/maven-artifact-transfer-0.10.0.pom
Progress (1): 4.1/12 kBProgress (1): 8.2/12 kBProgress (1): 12 kB                       Downloaded from central: https://repo.maven.apache.org/maven2/org/apache/maven/shared/maven-artifact-transfer/0.10.0/maven-artifact-transfer-0.10.0.pom (12 kB at 890 kB/s)
Downloading from central: https://repo.maven.apache.org/maven2/org/apache/maven/shared/maven-shared-components/31/maven-shared-components-31.pom
Progress (1): 4.1/5.1 kBProgress (1): 5.1 kB                        Downloaded from central: https://repo.maven.apache.org/maven2/org/apache/maven/shared/maven-shared-components/31/maven-shared-components-31.pom (5.1 kB at 568 kB/s)
Downloading from central: https://repo.maven.apache.org/maven2/org/ow2/asm/asm/7.0/asm-7.0.pom
Progress (1): 2.9 kB                    Downloaded from central: https://repo.maven.apache.org/maven2/org/ow2/asm/asm/7.0/asm-7.0.pom (2.9 kB at 196 kB/s)
Downloading from central: https://repo.maven.apache.org/maven2/org/ow2/asm/asm-commons/7.0/asm-commons-7.0.pom
Progress (1): 3.7 kB                    Downloaded from central: https://repo.maven.apache.org/maven2/org/ow2/asm/asm-commons/7.0/asm-commons-7.0.pom (3.7 kB at 458 kB/s)
Downloading from central: https://repo.maven.apache.org/maven2/org/ow2/asm/asm-tree/7.0/asm-tree-7.0.pom
Progress (1): 3.1 kB                    Downloaded from central: https://repo.maven.apache.org/maven2/org/ow2/asm/asm-tree/7.0/asm-tree-7.0.pom (3.1 kB at 347 kB/s)
Downloading from central: https://repo.maven.apache.org/maven2/org/ow2/asm/asm-analysis/7.0/asm-analysis-7.0.pom
Progress (1): 3.2 kB                    Downloaded from central: https://repo.maven.apache.org/maven2/org/ow2/asm/asm-analysis/7.0/asm-analysis-7.0.pom (3.2 kB at 450 kB/s)
Downloading from central: https://repo.maven.apache.org/maven2/org/jdom/jdom2/2.0.6/jdom2-2.0.6.pom
Progress (1): 4.1/4.6 kBProgress (1): 4.6 kB                        Downloaded from central: https://repo.maven.apache.org/maven2/org/jdom/jdom2/2.0.6/jdom2-2.0.6.pom (4.6 kB at 575 kB/s)
Downloading from central: https://repo.maven.apache.org/maven2/org/apache/maven/shared/maven-dependency-tree/3.0.1/maven-dependency-tree-3.0.1.pom
Progress (1): 4.1/7.5 kBProgress (1): 7.5 kB                        Downloaded from central: https://repo.maven.apache.org/maven2/org/apache/maven/shared/maven-dependency-tree/3.0.1/maven-dependency-tree-3.0.1.pom (7.5 kB at 750 kB/s)
Downloading from central: https://repo.maven.apache.org/maven2/org/eclipse/aether/aether-util/0.9.0.M2/aether-util-0.9.0.M2.pom
Progress (1): 2.0 kB                    Downloaded from central: https://repo.maven.apache.org/maven2/org/eclipse/aether/aether-util/0.9.0.M2/aether-util-0.9.0.M2.pom (2.0 kB at 291 kB/s)
Downloading from central: https://repo.maven.apache.org/maven2/org/eclipse/aether/aether/0.9.0.M2/aether-0.9.0.M2.pom
Progress (1): 4.1/28 kBProgress (1): 8.2/28 kBProgress (1): 12/28 kB Progress (1): 16/28 kBProgress (1): 20/28 kBProgress (1): 25/28 kBProgress (1): 28 kB                      Downloaded from central: https://repo.maven.apache.org/maven2/org/eclipse/aether/aether/0.9.0.M2/aether-0.9.0.M2.pom (28 kB at 2.1 MB/s)
Downloading from central: https://repo.maven.apache.org/maven2/org/vafer/jdependency/2.1.1/jdependency-2.1.1.pom
Progress (1): 4.1/11 kBProgress (1): 8.2/11 kBProgress (1): 11 kB                       Downloaded from central: https://repo.maven.apache.org/maven2/org/vafer/jdependency/2.1.1/jdependency-2.1.1.pom (11 kB at 938 kB/s)
Downloading from central: https://repo.maven.apache.org/maven2/org/ow2/asm/asm/7.0-beta/asm-7.0-beta.pom
Progress (1): 2.9 kB                    Downloaded from central: https://repo.maven.apache.org/maven2/org/ow2/asm/asm/7.0-beta/asm-7.0-beta.pom (2.9 kB at 327 kB/s)
Downloading from central: https://repo.maven.apache.org/maven2/org/ow2/asm/asm-analysis/7.0-beta/asm-analysis-7.0-beta.pom
Progress (1): 3.2 kB                    Downloaded from central: https://repo.maven.apache.org/maven2/org/ow2/asm/asm-analysis/7.0-beta/asm-analysis-7.0-beta.pom (3.2 kB at 186 kB/s)
Downloading from central: https://repo.maven.apache.org/maven2/org/ow2/asm/asm-tree/7.0-beta/asm-tree-7.0-beta.pom
Progress (1): 3.1 kB                    Downloaded from central: https://repo.maven.apache.org/maven2/org/ow2/asm/asm-tree/7.0-beta/asm-tree-7.0-beta.pom (3.1 kB at 241 kB/s)
Downloading from central: https://repo.maven.apache.org/maven2/org/ow2/asm/asm-commons/7.0-beta/asm-commons-7.0-beta.pom
Progress (1): 3.7 kB                    Downloaded from central: https://repo.maven.apache.org/maven2/org/ow2/asm/asm-commons/7.0-beta/asm-commons-7.0-beta.pom (3.7 kB at 264 kB/s)
Downloading from central: https://repo.maven.apache.org/maven2/org/ow2/asm/asm-util/7.0-beta/asm-util-7.0-beta.pom
Progress (1): 3.7 kB                    Downloaded from central: https://repo.maven.apache.org/maven2/org/ow2/asm/asm-util/7.0-beta/asm-util-7.0-beta.pom (3.7 kB at 282 kB/s)
Downloading from central: https://repo.maven.apache.org/maven2/com/google/guava/guava/19.0/guava-19.0.pom
Progress (1): 4.1/6.8 kBProgress (1): 6.8 kB                        Downloaded from central: https://repo.maven.apache.org/maven2/com/google/guava/guava/19.0/guava-19.0.pom (6.8 kB at 755 kB/s)
Downloading from central: https://repo.maven.apache.org/maven2/com/google/guava/guava-parent/19.0/guava-parent-19.0.pom
Progress (1): 4.1/9.9 kBProgress (1): 8.2/9.9 kBProgress (1): 9.9 kB                        Downloaded from central: https://repo.maven.apache.org/maven2/com/google/guava/guava-parent/19.0/guava-parent-19.0.pom (9.9 kB at 1.2 MB/s)
Downloading from central: https://repo.maven.apache.org/maven2/org/springframework/boot/spring-boot-loader-tools/2.1.5.RELEASE/spring-boot-loader-tools-2.1.5.RELEASE.jar
Downloading from central: https://repo.maven.apache.org/maven2/org/apache/commons/commons-compress/1.18/commons-compress-1.18.jar
Downloading from central: https://repo.maven.apache.org/maven2/org/codehaus/plexus/plexus-interpolation/1.22/plexus-interpolation-1.22.jar
Downloading from central: https://repo.maven.apache.org/maven2/org/apache/maven/maven-artifact/3.3.9/maven-artifact-3.3.9.jar
Downloading from central: https://repo.maven.apache.org/maven2/org/apache/commons/commons-lang3/3.8.1/commons-lang3-3.8.1.jar
Progress (1): 4.1/592 kBProgress (1): 8.2/592 kBProgress (1): 12/592 kB Progress (1): 16/592 kBProgress (1): 20/592 kBProgress (1): 25/592 kBProgress (1): 29/592 kBProgress (1): 33/592 kBProgress (1): 37/592 kBProgress (1): 41/592 kBProgress (1): 45/592 kBProgress (1): 49/592 kBProgress (1): 53/592 kBProgress (1): 57/592 kBProgress (1): 61/592 kBProgress (1): 66/592 kBProgress (1): 70/592 kBProgress (1): 74/592 kBProgress (2): 74/592 kB | 4.1/77 kBProgress (2): 74/592 kB | 8.2/77 kBProgress (2): 74/592 kB | 12/77 kB Progress (2): 74/592 kB | 16/77 kBProgress (2): 74/592 kB | 20/77 kBProgress (2): 74/592 kB | 24/77 kBProgress (2): 74/592 kB | 28/77 kBProgress (2): 74/592 kB | 32/77 kBProgress (2): 74/592 kB | 36/77 kBProgress (2): 74/592 kB | 40/77 kBProgress (2): 74/592 kB | 45/77 kBProgress (2): 74/592 kB | 49/77 kBProgress (2): 74/592 kB | 53/77 kBProgress (2): 74/592 kB | 57/77 kBProgress (2): 74/592 kB | 61/77 kBProgress (2): 74/592 kB | 65/77 kBProgress (2): 74/592 kB | 69/77 kBProgress (2): 74/592 kB | 73/77 kBProgress (2): 74/592 kB | 77 kB   Progress (3): 74/592 kB | 77 kB | 4.1/149 kBProgress (3): 74/592 kB | 77 kB | 8.2/149 kBProgress (3): 74/592 kB | 77 kB | 12/149 kB Progress (3): 74/592 kB | 77 kB | 16/149 kBProgress (3): 74/592 kB | 77 kB | 20/149 kBProgress (3): 74/592 kB | 77 kB | 25/149 kBProgress (3): 74/592 kB | 77 kB | 29/149 kBProgress (3): 74/592 kB | 77 kB | 33/149 kBProgress (3): 74/592 kB | 77 kB | 37/149 kBProgress (3): 74/592 kB | 77 kB | 41/149 kBProgress (3): 74/592 kB | 77 kB | 45/149 kBProgress (3): 74/592 kB | 77 kB | 49/149 kBProgress (3): 74/592 kB | 77 kB | 53/149 kBProgress (3): 74/592 kB | 77 kB | 57/149 kBProgress (3): 74/592 kB | 77 kB | 61/149 kBProgress (3): 74/592 kB | 77 kB | 65/149 kBProgress (3): 74/592 kB | 77 kB | 69/149 kBProgress (3): 74/592 kB | 77 kB | 73/149 kBProgress (3): 74/592 kB | 77 kB | 77/149 kBProgress (3): 74/592 kB | 77 kB | 81/149 kBProgress (3): 74/592 kB | 77 kB | 85/149 kBProgress (3): 74/592 kB | 77 kB | 89/149 kBProgress (3): 74/592 kB | 77 kB | 93/149 kBProgress (3): 74/592 kB | 77 kB | 97/149 kBProgress (3): 74/592 kB | 77 kB | 102/149 kBProgress (3): 74/592 kB | 77 kB | 106/149 kBProgress (3): 74/592 kB | 77 kB | 110/149 kBProgress (3): 74/592 kB | 77 kB | 114/149 kBProgress (3): 74/592 kB | 77 kB | 118/149 kBProgress (3): 74/592 kB | 77 kB | 122/149 kBProgress (3): 74/592 kB | 77 kB | 126/149 kBProgress (3): 74/592 kB | 77 kB | 130/149 kBProgress (3): 74/592 kB | 77 kB | 134/149 kBProgress (4): 74/592 kB | 77 kB | 134/149 kB | 4.1/55 kBProgress (4): 74/592 kB | 77 kB | 134/149 kB | 8.2/55 kBProgress (4): 74/592 kB | 77 kB | 134/149 kB | 12/55 kB Progress (4): 74/592 kB | 77 kB | 134/149 kB | 16/55 kBProgress (4): 74/592 kB | 77 kB | 134/149 kB | 20/55 kBProgress (4): 74/592 kB | 77 kB | 134/149 kB | 25/55 kBProgress (4): 74/592 kB | 77 kB | 134/149 kB | 29/55 kBProgress (4): 74/592 kB | 77 kB | 134/149 kB | 33/55 kBProgress (4): 74/592 kB | 77 kB | 134/149 kB | 37/55 kBProgress (4): 74/592 kB | 77 kB | 134/149 kB | 41/55 kBProgress (4): 74/592 kB | 77 kB | 134/149 kB | 45/55 kBProgress (4): 74/592 kB | 77 kB | 134/149 kB | 49/55 kBProgress (4): 74/592 kB | 77 kB | 134/149 kB | 53/55 kBProgress (4): 74/592 kB | 77 kB | 134/149 kB | 55 kB   Progress (4): 78/592 kB | 77 kB | 134/149 kB | 55 kBProgress (4): 82/592 kB | 77 kB | 134/149 kB | 55 kBProgress (4): 86/592 kB | 77 kB | 134/149 kB | 55 kBProgress (4): 90/592 kB | 77 kB | 134/149 kB | 55 kBProgress (4): 94/592 kB | 77 kB | 134/149 kB | 55 kBProgress (4): 98/592 kB | 77 kB | 134/149 kB | 55 kBProgress (4): 102/592 kB | 77 kB | 134/149 kB | 55 kBProgress (4): 106/592 kB | 77 kB | 134/149 kB | 55 kBProgress (4): 111/592 kB | 77 kB | 134/149 kB | 55 kBProgress (4): 115/592 kB | 77 kB | 134/149 kB | 55 kBProgress (4): 119/592 kB | 77 kB | 134/149 kB | 55 kBProgress (4): 123/592 kB | 77 kB | 134/149 kB | 55 kBProgress (4): 127/592 kB | 77 kB | 134/149 kB | 55 kBProgress (4): 131/592 kB | 77 kB | 134/149 kB | 55 kBProgress (4): 135/592 kB | 77 kB | 134/149 kB | 55 kBProgress (4): 139/592 kB | 77 kB | 134/149 kB | 55 kBProgress (4): 143/592 kB | 77 kB | 134/149 kB | 55 kBProgress (4): 147/592 kB | 77 kB | 134/149 kB | 55 kBProgress (4): 152/592 kB | 77 kB | 134/149 kB | 55 kBProgress (4): 152/592 kB | 77 kB | 138/149 kB | 55 kBProgress (4): 152/592 kB | 77 kB | 143/149 kB | 55 kBProgress (4): 152/592 kB | 77 kB | 147/149 kB | 55 kBProgress (4): 152/592 kB | 77 kB | 149 kB | 55 kB    Progress (5): 152/592 kB | 77 kB | 149 kB | 55 kB | 4.1/502 kBProgress (5): 152/592 kB | 77 kB | 149 kB | 55 kB | 8.2/502 kBProgress (5): 152/592 kB | 77 kB | 149 kB | 55 kB | 12/502 kB Progress (5): 152/592 kB | 77 kB | 149 kB | 55 kB | 16/502 kBProgress (5): 152/592 kB | 77 kB | 149 kB | 55 kB | 20/502 kBProgress (5): 152/592 kB | 77 kB | 149 kB | 55 kB | 24/502 kBProgress (5): 152/592 kB | 77 kB | 149 kB | 55 kB | 28/502 kBProgress (5): 152/592 kB | 77 kB | 149 kB | 55 kB | 32/502 kBProgress (5): 152/592 kB | 77 kB | 149 kB | 55 kB | 36/502 kBProgress (5): 152/592 kB | 77 kB | 149 kB | 55 kB | 40/502 kBProgress (5): 152/592 kB | 77 kB | 149 kB | 55 kB | 45/502 kBProgress (5): 152/592 kB | 77 kB | 149 kB | 55 kB | 49/502 kBProgress (5): 152/592 kB | 77 kB | 149 kB | 55 kB | 53/502 kBProgress (5): 152/592 kB | 77 kB | 149 kB | 55 kB | 57/502 kBProgress (5): 152/592 kB | 77 kB | 149 kB | 55 kB | 61/502 kBProgress (5): 152/592 kB | 77 kB | 149 kB | 55 kB | 65/502 kBProgress (5): 152/592 kB | 77 kB | 149 kB | 55 kB | 69/502 kBProgress (5): 152/592 kB | 77 kB | 149 kB | 55 kB | 73/502 kBProgress (5): 152/592 kB | 77 kB | 149 kB | 55 kB | 77/502 kB                                                             Downloaded from central: https://repo.maven.apache.org/maven2/org/codehaus/plexus/plexus-interpolation/1.22/plexus-interpolation-1.22.jar (77 kB at 2.0 MB/s)
Downloaded from central: https://repo.maven.apache.org/maven2/org/apache/maven/maven-artifact/3.3.9/maven-artifact-3.3.9.jar (55 kB at 1.4 MB/s)
Downloading from central: https://repo.maven.apache.org/maven2/org/apache/maven/maven-core/3.3.9/maven-core-3.3.9.jar
Progress (3): 156/592 kB | 149 kB | 77/502 kBProgress (3): 160/592 kB | 149 kB | 77/502 kBProgress (3): 164/592 kB | 149 kB | 77/502 kBProgress (3): 168/592 kB | 149 kB | 77/502 kBProgress (3): 172/592 kB | 149 kB | 77/502 kBProgress (3): 176/592 kB | 149 kB | 77/502 kBProgress (3): 180/592 kB | 149 kB | 77/502 kB                                             Downloaded from central: https://repo.maven.apache.org/maven2/org/springframework/boot/spring-boot-loader-tools/2.1.5.RELEASE/spring-boot-loader-tools-2.1.5.RELEASE.jar (149 kB at 3.4 MB/s)
Downloading from central: https://repo.maven.apache.org/maven2/org/apache/maven/maven-builder-support/3.3.9/maven-builder-support-3.3.9.jar
Progress (2): 184/592 kB | 77/502 kBProgress (2): 188/592 kB | 77/502 kBProgress (2): 193/592 kB | 77/502 kBProgress (2): 197/592 kB | 77/502 kBProgress (2): 201/592 kB | 77/502 kBProgress (2): 205/592 kB | 77/502 kBProgress (2): 209/592 kB | 77/502 kBProgress (2): 213/592 kB | 77/502 kBProgress (2): 217/592 kB | 77/502 kBProgress (2): 221/592 kB | 77/502 kBProgress (2): 225/592 kB | 77/502 kBProgress (2): 229/592 kB | 77/502 kBProgress (2): 233/592 kB | 77/502 kBProgress (2): 238/592 kB | 77/502 kBProgress (2): 242/592 kB | 77/502 kBProgress (2): 246/592 kB | 77/502 kBProgress (2): 250/592 kB | 77/502 kBProgress (2): 254/592 kB | 77/502 kBProgress (2): 254/592 kB | 81/502 kB                                    Downloading from central: https://repo.maven.apache.org/maven2/org/apache/maven/maven-settings-builder/3.3.9/maven-settings-builder-3.3.9.jar
Progress (2): 254/592 kB | 85/502 kBProgress (2): 254/592 kB | 90/502 kBProgress (2): 254/592 kB | 94/502 kBProgress (2): 254/592 kB | 98/502 kBProgress (2): 254/592 kB | 102/502 kBProgress (2): 254/592 kB | 106/502 kBProgress (2): 254/592 kB | 110/502 kBProgress (2): 254/592 kB | 114/502 kBProgress (2): 254/592 kB | 118/502 kBProgress (2): 254/592 kB | 122/502 kBProgress (2): 254/592 kB | 126/502 kBProgress (2): 254/592 kB | 131/502 kBProgress (3): 254/592 kB | 131/502 kB | 4.1/638 kBProgress (3): 254/592 kB | 131/502 kB | 8.2/638 kBProgress (3): 254/592 kB | 131/502 kB | 12/638 kB Progress (3): 254/592 kB | 131/502 kB | 16/638 kBProgress (3): 254/592 kB | 131/502 kB | 20/638 kBProgress (3): 254/592 kB | 131/502 kB | 24/638 kBProgress (3): 254/592 kB | 131/502 kB | 28/638 kBProgress (3): 254/592 kB | 131/502 kB | 32/638 kBProgress (3): 254/592 kB | 131/502 kB | 36/638 kBProgress (3): 254/592 kB | 131/502 kB | 40/638 kBProgress (3): 254/592 kB | 131/502 kB | 45/638 kBProgress (3): 254/592 kB | 131/502 kB | 49/638 kBProgress (3): 254/592 kB | 131/502 kB | 53/638 kBProgress (3): 254/592 kB | 131/502 kB | 57/638 kBProgress (3): 254/592 kB | 131/502 kB | 61/638 kBProgress (3): 254/592 kB | 131/502 kB | 65/638 kBProgress (4): 254/592 kB | 131/502 kB | 65/638 kB | 4.1/15 kBProgress (4): 254/592 kB | 131/502 kB | 65/638 kB | 8.2/15 kBProgress (4): 254/592 kB | 131/502 kB | 65/638 kB | 12/15 kB Progress (4): 254/592 kB | 131/502 kB | 65/638 kB | 15 kB   Progress (4): 254/592 kB | 131/502 kB | 69/638 kB | 15 kBProgress (4): 254/592 kB | 131/502 kB | 73/638 kB | 15 kBProgress (4): 254/592 kB | 131/502 kB | 77/638 kB | 15 kBProgress (4): 254/592 kB | 131/502 kB | 81/638 kB | 15 kBProgress (4): 254/592 kB | 131/502 kB | 86/638 kB | 15 kBProgress (4): 254/592 kB | 131/502 kB | 90/638 kB | 15 kBProgress (4): 254/592 kB | 131/502 kB | 94/638 kB | 15 kBProgress (4): 254/592 kB | 131/502 kB | 98/638 kB | 15 kBProgress (4): 254/592 kB | 131/502 kB | 102/638 kB | 15 kBProgress (4): 254/592 kB | 131/502 kB | 106/638 kB | 15 kBProgress (4): 254/592 kB | 131/502 kB | 110/638 kB | 15 kBProgress (4): 254/592 kB | 131/502 kB | 114/638 kB | 15 kBProgress (4): 254/592 kB | 131/502 kB | 118/638 kB | 15 kBProgress (4): 254/592 kB | 131/502 kB | 122/638 kB | 15 kBProgress (4): 254/592 kB | 131/502 kB | 126/638 kB | 15 kBProgress (4): 254/592 kB | 135/502 kB | 126/638 kB | 15 kBProgress (4): 254/592 kB | 139/502 kB | 126/638 kB | 15 kBProgress (4): 254/592 kB | 143/502 kB | 126/638 kB | 15 kBProgress (4): 254/592 kB | 147/502 kB | 126/638 kB | 15 kBProgress (4): 254/592 kB | 151/502 kB | 126/638 kB | 15 kBProgress (4): 254/592 kB | 155/502 kB | 126/638 kB | 15 kBProgress (4): 254/592 kB | 159/502 kB | 126/638 kB | 15 kBProgress (4): 254/592 kB | 163/502 kB | 126/638 kB | 15 kBProgress (4): 254/592 kB | 167/502 kB | 126/638 kB | 15 kBProgress (4): 254/592 kB | 172/502 kB | 126/638 kB | 15 kBProgress (4): 254/592 kB | 176/502 kB | 126/638 kB | 15 kBProgress (4): 254/592 kB | 180/502 kB | 126/638 kB | 15 kBProgress (4): 254/592 kB | 184/502 kB | 126/638 kB | 15 kBProgress (4): 258/592 kB | 184/502 kB | 126/638 kB | 15 kBProgress (4): 262/592 kB | 184/502 kB | 126/638 kB | 15 kBProgress (4): 266/592 kB | 184/502 kB | 126/638 kB | 15 kBProgress (4): 270/592 kB | 184/502 kB | 126/638 kB | 15 kBProgress (4): 274/592 kB | 184/502 kB | 126/638 kB | 15 kBProgress (4): 279/592 kB | 184/502 kB | 126/638 kB | 15 kBProgress (4): 283/592 kB | 184/502 kB | 126/638 kB | 15 kBProgress (4): 287/592 kB | 184/502 kB | 126/638 kB | 15 kBProgress (4): 291/592 kB | 184/502 kB | 126/638 kB | 15 kB                                                          Downloaded from central: https://repo.maven.apache.org/maven2/org/apache/maven/maven-builder-support/3.3.9/maven-builder-support-3.3.9.jar (15 kB at 244 kB/s)
Progress (4): 291/592 kB | 184/502 kB | 126/638 kB | 4.1/43 kBProgress (4): 291/592 kB | 184/502 kB | 126/638 kB | 8.2/43 kBProgress (4): 291/592 kB | 184/502 kB | 126/638 kB | 12/43 kB Progress (4): 291/592 kB | 184/502 kB | 126/638 kB | 16/43 kBProgress (4): 291/592 kB | 184/502 kB | 126/638 kB | 20/43 kBProgress (4): 291/592 kB | 184/502 kB | 126/638 kB | 25/43 kBProgress (4): 291/592 kB | 184/502 kB | 126/638 kB | 29/43 kBProgress (4): 291/592 kB | 184/502 kB | 126/638 kB | 33/43 kBProgress (4): 291/592 kB | 184/502 kB | 126/638 kB | 37/43 kBProgress (4): 291/592 kB | 184/502 kB | 126/638 kB | 41/43 kBProgress (4): 291/592 kB | 184/502 kB | 126/638 kB | 43 kB                                                             Downloading from central: https://repo.maven.apache.org/maven2/org/apache/maven/maven-repository-metadata/3.3.9/maven-repository-metadata-3.3.9.jar
Progress (4): 295/592 kB | 184/502 kB | 126/638 kB | 43 kBProgress (4): 299/592 kB | 184/502 kB | 126/638 kB | 43 kBProgress (4): 303/592 kB | 184/502 kB | 126/638 kB | 43 kBProgress (4): 307/592 kB | 184/502 kB | 126/638 kB | 43 kBProgress (4): 311/592 kB | 184/502 kB | 126/638 kB | 43 kBProgress (4): 315/592 kB | 184/502 kB | 126/638 kB | 43 kBProgress (4): 319/592 kB | 184/502 kB | 126/638 kB | 43 kBProgress (4): 324/592 kB | 184/502 kB | 126/638 kB | 43 kBProgress (4): 328/592 kB | 184/502 kB | 126/638 kB | 43 kBProgress (4): 332/592 kB | 184/502 kB | 126/638 kB | 43 kBProgress (4): 336/592 kB | 184/502 kB | 126/638 kB | 43 kBProgress (4): 340/592 kB | 184/502 kB | 126/638 kB | 43 kBProgress (4): 344/592 kB | 184/502 kB | 126/638 kB | 43 kBProgress (4): 348/592 kB | 184/502 kB | 126/638 kB | 43 kBProgress (4): 352/592 kB | 184/502 kB | 126/638 kB | 43 kBProgress (4): 356/592 kB | 184/502 kB | 126/638 kB | 43 kBProgress (4): 360/592 kB | 184/502 kB | 126/638 kB | 43 kBProgress (4): 365/592 kB | 184/502 kB | 126/638 kB | 43 kBProgress (4): 369/592 kB | 184/502 kB | 126/638 kB | 43 kBProgress (4): 369/592 kB | 184/502 kB | 131/638 kB | 43 kB                                                          Downloaded from central: https://repo.maven.apache.org/maven2/org/apache/maven/maven-settings-builder/3.3.9/maven-settings-builder-3.3.9.jar (43 kB at 652 kB/s)
Downloading from central: https://repo.maven.apache.org/maven2/org/apache/maven/maven-model-builder/3.3.9/maven-model-builder-3.3.9.jar
Progress (3): 369/592 kB | 188/502 kB | 131/638 kBProgress (3): 369/592 kB | 192/502 kB | 131/638 kBProgress (3): 369/592 kB | 196/502 kB | 131/638 kBProgress (3): 369/592 kB | 200/502 kB | 131/638 kBProgress (3): 369/592 kB | 204/502 kB | 131/638 kBProgress (3): 369/592 kB | 208/502 kB | 131/638 kBProgress (3): 369/592 kB | 212/502 kB | 131/638 kBProgress (3): 369/592 kB | 217/502 kB | 131/638 kBProgress (3): 369/592 kB | 221/502 kB | 131/638 kBProgress (3): 369/592 kB | 225/502 kB | 131/638 kBProgress (3): 369/592 kB | 229/502 kB | 131/638 kBProgress (3): 369/592 kB | 233/502 kB | 131/638 kBProgress (3): 369/592 kB | 237/502 kB | 131/638 kBProgress (3): 369/592 kB | 241/502 kB | 131/638 kBProgress (3): 369/592 kB | 245/502 kB | 131/638 kBProgress (3): 369/592 kB | 249/502 kB | 131/638 kBProgress (3): 369/592 kB | 253/502 kB | 131/638 kBProgress (3): 369/592 kB | 253/502 kB | 135/638 kBProgress (3): 369/592 kB | 253/502 kB | 139/638 kBProgress (3): 369/592 kB | 253/502 kB | 143/638 kBProgress (3): 369/592 kB | 253/502 kB | 147/638 kBProgress (3): 369/592 kB | 253/502 kB | 151/638 kBProgress (3): 369/592 kB | 253/502 kB | 155/638 kBProgress (3): 369/592 kB | 253/502 kB | 159/638 kBProgress (3): 369/592 kB | 253/502 kB | 163/638 kBProgress (3): 369/592 kB | 253/502 kB | 167/638 kBProgress (4): 369/592 kB | 253/502 kB | 167/638 kB | 4.1/177 kBProgress (4): 369/592 kB | 253/502 kB | 167/638 kB | 8.2/177 kBProgress (4): 369/592 kB | 253/502 kB | 167/638 kB | 12/177 kB Progress (4): 369/592 kB | 253/502 kB | 167/638 kB | 16/177 kBProgress (4): 369/592 kB | 253/502 kB | 167/638 kB | 20/177 kBProgress (4): 369/592 kB | 253/502 kB | 167/638 kB | 25/177 kBProgress (4): 369/592 kB | 253/502 kB | 167/638 kB | 29/177 kBProgress (4): 369/592 kB | 253/502 kB | 167/638 kB | 33/177 kBProgress (4): 369/592 kB | 253/502 kB | 167/638 kB | 37/177 kBProgress (4): 369/592 kB | 253/502 kB | 167/638 kB | 41/177 kBProgress (4): 369/592 kB | 253/502 kB | 167/638 kB | 45/177 kBProgress (4): 369/592 kB | 253/502 kB | 167/638 kB | 49/177 kBProgress (4): 369/592 kB | 253/502 kB | 167/638 kB | 53/177 kBProgress (4): 369/592 kB | 253/502 kB | 167/638 kB | 57/177 kBProgress (4): 369/592 kB | 253/502 kB | 167/638 kB | 61/177 kBProgress (4): 369/592 kB | 253/502 kB | 167/638 kB | 66/177 kBProgress (4): 369/592 kB | 253/502 kB | 167/638 kB | 70/177 kBProgress (4): 369/592 kB | 253/502 kB | 167/638 kB | 74/177 kBProgress (4): 369/592 kB | 253/502 kB | 167/638 kB | 78/177 kBProgress (4): 369/592 kB | 253/502 kB | 167/638 kB | 82/177 kBProgress (4): 369/592 kB | 253/502 kB | 167/638 kB | 86/177 kBProgress (4): 369/592 kB | 253/502 kB | 167/638 kB | 90/177 kBProgress (4): 369/592 kB | 253/502 kB | 167/638 kB | 94/177 kBProgress (4): 369/592 kB | 253/502 kB | 167/638 kB | 98/177 kBProgress (4): 373/592 kB | 253/502 kB | 167/638 kB | 98/177 kBProgress (5): 373/592 kB | 253/502 kB | 167/638 kB | 98/177 kB | 4.1/27 kBProgress (5): 373/592 kB | 253/502 kB | 167/638 kB | 98/177 kB | 8.2/27 kBProgress (5): 373/592 kB | 253/502 kB | 167/638 kB | 98/177 kB | 12/27 kB Progress (5): 373/592 kB | 253/502 kB | 167/638 kB | 98/177 kB | 16/27 kBProgress (5): 373/592 kB | 253/502 kB | 167/638 kB | 98/177 kB | 20/27 kBProgress (5): 373/592 kB | 253/502 kB | 167/638 kB | 98/177 kB | 24/27 kBProgress (5): 373/592 kB | 253/502 kB | 167/638 kB | 98/177 kB | 27 kB   Progress (5): 377/592 kB | 253/502 kB | 167/638 kB | 98/177 kB | 27 kBProgress (5): 381/592 kB | 253/502 kB | 167/638 kB | 98/177 kB | 27 kBProgress (5): 385/592 kB | 253/502 kB | 167/638 kB | 98/177 kB | 27 kBProgress (5): 389/592 kB | 253/502 kB | 167/638 kB | 98/177 kB | 27 kBProgress (5): 393/592 kB | 253/502 kB | 167/638 kB | 98/177 kB | 27 kBProgress (5): 397/592 kB | 253/502 kB | 167/638 kB | 98/177 kB | 27 kBProgress (5): 401/592 kB | 253/502 kB | 167/638 kB | 98/177 kB | 27 kBProgress (5): 406/592 kB | 253/502 kB | 167/638 kB | 98/177 kB | 27 kBProgress (5): 410/592 kB | 253/502 kB | 167/638 kB | 98/177 kB | 27 kBProgress (5): 414/592 kB | 253/502 kB | 167/638 kB | 98/177 kB | 27 kBProgress (5): 418/592 kB | 253/502 kB | 167/638 kB | 98/177 kB | 27 kBProgress (5): 422/592 kB | 253/502 kB | 167/638 kB | 98/177 kB | 27 kBProgress (5): 426/592 kB | 253/502 kB | 167/638 kB | 98/177 kB | 27 kBProgress (5): 430/592 kB | 253/502 kB | 167/638 kB | 98/177 kB | 27 kBProgress (5): 434/592 kB | 253/502 kB | 167/638 kB | 98/177 kB | 27 kBProgress (5): 438/592 kB | 253/502 kB | 167/638 kB | 98/177 kB | 27 kBProgress (5): 442/592 kB | 253/502 kB | 167/638 kB | 98/177 kB | 27 kBProgress (5): 442/592 kB | 258/502 kB | 167/638 kB | 98/177 kB | 27 kBProgress (5): 442/592 kB | 262/502 kB | 167/638 kB | 98/177 kB | 27 kBProgress (5): 442/592 kB | 266/502 kB | 167/638 kB | 98/177 kB | 27 kBProgress (5): 442/592 kB | 270/502 kB | 167/638 kB | 98/177 kB | 27 kBProgress (5): 442/592 kB | 274/502 kB | 167/638 kB | 98/177 kB | 27 kBProgress (5): 442/592 kB | 278/502 kB | 167/638 kB | 98/177 kB | 27 kBProgress (5): 442/592 kB | 282/502 kB | 167/638 kB | 98/177 kB | 27 kBProgress (5): 442/592 kB | 286/502 kB | 167/638 kB | 98/177 kB | 27 kBProgress (5): 442/592 kB | 290/502 kB | 167/638 kB | 98/177 kB | 27 kBProgress (5): 442/592 kB | 294/502 kB | 167/638 kB | 98/177 kB | 27 kBProgress (5): 442/592 kB | 298/502 kB | 167/638 kB | 98/177 kB | 27 kBProgress (5): 442/592 kB | 298/502 kB | 172/638 kB | 98/177 kB | 27 kBProgress (5): 442/592 kB | 298/502 kB | 176/638 kB | 98/177 kB | 27 kBProgress (5): 442/592 kB | 298/502 kB | 180/638 kB | 98/177 kB | 27 kBProgress (5): 442/592 kB | 298/502 kB | 184/638 kB | 98/177 kB | 27 kBProgress (5): 442/592 kB | 298/502 kB | 188/638 kB | 98/177 kB | 27 kBProgress (5): 442/592 kB | 298/502 kB | 192/638 kB | 98/177 kB | 27 kBProgress (5): 442/592 kB | 298/502 kB | 196/638 kB | 98/177 kB | 27 kBProgress (5): 442/592 kB | 298/502 kB | 200/638 kB | 98/177 kB | 27 kBProgress (5): 442/592 kB | 298/502 kB | 204/638 kB | 98/177 kB | 27 kBProgress (5): 442/592 kB | 298/502 kB | 208/638 kB | 98/177 kB | 27 kBProgress (5): 442/592 kB | 298/502 kB | 212/638 kB | 98/177 kB | 27 kBProgress (5): 442/592 kB | 298/502 kB | 217/638 kB | 98/177 kB | 27 kBProgress (5): 442/592 kB | 298/502 kB | 221/638 kB | 98/177 kB | 27 kBProgress (5): 442/592 kB | 298/502 kB | 225/638 kB | 98/177 kB | 27 kBProgress (5): 442/592 kB | 298/502 kB | 229/638 kB | 98/177 kB | 27 kBProgress (5): 442/592 kB | 298/502 kB | 233/638 kB | 98/177 kB | 27 kBProgress (5): 442/592 kB | 298/502 kB | 237/638 kB | 98/177 kB | 27 kBProgress (5): 442/592 kB | 298/502 kB | 241/638 kB | 98/177 kB | 27 kBProgress (5): 442/592 kB | 298/502 kB | 245/638 kB | 98/177 kB | 27 kBProgress (5): 442/592 kB | 298/502 kB | 249/638 kB | 98/177 kB | 27 kBProgress (5): 442/592 kB | 298/502 kB | 253/638 kB | 98/177 kB | 27 kBProgress (5): 442/592 kB | 298/502 kB | 258/638 kB | 98/177 kB | 27 kBProgress (5): 442/592 kB | 298/502 kB | 262/638 kB | 98/177 kB | 27 kBProgress (5): 442/592 kB | 298/502 kB | 266/638 kB | 98/177 kB | 27 kBProgress (5): 442/592 kB | 298/502 kB | 270/638 kB | 98/177 kB | 27 kBProgress (5): 442/592 kB | 298/502 kB | 274/638 kB | 98/177 kB | 27 kBProgress (5): 442/592 kB | 298/502 kB | 278/638 kB | 98/177 kB | 27 kBProgress (5): 442/592 kB | 298/502 kB | 282/638 kB | 98/177 kB | 27 kBProgress (5): 442/592 kB | 298/502 kB | 286/638 kB | 98/177 kB | 27 kBProgress (5): 442/592 kB | 298/502 kB | 290/638 kB | 98/177 kB | 27 kBProgress (5): 442/592 kB | 298/502 kB | 290/638 kB | 102/177 kB | 27 kBProgress (5): 442/592 kB | 298/502 kB | 290/638 kB | 106/177 kB | 27 kBProgress (5): 442/592 kB | 298/502 kB | 290/638 kB | 111/177 kB | 27 kBProgress (5): 442/592 kB | 298/502 kB | 290/638 kB | 115/177 kB | 27 kBProgress (5): 442/592 kB | 298/502 kB | 290/638 kB | 119/177 kB | 27 kBProgress (5): 442/592 kB | 298/502 kB | 290/638 kB | 123/177 kB | 27 kBProgress (5): 442/592 kB | 298/502 kB | 290/638 kB | 127/177 kB | 27 kBProgress (5): 442/592 kB | 298/502 kB | 290/638 kB | 131/177 kB | 27 kBProgress (5): 442/592 kB | 298/502 kB | 290/638 kB | 135/177 kB | 27 kBProgress (5): 442/592 kB | 298/502 kB | 290/638 kB | 139/177 kB | 27 kBProgress (5): 442/592 kB | 298/502 kB | 290/638 kB | 143/177 kB | 27 kBProgress (5): 442/592 kB | 298/502 kB | 290/638 kB | 147/177 kB | 27 kBProgress (5): 442/592 kB | 298/502 kB | 290/638 kB | 152/177 kB | 27 kBProgress (5): 442/592 kB | 298/502 kB | 290/638 kB | 156/177 kB | 27 kBProgress (5): 442/592 kB | 298/502 kB | 290/638 kB | 160/177 kB | 27 kBProgress (5): 442/592 kB | 298/502 kB | 290/638 kB | 164/177 kB | 27 kBProgress (5): 442/592 kB | 298/502 kB | 290/638 kB | 168/177 kB | 27 kBProgress (5): 446/592 kB | 298/502 kB | 290/638 kB | 168/177 kB | 27 kBProgress (5): 451/592 kB | 298/502 kB | 290/638 kB | 168/177 kB | 27 kBProgress (5): 455/592 kB | 298/502 kB | 290/638 kB | 168/177 kB | 27 kBProgress (5): 459/592 kB | 298/502 kB | 290/638 kB | 168/177 kB | 27 kBProgress (5): 463/592 kB | 298/502 kB | 290/638 kB | 168/177 kB | 27 kBProgress (5): 467/592 kB | 298/502 kB | 290/638 kB | 168/177 kB | 27 kBProgress (5): 471/592 kB | 298/502 kB | 290/638 kB | 168/177 kB | 27 kBProgress (5): 475/592 kB | 298/502 kB | 290/638 kB | 168/177 kB | 27 kBProgress (5): 479/592 kB | 298/502 kB | 290/638 kB | 168/177 kB | 27 kBProgress (5): 483/592 kB | 298/502 kB | 290/638 kB | 168/177 kB | 27 kBProgress (5): 487/592 kB | 298/502 kB | 290/638 kB | 168/177 kB | 27 kBProgress (5): 492/592 kB | 298/502 kB | 290/638 kB | 168/177 kB | 27 kBProgress (5): 496/592 kB | 298/502 kB | 290/638 kB | 168/177 kB | 27 kBProgress (5): 496/592 kB | 303/502 kB | 290/638 kB | 168/177 kB | 27 kB                                                                       Downloaded from central: https://repo.maven.apache.org/maven2/org/apache/maven/maven-repository-metadata/3.3.9/maven-repository-metadata-3.3.9.jar (27 kB at 317 kB/s)
Downloading from central: https://repo.maven.apache.org/maven2/org/apache/maven/maven-aether-provider/3.3.9/maven-aether-provider-3.3.9.jar
Progress (4): 496/592 kB | 307/502 kB | 290/638 kB | 168/177 kBProgress (4): 496/592 kB | 311/502 kB | 290/638 kB | 168/177 kBProgress (4): 496/592 kB | 315/502 kB | 290/638 kB | 168/177 kBProgress (4): 496/592 kB | 319/502 kB | 290/638 kB | 168/177 kBProgress (4): 496/592 kB | 323/502 kB | 290/638 kB | 168/177 kBProgress (4): 496/592 kB | 327/502 kB | 290/638 kB | 168/177 kBProgress (4): 496/592 kB | 331/502 kB | 290/638 kB | 168/177 kBProgress (4): 496/592 kB | 335/502 kB | 290/638 kB | 168/177 kBProgress (4): 496/592 kB | 339/502 kB | 290/638 kB | 168/177 kBProgress (4): 496/592 kB | 344/502 kB | 290/638 kB | 168/177 kBProgress (4): 496/592 kB | 348/502 kB | 290/638 kB | 168/177 kBProgress (4): 496/592 kB | 352/502 kB | 290/638 kB | 168/177 kBProgress (4): 496/592 kB | 356/502 kB | 290/638 kB | 168/177 kBProgress (4): 496/592 kB | 360/502 kB | 290/638 kB | 168/177 kBProgress (4): 496/592 kB | 360/502 kB | 294/638 kB | 168/177 kBProgress (4): 496/592 kB | 360/502 kB | 299/638 kB | 168/177 kBProgress (4): 496/592 kB | 360/502 kB | 303/638 kB | 168/177 kBProgress (4): 496/592 kB | 360/502 kB | 307/638 kB | 168/177 kBProgress (4): 496/592 kB | 360/502 kB | 311/638 kB | 168/177 kBProgress (4): 496/592 kB | 360/502 kB | 315/638 kB | 168/177 kBProgress (4): 496/592 kB | 360/502 kB | 319/638 kB | 168/177 kBProgress (4): 496/592 kB | 360/502 kB | 323/638 kB | 168/177 kBProgress (4): 496/592 kB | 360/502 kB | 327/638 kB | 168/177 kBProgress (4): 496/592 kB | 360/502 kB | 331/638 kB | 168/177 kBProgress (4): 496/592 kB | 360/502 kB | 335/638 kB | 168/177 kBProgress (4): 496/592 kB | 360/502 kB | 339/638 kB | 168/177 kBProgress (4): 496/592 kB | 360/502 kB | 344/638 kB | 168/177 kBProgress (4): 496/592 kB | 360/502 kB | 348/638 kB | 168/177 kBProgress (4): 496/592 kB | 360/502 kB | 352/638 kB | 168/177 kBProgress (4): 496/592 kB | 360/502 kB | 356/638 kB | 168/177 kBProgress (4): 496/592 kB | 360/502 kB | 360/638 kB | 168/177 kBProgress (4): 496/592 kB | 364/502 kB | 360/638 kB | 168/177 kBProgress (4): 496/592 kB | 368/502 kB | 360/638 kB | 168/177 kBProgress (4): 496/592 kB | 372/502 kB | 360/638 kB | 168/177 kBProgress (4): 496/592 kB | 376/502 kB | 360/638 kB | 168/177 kBProgress (4): 496/592 kB | 380/502 kB | 360/638 kB | 168/177 kBProgress (4): 496/592 kB | 384/502 kB | 360/638 kB | 168/177 kBProgress (4): 496/592 kB | 389/502 kB | 360/638 kB | 168/177 kBProgress (4): 496/592 kB | 393/502 kB | 360/638 kB | 168/177 kBProgress (4): 496/592 kB | 397/502 kB | 360/638 kB | 168/177 kBProgress (4): 496/592 kB | 401/502 kB | 360/638 kB | 168/177 kBProgress (4): 496/592 kB | 405/502 kB | 360/638 kB | 168/177 kBProgress (4): 496/592 kB | 409/502 kB | 360/638 kB | 168/177 kBProgress (4): 496/592 kB | 413/502 kB | 360/638 kB | 168/177 kBProgress (4): 496/592 kB | 417/502 kB | 360/638 kB | 168/177 kBProgress (4): 496/592 kB | 421/502 kB | 360/638 kB | 168/177 kBProgress (4): 500/592 kB | 421/502 kB | 360/638 kB | 168/177 kBProgress (4): 504/592 kB | 421/502 kB | 360/638 kB | 168/177 kBProgress (4): 508/592 kB | 421/502 kB | 360/638 kB | 168/177 kBProgress (4): 512/592 kB | 421/502 kB | 360/638 kB | 168/177 kBProgress (4): 516/592 kB | 421/502 kB | 360/638 kB | 168/177 kBProgress (4): 520/592 kB | 421/502 kB | 360/638 kB | 168/177 kBProgress (4): 524/592 kB | 421/502 kB | 360/638 kB | 168/177 kBProgress (4): 528/592 kB | 421/502 kB | 360/638 kB | 168/177 kBProgress (4): 532/592 kB | 421/502 kB | 360/638 kB | 168/177 kBProgress (4): 537/592 kB | 421/502 kB | 360/638 kB | 168/177 kBProgress (4): 541/592 kB | 421/502 kB | 360/638 kB | 168/177 kBProgress (4): 545/592 kB | 421/502 kB | 360/638 kB | 168/177 kBProgress (4): 549/592 kB | 421/502 kB | 360/638 kB | 168/177 kBProgress (4): 553/592 kB | 421/502 kB | 360/638 kB | 168/177 kBProgress (4): 557/592 kB | 421/502 kB | 360/638 kB | 168/177 kBProgress (4): 561/592 kB | 421/502 kB | 360/638 kB | 168/177 kBProgress (4): 561/592 kB | 421/502 kB | 360/638 kB | 172/177 kBProgress (4): 561/592 kB | 421/502 kB | 360/638 kB | 176/177 kBProgress (4): 561/592 kB | 421/502 kB | 360/638 kB | 177 kB    Progress (4): 561/592 kB | 421/502 kB | 364/638 kB | 177 kBProgress (4): 561/592 kB | 421/502 kB | 368/638 kB | 177 kBProgress (4): 561/592 kB | 421/502 kB | 372/638 kB | 177 kBProgress (4): 561/592 kB | 421/502 kB | 376/638 kB | 177 kBProgress (4): 561/592 kB | 421/502 kB | 380/638 kB | 177 kBProgress (4): 561/592 kB | 421/502 kB | 385/638 kB | 177 kBProgress (4): 561/592 kB | 421/502 kB | 389/638 kB | 177 kBProgress (4): 561/592 kB | 421/502 kB | 393/638 kB | 177 kBProgress (4): 561/592 kB | 421/502 kB | 397/638 kB | 177 kBProgress (4): 561/592 kB | 421/502 kB | 401/638 kB | 177 kBProgress (4): 561/592 kB | 421/502 kB | 405/638 kB | 177 kBProgress (4): 561/592 kB | 421/502 kB | 409/638 kB | 177 kBProgress (4): 561/592 kB | 425/502 kB | 409/638 kB | 177 kBProgress (5): 561/592 kB | 425/502 kB | 409/638 kB | 177 kB | 4.1/67 kBProgress (5): 561/592 kB | 425/502 kB | 409/638 kB | 177 kB | 8.2/67 kBProgress (5): 561/592 kB | 425/502 kB | 409/638 kB | 177 kB | 12/67 kB Progress (5): 561/592 kB | 425/502 kB | 409/638 kB | 177 kB | 16/67 kBProgress (5): 561/592 kB | 425/502 kB | 409/638 kB | 177 kB | 20/67 kBProgress (5): 561/592 kB | 425/502 kB | 409/638 kB | 177 kB | 25/67 kBProgress (5): 561/592 kB | 425/502 kB | 409/638 kB | 177 kB | 29/67 kBProgress (5): 561/592 kB | 425/502 kB | 409/638 kB | 177 kB | 33/67 kBProgress (5): 561/592 kB | 425/502 kB | 409/638 kB | 177 kB | 37/67 kBProgress (5): 561/592 kB | 425/502 kB | 409/638 kB | 177 kB | 41/67 kBProgress (5): 561/592 kB | 425/502 kB | 409/638 kB | 177 kB | 45/67 kBProgress (5): 561/592 kB | 425/502 kB | 409/638 kB | 177 kB | 49/67 kBProgress (5): 561/592 kB | 425/502 kB | 409/638 kB | 177 kB | 53/67 kBProgress (5): 561/592 kB | 425/502 kB | 409/638 kB | 177 kB | 57/67 kBProgress (5): 561/592 kB | 425/502 kB | 409/638 kB | 177 kB | 61/67 kBProgress (5): 561/592 kB | 425/502 kB | 409/638 kB | 177 kB | 66/67 kBProgress (5): 561/592 kB | 425/502 kB | 409/638 kB | 177 kB | 67 kB                                                                      Downloaded from central: https://repo.maven.apache.org/maven2/org/apache/maven/maven-model-builder/3.3.9/maven-model-builder-3.3.9.jar (177 kB at 1.6 MB/s)
Downloading from central: https://repo.maven.apache.org/maven2/org/eclipse/aether/aether-spi/1.0.2.v20150114/aether-spi-1.0.2.v20150114.jar
Progress (4): 561/592 kB | 430/502 kB | 409/638 kB | 67 kBProgress (4): 561/592 kB | 434/502 kB | 409/638 kB | 67 kBProgress (4): 561/592 kB | 438/502 kB | 409/638 kB | 67 kBProgress (4): 561/592 kB | 442/502 kB | 409/638 kB | 67 kBProgress (4): 561/592 kB | 446/502 kB | 409/638 kB | 67 kBProgress (4): 561/592 kB | 450/502 kB | 409/638 kB | 67 kBProgress (4): 561/592 kB | 454/502 kB | 409/638 kB | 67 kBProgress (4): 561/592 kB | 458/502 kB | 409/638 kB | 67 kBProgress (4): 561/592 kB | 462/502 kB | 409/638 kB | 67 kBProgress (4): 561/592 kB | 466/502 kB | 409/638 kB | 67 kBProgress (4): 561/592 kB | 471/502 kB | 409/638 kB | 67 kBProgress (4): 561/592 kB | 475/502 kB | 409/638 kB | 67 kBProgress (4): 561/592 kB | 479/502 kB | 409/638 kB | 67 kBProgress (4): 561/592 kB | 483/502 kB | 409/638 kB | 67 kBProgress (4): 561/592 kB | 487/502 kB | 409/638 kB | 67 kBProgress (4): 565/592 kB | 487/502 kB | 409/638 kB | 67 kBProgress (4): 569/592 kB | 487/502 kB | 409/638 kB | 67 kBProgress (4): 573/592 kB | 487/502 kB | 409/638 kB | 67 kBProgress (4): 578/592 kB | 487/502 kB | 409/638 kB | 67 kBProgress (4): 582/592 kB | 487/502 kB | 409/638 kB | 67 kBProgress (4): 585/592 kB | 487/502 kB | 409/638 kB | 67 kBProgress (4): 589/592 kB | 487/502 kB | 409/638 kB | 67 kBProgress (4): 592 kB | 487/502 kB | 409/638 kB | 67 kB    Progress (4): 592 kB | 487/502 kB | 413/638 kB | 67 kBProgress (4): 592 kB | 487/502 kB | 417/638 kB | 67 kBProgress (4): 592 kB | 487/502 kB | 421/638 kB | 67 kBProgress (4): 592 kB | 487/502 kB | 425/638 kB | 67 kBProgress (4): 592 kB | 487/502 kB | 430/638 kB | 67 kBProgress (4): 592 kB | 487/502 kB | 434/638 kB | 67 kB                                                      Downloaded from central: https://repo.maven.apache.org/maven2/org/apache/maven/maven-aether-provider/3.3.9/maven-aether-provider-3.3.9.jar (67 kB at 602 kB/s)
Downloading from central: https://repo.maven.apache.org/maven2/org/eclipse/aether/aether-impl/1.0.2.v20150114/aether-impl-1.0.2.v20150114.jar
Progress (4): 592 kB | 487/502 kB | 434/638 kB | 4.1/31 kBProgress (4): 592 kB | 487/502 kB | 434/638 kB | 8.2/31 kBProgress (4): 592 kB | 487/502 kB | 434/638 kB | 12/31 kB Progress (4): 592 kB | 487/502 kB | 434/638 kB | 16/31 kBProgress (4): 592 kB | 487/502 kB | 434/638 kB | 20/31 kBProgress (4): 592 kB | 487/502 kB | 434/638 kB | 25/31 kBProgress (4): 592 kB | 487/502 kB | 434/638 kB | 29/31 kBProgress (4): 592 kB | 487/502 kB | 434/638 kB | 31 kB   Progress (4): 592 kB | 491/502 kB | 434/638 kB | 31 kBProgress (4): 592 kB | 495/502 kB | 434/638 kB | 31 kBProgress (4): 592 kB | 499/502 kB | 434/638 kB | 31 kBProgress (4): 592 kB | 502 kB | 434/638 kB | 31 kB                                                      Downloaded from central: https://repo.maven.apache.org/maven2/org/apache/commons/commons-compress/1.18/commons-compress-1.18.jar (592 kB at 5.1 MB/s)
Downloading from central: https://repo.maven.apache.org/maven2/org/eclipse/aether/aether-api/1.0.2.v20150114/aether-api-1.0.2.v20150114.jar
Progress (3): 502 kB | 438/638 kB | 31 kBProgress (3): 502 kB | 442/638 kB | 31 kBProgress (3): 502 kB | 446/638 kB | 31 kBProgress (3): 502 kB | 450/638 kB | 31 kBProgress (3): 502 kB | 454/638 kB | 31 kBProgress (3): 502 kB | 458/638 kB | 31 kBProgress (3): 502 kB | 462/638 kB | 31 kBProgress (3): 502 kB | 466/638 kB | 31 kBProgress (3): 502 kB | 471/638 kB | 31 kBProgress (3): 502 kB | 475/638 kB | 31 kBProgress (3): 502 kB | 479/638 kB | 31 kBProgress (3): 502 kB | 483/638 kB | 31 kBProgress (3): 502 kB | 487/638 kB | 31 kBProgress (3): 502 kB | 491/638 kB | 31 kBProgress (3): 502 kB | 495/638 kB | 31 kBProgress (3): 502 kB | 499/638 kB | 31 kBProgress (3): 502 kB | 503/638 kB | 31 kBProgress (3): 502 kB | 507/638 kB | 31 kBProgress (3): 502 kB | 511/638 kB | 31 kBProgress (3): 502 kB | 516/638 kB | 31 kBProgress (3): 502 kB | 520/638 kB | 31 kBProgress (3): 502 kB | 524/638 kB | 31 kBProgress (3): 502 kB | 528/638 kB | 31 kB                                         Downloaded from central: https://repo.maven.apache.org/maven2/org/apache/commons/commons-lang3/3.8.1/commons-lang3-3.8.1.jar (502 kB at 4.1 MB/s)
Progress (3): 528/638 kB | 31 kB | 4.1/173 kBProgress (3): 528/638 kB | 31 kB | 8.2/173 kBProgress (3): 528/638 kB | 31 kB | 12/173 kB Progress (3): 528/638 kB | 31 kB | 16/173 kBProgress (3): 528/638 kB | 31 kB | 20/173 kBProgress (3): 528/638 kB | 31 kB | 24/173 kBProgress (3): 528/638 kB | 31 kB | 28/173 kBProgress (3): 528/638 kB | 31 kB | 32/173 kBProgress (3): 528/638 kB | 31 kB | 36/173 kBProgress (3): 528/638 kB | 31 kB | 40/173 kBProgress (3): 528/638 kB | 31 kB | 45/173 kBProgress (3): 528/638 kB | 31 kB | 49/173 kBProgress (3): 528/638 kB | 31 kB | 53/173 kBProgress (3): 528/638 kB | 31 kB | 57/173 kBProgress (3): 528/638 kB | 31 kB | 61/173 kBProgress (3): 528/638 kB | 31 kB | 65/173 kBProgress (3): 528/638 kB | 31 kB | 69/173 kBProgress (3): 528/638 kB | 31 kB | 73/173 kBProgress (3): 528/638 kB | 31 kB | 77/173 kBProgress (3): 528/638 kB | 31 kB | 81/173 kBProgress (3): 528/638 kB | 31 kB | 85/173 kBProgress (3): 528/638 kB | 31 kB | 90/173 kBProgress (3): 528/638 kB | 31 kB | 94/173 kBProgress (3): 528/638 kB | 31 kB | 98/173 kBProgress (3): 528/638 kB | 31 kB | 102/173 kBProgress (3): 528/638 kB | 31 kB | 106/173 kBProgress (3): 528/638 kB | 31 kB | 110/173 kBProgress (3): 528/638 kB | 31 kB | 114/173 kBProgress (3): 528/638 kB | 31 kB | 118/173 kBProgress (3): 528/638 kB | 31 kB | 122/173 kBProgress (3): 528/638 kB | 31 kB | 126/173 kBProgress (3): 528/638 kB | 31 kB | 131/173 kBProgress (3): 528/638 kB | 31 kB | 135/173 kBProgress (3): 528/638 kB | 31 kB | 139/173 kBProgress (3): 528/638 kB | 31 kB | 143/173 kBProgress (3): 528/638 kB | 31 kB | 147/173 kBProgress (3): 528/638 kB | 31 kB | 151/173 kBProgress (3): 528/638 kB | 31 kB | 155/173 kBProgress (3): 528/638 kB | 31 kB | 159/173 kBProgress (3): 528/638 kB | 31 kB | 163/173 kBProgress (3): 528/638 kB | 31 kB | 167/173 kBProgress (3): 528/638 kB | 31 kB | 172/173 kBProgress (3): 528/638 kB | 31 kB | 173 kB                                             Downloaded from central: https://repo.maven.apache.org/maven2/org/eclipse/aether/aether-spi/1.0.2.v20150114/aether-spi-1.0.2.v20150114.jar (31 kB at 250 kB/s)
Downloading from central: https://repo.maven.apache.org/maven2/org/eclipse/aether/aether-util/1.0.2.v20150114/aether-util-1.0.2.v20150114.jar
Progress (3): 528/638 kB | 173 kB | 4.1/136 kBProgress (3): 528/638 kB | 173 kB | 8.2/136 kBProgress (3): 528/638 kB | 173 kB | 12/136 kB Progress (3): 528/638 kB | 173 kB | 16/136 kBProgress (3): 528/638 kB | 173 kB | 20/136 kBProgress (3): 528/638 kB | 173 kB | 24/136 kBProgress (3): 528/638 kB | 173 kB | 28/136 kBProgress (3): 528/638 kB | 173 kB | 32/136 kBProgress (3): 528/638 kB | 173 kB | 36/136 kBProgress (3): 528/638 kB | 173 kB | 40/136 kBProgress (3): 528/638 kB | 173 kB | 45/136 kBProgress (3): 528/638 kB | 173 kB | 49/136 kBProgress (3): 528/638 kB | 173 kB | 53/136 kBProgress (3): 528/638 kB | 173 kB | 57/136 kBProgress (3): 528/638 kB | 173 kB | 61/136 kBProgress (3): 528/638 kB | 173 kB | 65/136 kB                                             Downloading from central: https://repo.maven.apache.org/maven2/org/eclipse/sisu/org.eclipse.sisu.plexus/0.3.2/org.eclipse.sisu.plexus-0.3.2.jar
Progress (3): 532/638 kB | 173 kB | 65/136 kBProgress (3): 536/638 kB | 173 kB | 65/136 kBProgress (3): 540/638 kB | 173 kB | 65/136 kBProgress (3): 544/638 kB | 173 kB | 65/136 kBProgress (3): 548/638 kB | 173 kB | 65/136 kBProgress (3): 552/638 kB | 173 kB | 65/136 kBProgress (3): 557/638 kB | 173 kB | 65/136 kBProgress (3): 561/638 kB | 173 kB | 65/136 kBProgress (3): 565/638 kB | 173 kB | 65/136 kBProgress (3): 569/638 kB | 173 kB | 65/136 kBProgress (3): 573/638 kB | 173 kB | 65/136 kBProgress (3): 577/638 kB | 173 kB | 65/136 kBProgress (3): 581/638 kB | 173 kB | 65/136 kBProgress (3): 585/638 kB | 173 kB | 65/136 kBProgress (3): 589/638 kB | 173 kB | 65/136 kBProgress (3): 593/638 kB | 173 kB | 65/136 kBProgress (3): 598/638 kB | 173 kB | 65/136 kBProgress (3): 598/638 kB | 173 kB | 69/136 kBProgress (3): 598/638 kB | 173 kB | 73/136 kBProgress (3): 598/638 kB | 173 kB | 77/136 kBProgress (3): 598/638 kB | 173 kB | 81/136 kBProgress (3): 598/638 kB | 173 kB | 85/136 kBProgress (3): 598/638 kB | 173 kB | 90/136 kBProgress (3): 598/638 kB | 173 kB | 94/136 kBProgress (3): 598/638 kB | 173 kB | 98/136 kBProgress (3): 598/638 kB | 173 kB | 102/136 kBProgress (4): 598/638 kB | 173 kB | 102/136 kB | 4.1/205 kBProgress (4): 598/638 kB | 173 kB | 102/136 kB | 8.2/205 kBProgress (4): 598/638 kB | 173 kB | 102/136 kB | 12/205 kB Progress (4): 598/638 kB | 173 kB | 102/136 kB | 16/205 kBProgress (4): 598/638 kB | 173 kB | 102/136 kB | 20/205 kBProgress (4): 598/638 kB | 173 kB | 102/136 kB | 24/205 kBProgress (4): 598/638 kB | 173 kB | 102/136 kB | 28/205 kBProgress (4): 598/638 kB | 173 kB | 102/136 kB | 32/205 kBProgress (4): 598/638 kB | 173 kB | 102/136 kB | 36/205 kBProgress (4): 598/638 kB | 173 kB | 102/136 kB | 40/205 kBProgress (4): 598/638 kB | 173 kB | 102/136 kB | 45/205 kBProgress (4): 598/638 kB | 173 kB | 102/136 kB | 49/205 kBProgress (5): 598/638 kB | 173 kB | 102/136 kB | 49/205 kB | 4.1/147 kBProgress (5): 598/638 kB | 173 kB | 102/136 kB | 49/205 kB | 8.2/147 kBProgress (5): 598/638 kB | 173 kB | 102/136 kB | 49/205 kB | 12/147 kB Progress (5): 598/638 kB | 173 kB | 102/136 kB | 49/205 kB | 16/147 kBProgress (5): 598/638 kB | 173 kB | 102/136 kB | 49/205 kB | 20/147 kBProgress (5): 598/638 kB | 173 kB | 102/136 kB | 49/205 kB | 25/147 kBProgress (5): 598/638 kB | 173 kB | 102/136 kB | 49/205 kB | 29/147 kBProgress (5): 598/638 kB | 173 kB | 102/136 kB | 49/205 kB | 33/147 kBProgress (5): 598/638 kB | 173 kB | 102/136 kB | 49/205 kB | 37/147 kBProgress (5): 598/638 kB | 173 kB | 102/136 kB | 49/205 kB | 41/147 kBProgress (5): 598/638 kB | 173 kB | 102/136 kB | 49/205 kB | 45/147 kBProgress (5): 598/638 kB | 173 kB | 102/136 kB | 49/205 kB | 49/147 kBProgress (5): 598/638 kB | 173 kB | 102/136 kB | 49/205 kB | 53/147 kBProgress (5): 598/638 kB | 173 kB | 102/136 kB | 49/205 kB | 57/147 kBProgress (5): 598/638 kB | 173 kB | 102/136 kB | 49/205 kB | 61/147 kBProgress (5): 598/638 kB | 173 kB | 102/136 kB | 49/205 kB | 66/147 kBProgress (5): 598/638 kB | 173 kB | 102/136 kB | 49/205 kB | 70/147 kBProgress (5): 598/638 kB | 173 kB | 102/136 kB | 49/205 kB | 74/147 kBProgress (5): 598/638 kB | 173 kB | 102/136 kB | 49/205 kB | 78/147 kBProgress (5): 598/638 kB | 173 kB | 102/136 kB | 49/205 kB | 82/147 kBProgress (5): 598/638 kB | 173 kB | 102/136 kB | 49/205 kB | 86/147 kBProgress (5): 598/638 kB | 173 kB | 102/136 kB | 49/205 kB | 90/147 kBProgress (5): 598/638 kB | 173 kB | 102/136 kB | 49/205 kB | 94/147 kBProgress (5): 598/638 kB | 173 kB | 102/136 kB | 49/205 kB | 98/147 kBProgress (5): 598/638 kB | 173 kB | 102/136 kB | 49/205 kB | 102/147 kBProgress (5): 598/638 kB | 173 kB | 102/136 kB | 49/205 kB | 106/147 kBProgress (5): 598/638 kB | 173 kB | 102/136 kB | 49/205 kB | 111/147 kBProgress (5): 598/638 kB | 173 kB | 102/136 kB | 49/205 kB | 115/147 kBProgress (5): 598/638 kB | 173 kB | 102/136 kB | 49/205 kB | 119/147 kBProgress (5): 598/638 kB | 173 kB | 102/136 kB | 49/205 kB | 123/147 kBProgress (5): 598/638 kB | 173 kB | 102/136 kB | 49/205 kB | 127/147 kBProgress (5): 598/638 kB | 173 kB | 102/136 kB | 49/205 kB | 131/147 kB                                                                       Downloaded from central: https://repo.maven.apache.org/maven2/org/eclipse/aether/aether-impl/1.0.2.v20150114/aether-impl-1.0.2.v20150114.jar (173 kB at 1.2 MB/s)
Downloading from central: https://repo.maven.apache.org/maven2/javax/enterprise/cdi-api/1.0/cdi-api-1.0.jar
Progress (4): 598/638 kB | 102/136 kB | 53/205 kB | 131/147 kBProgress (4): 598/638 kB | 102/136 kB | 57/205 kB | 131/147 kBProgress (4): 598/638 kB | 102/136 kB | 61/205 kB | 131/147 kBProgress (4): 598/638 kB | 102/136 kB | 65/205 kB | 131/147 kBProgress (4): 598/638 kB | 102/136 kB | 69/205 kB | 131/147 kBProgress (4): 598/638 kB | 102/136 kB | 73/205 kB | 131/147 kBProgress (4): 598/638 kB | 102/136 kB | 77/205 kB | 131/147 kBProgress (4): 598/638 kB | 102/136 kB | 81/205 kB | 131/147 kBProgress (4): 598/638 kB | 102/136 kB | 85/205 kB | 131/147 kBProgress (4): 598/638 kB | 102/136 kB | 90/205 kB | 131/147 kBProgress (4): 598/638 kB | 102/136 kB | 94/205 kB | 131/147 kBProgress (4): 598/638 kB | 102/136 kB | 98/205 kB | 131/147 kBProgress (4): 598/638 kB | 102/136 kB | 102/205 kB | 131/147 kBProgress (4): 598/638 kB | 102/136 kB | 106/205 kB | 131/147 kBProgress (4): 598/638 kB | 102/136 kB | 110/205 kB | 131/147 kBProgress (4): 598/638 kB | 102/136 kB | 114/205 kB | 131/147 kBProgress (4): 598/638 kB | 102/136 kB | 118/205 kB | 131/147 kBProgress (4): 598/638 kB | 102/136 kB | 122/205 kB | 131/147 kBProgress (4): 598/638 kB | 102/136 kB | 126/205 kB | 131/147 kBProgress (4): 598/638 kB | 102/136 kB | 131/205 kB | 131/147 kBProgress (4): 598/638 kB | 102/136 kB | 135/205 kB | 131/147 kBProgress (4): 598/638 kB | 102/136 kB | 139/205 kB | 131/147 kBProgress (4): 598/638 kB | 102/136 kB | 143/205 kB | 131/147 kBProgress (4): 598/638 kB | 102/136 kB | 147/205 kB | 131/147 kBProgress (5): 598/638 kB | 102/136 kB | 147/205 kB | 131/147 kB | 4.1/45 kBProgress (5): 598/638 kB | 102/136 kB | 147/205 kB | 131/147 kB | 8.2/45 kBProgress (5): 598/638 kB | 102/136 kB | 147/205 kB | 131/147 kB | 12/45 kB Progress (5): 598/638 kB | 102/136 kB | 147/205 kB | 131/147 kB | 16/45 kBProgress (5): 598/638 kB | 102/136 kB | 147/205 kB | 131/147 kB | 20/45 kBProgress (5): 598/638 kB | 102/136 kB | 147/205 kB | 131/147 kB | 24/45 kBProgress (5): 598/638 kB | 102/136 kB | 147/205 kB | 131/147 kB | 28/45 kBProgress (5): 598/638 kB | 102/136 kB | 147/205 kB | 131/147 kB | 32/45 kBProgress (5): 598/638 kB | 102/136 kB | 147/205 kB | 131/147 kB | 36/45 kBProgress (5): 598/638 kB | 102/136 kB | 147/205 kB | 131/147 kB | 40/45 kBProgress (5): 598/638 kB | 102/136 kB | 147/205 kB | 131/147 kB | 45/45 kBProgress (5): 598/638 kB | 102/136 kB | 147/205 kB | 131/147 kB | 45 kB   Progress (5): 598/638 kB | 102/136 kB | 147/205 kB | 135/147 kB | 45 kBProgress (5): 598/638 kB | 102/136 kB | 147/205 kB | 139/147 kB | 45 kBProgress (5): 598/638 kB | 102/136 kB | 147/205 kB | 143/147 kB | 45 kBProgress (5): 598/638 kB | 102/136 kB | 147/205 kB | 147 kB | 45 kB    Progress (5): 602/638 kB | 102/136 kB | 147/205 kB | 147 kB | 45 kBProgress (5): 606/638 kB | 102/136 kB | 147/205 kB | 147 kB | 45 kBProgress (5): 610/638 kB | 102/136 kB | 147/205 kB | 147 kB | 45 kBProgress (5): 614/638 kB | 102/136 kB | 147/205 kB | 147 kB | 45 kBProgress (5): 618/638 kB | 102/136 kB | 147/205 kB | 147 kB | 45 kBProgress (5): 622/638 kB | 102/136 kB | 147/205 kB | 147 kB | 45 kBProgress (5): 626/638 kB | 102/136 kB | 147/205 kB | 147 kB | 45 kBProgress (5): 626/638 kB | 106/136 kB | 147/205 kB | 147 kB | 45 kBProgress (5): 626/638 kB | 110/136 kB | 147/205 kB | 147 kB | 45 kBProgress (5): 626/638 kB | 114/136 kB | 147/205 kB | 147 kB | 45 kBProgress (5): 626/638 kB | 118/136 kB | 147/205 kB | 147 kB | 45 kBProgress (5): 626/638 kB | 122/136 kB | 147/205 kB | 147 kB | 45 kBProgress (5): 626/638 kB | 126/136 kB | 147/205 kB | 147 kB | 45 kBProgress (5): 626/638 kB | 131/136 kB | 147/205 kB | 147 kB | 45 kBProgress (5): 626/638 kB | 135/136 kB | 147/205 kB | 147 kB | 45 kBProgress (5): 626/638 kB | 136 kB | 147/205 kB | 147 kB | 45 kB    Progress (5): 630/638 kB | 136 kB | 147/205 kB | 147 kB | 45 kBProgress (5): 634/638 kB | 136 kB | 147/205 kB | 147 kB | 45 kBProgress (5): 638 kB | 136 kB | 147/205 kB | 147 kB | 45 kB    Progress (5): 638 kB | 136 kB | 151/205 kB | 147 kB | 45 kBProgress (5): 638 kB | 136 kB | 155/205 kB | 147 kB | 45 kBProgress (5): 638 kB | 136 kB | 159/205 kB | 147 kB | 45 kBProgress (5): 638 kB | 136 kB | 163/205 kB | 147 kB | 45 kBProgress (5): 638 kB | 136 kB | 167/205 kB | 147 kB | 45 kBProgress (5): 638 kB | 136 kB | 172/205 kB | 147 kB | 45 kBProgress (5): 638 kB | 136 kB | 176/205 kB | 147 kB | 45 kBProgress (5): 638 kB | 136 kB | 180/205 kB | 147 kB | 45 kBProgress (5): 638 kB | 136 kB | 184/205 kB | 147 kB | 45 kBProgress (5): 638 kB | 136 kB | 188/205 kB | 147 kB | 45 kBProgress (5): 638 kB | 136 kB | 192/205 kB | 147 kB | 45 kBProgress (5): 638 kB | 136 kB | 196/205 kB | 147 kB | 45 kBProgress (5): 638 kB | 136 kB | 200/205 kB | 147 kB | 45 kBProgress (5): 638 kB | 136 kB | 204/205 kB | 147 kB | 45 kBProgress (5): 638 kB | 136 kB | 205 kB | 147 kB | 45 kB                                                           Downloaded from central: https://repo.maven.apache.org/maven2/javax/enterprise/cdi-api/1.0/cdi-api-1.0.jar (45 kB at 292 kB/s)
Downloaded from central: https://repo.maven.apache.org/maven2/org/eclipse/aether/aether-api/1.0.2.v20150114/aether-api-1.0.2.v20150114.jar (136 kB at 885 kB/s)
Downloading from central: https://repo.maven.apache.org/maven2/javax/annotation/jsr250-api/1.0/jsr250-api-1.0.jar
Downloaded from central: https://repo.maven.apache.org/maven2/org/apache/maven/maven-core/3.3.9/maven-core-3.3.9.jar (638 kB at 4.1 MB/s)
Downloaded from central: https://repo.maven.apache.org/maven2/org/eclipse/aether/aether-util/1.0.2.v20150114/aether-util-1.0.2.v20150114.jar (147 kB at 948 kB/s)
Downloading from central: https://repo.maven.apache.org/maven2/org/eclipse/sisu/org.eclipse.sisu.inject/0.3.2/org.eclipse.sisu.inject-0.3.2.jar
Downloading from central: https://repo.maven.apache.org/maven2/com/google/inject/guice/4.0/guice-4.0-no_aop.jar
Downloading from central: https://repo.maven.apache.org/maven2/javax/inject/javax.inject/1/javax.inject-1.jar
Progress (2): 205 kB | 4.1/5.8 kBProgress (2): 205 kB | 5.8 kB                                 Downloaded from central: https://repo.maven.apache.org/maven2/org/eclipse/sisu/org.eclipse.sisu.plexus/0.3.2/org.eclipse.sisu.plexus-0.3.2.jar (205 kB at 1.3 MB/s)
Downloading from central: https://repo.maven.apache.org/maven2/aopalliance/aopalliance/1.0/aopalliance-1.0.jar
Progress (2): 5.8 kB | 4.1/4.5 kBProgress (2): 5.8 kB | 4.5 kB    Progress (3): 5.8 kB | 4.5 kB | 4.1/378 kBProgress (3): 5.8 kB | 4.5 kB | 8.2/378 kBProgress (3): 5.8 kB | 4.5 kB | 12/378 kB Progress (3): 5.8 kB | 4.5 kB | 16/378 kBProgress (3): 5.8 kB | 4.5 kB | 20/378 kBProgress (3): 5.8 kB | 4.5 kB | 24/378 kBProgress (3): 5.8 kB | 4.5 kB | 28/378 kBProgress (3): 5.8 kB | 4.5 kB | 32/378 kBProgress (3): 5.8 kB | 4.5 kB | 36/378 kBProgress (3): 5.8 kB | 4.5 kB | 40/378 kBProgress (3): 5.8 kB | 4.5 kB | 45/378 kBProgress (3): 5.8 kB | 4.5 kB | 49/378 kBProgress (3): 5.8 kB | 4.5 kB | 53/378 kBProgress (3): 5.8 kB | 4.5 kB | 57/378 kBProgress (3): 5.8 kB | 4.5 kB | 61/378 kBProgress (3): 5.8 kB | 4.5 kB | 65/378 kBProgress (3): 5.8 kB | 4.5 kB | 69/378 kBProgress (3): 5.8 kB | 4.5 kB | 73/378 kBProgress (3): 5.8 kB | 4.5 kB | 77/378 kBProgress (3): 5.8 kB | 4.5 kB | 81/378 kBProgress (3): 5.8 kB | 4.5 kB | 86/378 kBProgress (3): 5.8 kB | 4.5 kB | 90/378 kBProgress (3): 5.8 kB | 4.5 kB | 94/378 kBProgress (3): 5.8 kB | 4.5 kB | 98/378 kBProgress (3): 5.8 kB | 4.5 kB | 102/378 kBProgress (3): 5.8 kB | 4.5 kB | 106/378 kBProgress (3): 5.8 kB | 4.5 kB | 110/378 kBProgress (3): 5.8 kB | 4.5 kB | 114/378 kBProgress (3): 5.8 kB | 4.5 kB | 118/378 kBProgress (3): 5.8 kB | 4.5 kB | 122/378 kBProgress (3): 5.8 kB | 4.5 kB | 126/378 kBProgress (3): 5.8 kB | 4.5 kB | 131/378 kBProgress (3): 5.8 kB | 4.5 kB | 135/378 kBProgress (3): 5.8 kB | 4.5 kB | 139/378 kBProgress (3): 5.8 kB | 4.5 kB | 143/378 kBProgress (3): 5.8 kB | 4.5 kB | 147/378 kBProgress (3): 5.8 kB | 4.5 kB | 151/378 kBProgress (3): 5.8 kB | 4.5 kB | 155/378 kBProgress (3): 5.8 kB | 4.5 kB | 159/378 kBProgress (3): 5.8 kB | 4.5 kB | 163/378 kBProgress (3): 5.8 kB | 4.5 kB | 167/378 kBProgress (3): 5.8 kB | 4.5 kB | 172/378 kBProgress (3): 5.8 kB | 4.5 kB | 176/378 kBProgress (3): 5.8 kB | 4.5 kB | 180/378 kBProgress (3): 5.8 kB | 4.5 kB | 184/378 kBProgress (3): 5.8 kB | 4.5 kB | 188/378 kBProgress (3): 5.8 kB | 4.5 kB | 192/378 kBProgress (3): 5.8 kB | 4.5 kB | 196/378 kBProgress (3): 5.8 kB | 4.5 kB | 200/378 kBProgress (3): 5.8 kB | 4.5 kB | 204/378 kBProgress (3): 5.8 kB | 4.5 kB | 208/378 kBProgress (3): 5.8 kB | 4.5 kB | 212/378 kBProgress (3): 5.8 kB | 4.5 kB | 217/378 kBProgress (3): 5.8 kB | 4.5 kB | 221/378 kBProgress (3): 5.8 kB | 4.5 kB | 225/378 kBProgress (3): 5.8 kB | 4.5 kB | 229/378 kBProgress (3): 5.8 kB | 4.5 kB | 233/378 kBProgress (3): 5.8 kB | 4.5 kB | 237/378 kBProgress (3): 5.8 kB | 4.5 kB | 241/378 kBProgress (3): 5.8 kB | 4.5 kB | 245/378 kBProgress (3): 5.8 kB | 4.5 kB | 249/378 kBProgress (3): 5.8 kB | 4.5 kB | 253/378 kBProgress (3): 5.8 kB | 4.5 kB | 258/378 kBProgress (3): 5.8 kB | 4.5 kB | 262/378 kBProgress (3): 5.8 kB | 4.5 kB | 266/378 kBProgress (3): 5.8 kB | 4.5 kB | 270/378 kBProgress (3): 5.8 kB | 4.5 kB | 274/378 kBProgress (3): 5.8 kB | 4.5 kB | 278/378 kBProgress (3): 5.8 kB | 4.5 kB | 282/378 kBProgress (3): 5.8 kB | 4.5 kB | 286/378 kBProgress (3): 5.8 kB | 4.5 kB | 290/378 kBProgress (3): 5.8 kB | 4.5 kB | 294/378 kBProgress (3): 5.8 kB | 4.5 kB | 299/378 kBProgress (3): 5.8 kB | 4.5 kB | 303/378 kBProgress (3): 5.8 kB | 4.5 kB | 307/378 kBProgress (3): 5.8 kB | 4.5 kB | 311/378 kBProgress (3): 5.8 kB | 4.5 kB | 315/378 kBProgress (3): 5.8 kB | 4.5 kB | 319/378 kBProgress (3): 5.8 kB | 4.5 kB | 323/378 kBProgress (3): 5.8 kB | 4.5 kB | 327/378 kBProgress (3): 5.8 kB | 4.5 kB | 331/378 kBProgress (3): 5.8 kB | 4.5 kB | 335/378 kBProgress (3): 5.8 kB | 4.5 kB | 339/378 kBProgress (3): 5.8 kB | 4.5 kB | 344/378 kBProgress (3): 5.8 kB | 4.5 kB | 348/378 kBProgress (3): 5.8 kB | 4.5 kB | 352/378 kBProgress (3): 5.8 kB | 4.5 kB | 356/378 kBProgress (3): 5.8 kB | 4.5 kB | 360/378 kBProgress (3): 5.8 kB | 4.5 kB | 364/378 kBProgress (3): 5.8 kB | 4.5 kB | 368/378 kBProgress (3): 5.8 kB | 4.5 kB | 372/378 kBProgress (3): 5.8 kB | 4.5 kB | 376/378 kBProgress (3): 5.8 kB | 4.5 kB | 378 kB                                          Downloaded from central: https://repo.maven.apache.org/maven2/aopalliance/aopalliance/1.0/aopalliance-1.0.jar (4.5 kB at 26 kB/s)
Downloaded from central: https://repo.maven.apache.org/maven2/javax/annotation/jsr250-api/1.0/jsr250-api-1.0.jar (5.8 kB at 33 kB/s)
Progress (2): 378 kB | 4.1/424 kBProgress (2): 378 kB | 8.2/424 kBProgress (2): 378 kB | 12/424 kB Progress (2): 378 kB | 16/424 kBProgress (2): 378 kB | 20/424 kBProgress (2): 378 kB | 25/424 kBProgress (2): 378 kB | 29/424 kBProgress (2): 378 kB | 33/424 kBProgress (2): 378 kB | 37/424 kBProgress (2): 378 kB | 41/424 kBProgress (2): 378 kB | 45/424 kBProgress (2): 378 kB | 49/424 kBProgress (2): 378 kB | 53/424 kBProgress (2): 378 kB | 57/424 kBProgress (2): 378 kB | 61/424 kBProgress (2): 378 kB | 66/424 kBProgress (2): 378 kB | 70/424 kBProgress (2): 378 kB | 74/424 kBProgress (2): 378 kB | 78/424 kBProgress (2): 378 kB | 82/424 kBProgress (2): 378 kB | 86/424 kBProgress (2): 378 kB | 90/424 kBProgress (2): 378 kB | 94/424 kBProgress (2): 378 kB | 98/424 kBProgress (2): 378 kB | 102/424 kBProgress (2): 378 kB | 106/424 kBProgress (2): 378 kB | 111/424 kBProgress (2): 378 kB | 115/424 kBProgress (2): 378 kB | 119/424 kBProgress (2): 378 kB | 123/424 kBProgress (2): 378 kB | 127/424 kBProgress (2): 378 kB | 131/424 kBProgress (2): 378 kB | 135/424 kBProgress (2): 378 kB | 139/424 kBProgress (2): 378 kB | 143/424 kBProgress (2): 378 kB | 147/424 kBProgress (2): 378 kB | 152/424 kBProgress (2): 378 kB | 156/424 kBProgress (2): 378 kB | 160/424 kBProgress (2): 378 kB | 164/424 kBProgress (2): 378 kB | 168/424 kBProgress (2): 378 kB | 172/424 kBProgress (2): 378 kB | 176/424 kBProgress (2): 378 kB | 180/424 kBProgress (2): 378 kB | 184/424 kBProgress (2): 378 kB | 188/424 kBProgress (2): 378 kB | 193/424 kBProgress (2): 378 kB | 197/424 kBProgress (2): 378 kB | 201/424 kBProgress (2): 378 kB | 205/424 kBProgress (2): 378 kB | 209/424 kBProgress (2): 378 kB | 213/424 kBProgress (2): 378 kB | 217/424 kBProgress (2): 378 kB | 221/424 kBProgress (2): 378 kB | 225/424 kBProgress (2): 378 kB | 229/424 kBProgress (2): 378 kB | 233/424 kBProgress (2): 378 kB | 238/424 kBProgress (2): 378 kB | 242/424 kBProgress (2): 378 kB | 246/424 kBProgress (2): 378 kB | 250/424 kBProgress (2): 378 kB | 254/424 kBProgress (2): 378 kB | 258/424 kBProgress (2): 378 kB | 262/424 kBProgress (2): 378 kB | 266/424 kBProgress (2): 378 kB | 270/424 kBProgress (2): 378 kB | 274/424 kBProgress (2): 378 kB | 279/424 kBProgress (2): 378 kB | 283/424 kBProgress (2): 378 kB | 287/424 kBProgress (2): 378 kB | 291/424 kBProgress (2): 378 kB | 295/424 kBProgress (2): 378 kB | 299/424 kBProgress (2): 378 kB | 303/424 kBProgress (2): 378 kB | 307/424 kBProgress (2): 378 kB | 311/424 kBProgress (2): 378 kB | 315/424 kBProgress (2): 378 kB | 319/424 kBProgress (2): 378 kB | 324/424 kBProgress (2): 378 kB | 328/424 kBProgress (2): 378 kB | 332/424 kBProgress (2): 378 kB | 336/424 kBProgress (2): 378 kB | 340/424 kBProgress (2): 378 kB | 344/424 kBProgress (2): 378 kB | 348/424 kBProgress (2): 378 kB | 352/424 kBProgress (2): 378 kB | 356/424 kBProgress (2): 378 kB | 360/424 kBProgress (2): 378 kB | 365/424 kBProgress (2): 378 kB | 369/424 kBProgress (2): 378 kB | 373/424 kBProgress (2): 378 kB | 377/424 kBProgress (2): 378 kB | 381/424 kBProgress (2): 378 kB | 385/424 kBProgress (2): 378 kB | 389/424 kBProgress (2): 378 kB | 393/424 kBProgress (2): 378 kB | 397/424 kBProgress (2): 378 kB | 401/424 kBProgress (2): 378 kB | 406/424 kBProgress (2): 378 kB | 410/424 kBProgress (2): 378 kB | 414/424 kBProgress (2): 378 kB | 418/424 kBProgress (2): 378 kB | 422/424 kBProgress (2): 378 kB | 424 kB    Progress (3): 378 kB | 424 kB | 2.5 kB                                      Downloading from central: https://repo.maven.apache.org/maven2/org/codehaus/plexus/plexus-classworlds/2.5.2/plexus-classworlds-2.5.2.jar
Downloading from central: https://repo.maven.apache.org/maven2/org/codehaus/plexus/plexus-component-annotations/1.6/plexus-component-annotations-1.6.jar
Downloaded from central: https://repo.maven.apache.org/maven2/javax/inject/javax.inject/1/javax.inject-1.jar (2.5 kB at 13 kB/s)
Downloading from central: https://repo.maven.apache.org/maven2/org/apache/maven/maven-model/3.3.9/maven-model-3.3.9.jar
Progress (3): 378 kB | 424 kB | 4.1/4.3 kBProgress (4): 378 kB | 424 kB | 4.1/4.3 kB | 4.1/164 kBProgress (4): 378 kB | 424 kB | 4.1/4.3 kB | 8.2/164 kBProgress (4): 378 kB | 424 kB | 4.1/4.3 kB | 12/164 kB Progress (4): 378 kB | 424 kB | 4.1/4.3 kB | 16/164 kBProgress (4): 378 kB | 424 kB | 4.1/4.3 kB | 20/164 kBProgress (4): 378 kB | 424 kB | 4.1/4.3 kB | 24/164 kBProgress (4): 378 kB | 424 kB | 4.1/4.3 kB | 28/164 kBProgress (4): 378 kB | 424 kB | 4.1/4.3 kB | 32/164 kBProgress (4): 378 kB | 424 kB | 4.1/4.3 kB | 36/164 kBProgress (4): 378 kB | 424 kB | 4.1/4.3 kB | 40/164 kBProgress (4): 378 kB | 424 kB | 4.1/4.3 kB | 45/164 kBProgress (4): 378 kB | 424 kB | 4.1/4.3 kB | 49/164 kBProgress (4): 378 kB | 424 kB | 4.1/4.3 kB | 53/164 kBProgress (4): 378 kB | 424 kB | 4.1/4.3 kB | 57/164 kBProgress (4): 378 kB | 424 kB | 4.1/4.3 kB | 61/164 kBProgress (4): 378 kB | 424 kB | 4.1/4.3 kB | 65/164 kBProgress (4): 378 kB | 424 kB | 4.1/4.3 kB | 69/164 kBProgress (4): 378 kB | 424 kB | 4.1/4.3 kB | 73/164 kBProgress (4): 378 kB | 424 kB | 4.1/4.3 kB | 77/164 kBProgress (4): 378 kB | 424 kB | 4.1/4.3 kB | 81/164 kBProgress (4): 378 kB | 424 kB | 4.1/4.3 kB | 85/164 kBProgress (4): 378 kB | 424 kB | 4.1/4.3 kB | 90/164 kBProgress (4): 378 kB | 424 kB | 4.1/4.3 kB | 94/164 kBProgress (4): 378 kB | 424 kB | 4.1/4.3 kB | 98/164 kBProgress (4): 378 kB | 424 kB | 4.1/4.3 kB | 102/164 kBProgress (4): 378 kB | 424 kB | 4.1/4.3 kB | 106/164 kBProgress (4): 378 kB | 424 kB | 4.1/4.3 kB | 110/164 kBProgress (4): 378 kB | 424 kB | 4.1/4.3 kB | 114/164 kBProgress (4): 378 kB | 424 kB | 4.1/4.3 kB | 118/164 kBProgress (4): 378 kB | 424 kB | 4.1/4.3 kB | 122/164 kBProgress (4): 378 kB | 424 kB | 4.1/4.3 kB | 126/164 kBProgress (5): 378 kB | 424 kB | 4.1/4.3 kB | 126/164 kB | 4.1/53 kBProgress (5): 378 kB | 424 kB | 4.1/4.3 kB | 126/164 kB | 8.2/53 kBProgress (5): 378 kB | 424 kB | 4.1/4.3 kB | 126/164 kB | 12/53 kB Progress (5): 378 kB | 424 kB | 4.1/4.3 kB | 126/164 kB | 16/53 kBProgress (5): 378 kB | 424 kB | 4.1/4.3 kB | 126/164 kB | 20/53 kBProgress (5): 378 kB | 424 kB | 4.1/4.3 kB | 126/164 kB | 25/53 kBProgress (5): 378 kB | 424 kB | 4.1/4.3 kB | 126/164 kB | 29/53 kBProgress (5): 378 kB | 424 kB | 4.1/4.3 kB | 126/164 kB | 33/53 kBProgress (5): 378 kB | 424 kB | 4.1/4.3 kB | 126/164 kB | 37/53 kBProgress (5): 378 kB | 424 kB | 4.1/4.3 kB | 126/164 kB | 41/53 kBProgress (5): 378 kB | 424 kB | 4.1/4.3 kB | 126/164 kB | 45/53 kBProgress (5): 378 kB | 424 kB | 4.1/4.3 kB | 126/164 kB | 49/53 kBProgress (5): 378 kB | 424 kB | 4.1/4.3 kB | 126/164 kB | 53 kB   Progress (5): 378 kB | 424 kB | 4.3 kB | 126/164 kB | 53 kB    Progress (5): 378 kB | 424 kB | 4.3 kB | 131/164 kB | 53 kBProgress (5): 378 kB | 424 kB | 4.3 kB | 135/164 kB | 53 kBProgress (5): 378 kB | 424 kB | 4.3 kB | 139/164 kB | 53 kBProgress (5): 378 kB | 424 kB | 4.3 kB | 143/164 kB | 53 kBProgress (5): 378 kB | 424 kB | 4.3 kB | 147/164 kB | 53 kBProgress (5): 378 kB | 424 kB | 4.3 kB | 151/164 kB | 53 kBProgress (5): 378 kB | 424 kB | 4.3 kB | 155/164 kB | 53 kBProgress (5): 378 kB | 424 kB | 4.3 kB | 159/164 kB | 53 kBProgress (5): 378 kB | 424 kB | 4.3 kB | 163/164 kB | 53 kB                                                           Downloaded from central: https://repo.maven.apache.org/maven2/org/codehaus/plexus/plexus-component-annotations/1.6/plexus-component-annotations-1.6.jar (4.3 kB at 21 kB/s)
Downloading from central: https://repo.maven.apache.org/maven2/org/apache/maven/maven-plugin-api/3.3.9/maven-plugin-api-3.3.9.jar
Progress (4): 378 kB | 424 kB | 164 kB | 53 kBProgress (5): 378 kB | 424 kB | 164 kB | 53 kB | 4.1/47 kBProgress (5): 378 kB | 424 kB | 164 kB | 53 kB | 8.2/47 kBProgress (5): 378 kB | 424 kB | 164 kB | 53 kB | 12/47 kB Progress (5): 378 kB | 424 kB | 164 kB | 53 kB | 16/47 kBProgress (5): 378 kB | 424 kB | 164 kB | 53 kB | 20/47 kBProgress (5): 378 kB | 424 kB | 164 kB | 53 kB | 25/47 kBProgress (5): 378 kB | 424 kB | 164 kB | 53 kB | 29/47 kBProgress (5): 378 kB | 424 kB | 164 kB | 53 kB | 33/47 kBProgress (5): 378 kB | 424 kB | 164 kB | 53 kB | 37/47 kBProgress (5): 378 kB | 424 kB | 164 kB | 53 kB | 41/47 kBProgress (5): 378 kB | 424 kB | 164 kB | 53 kB | 45/47 kBProgress (5): 378 kB | 424 kB | 164 kB | 53 kB | 47 kB                                                         Downloaded from central: https://repo.maven.apache.org/maven2/org/apache/maven/maven-model/3.3.9/maven-model-3.3.9.jar (164 kB at 796 kB/s)
Downloading from central: https://repo.maven.apache.org/maven2/org/apache/maven/maven-settings/3.3.9/maven-settings-3.3.9.jar
Downloaded from central: https://repo.maven.apache.org/maven2/org/codehaus/plexus/plexus-classworlds/2.5.2/plexus-classworlds-2.5.2.jar (53 kB at 255 kB/s)
Downloading from central: https://repo.maven.apache.org/maven2/org/apache/maven/shared/maven-common-artifact-filters/3.0.1/maven-common-artifact-filters-3.0.1.jar
Downloaded from central: https://repo.maven.apache.org/maven2/org/eclipse/sisu/org.eclipse.sisu.inject/0.3.2/org.eclipse.sisu.inject-0.3.2.jar (378 kB at 1.8 MB/s)
Downloading from central: https://repo.maven.apache.org/maven2/org/apache/maven/plugins/maven-shade-plugin/3.2.1/maven-shade-plugin-3.2.1.jar
Progress (3): 424 kB | 47 kB | 4.1/61 kBProgress (3): 424 kB | 47 kB | 8.2/61 kBProgress (3): 424 kB | 47 kB | 12/61 kB Progress (3): 424 kB | 47 kB | 16/61 kBProgress (3): 424 kB | 47 kB | 20/61 kBProgress (3): 424 kB | 47 kB | 25/61 kBProgress (3): 424 kB | 47 kB | 29/61 kBProgress (3): 424 kB | 47 kB | 33/61 kBProgress (3): 424 kB | 47 kB | 37/61 kBProgress (3): 424 kB | 47 kB | 41/61 kBProgress (3): 424 kB | 47 kB | 45/61 kBProgress (3): 424 kB | 47 kB | 49/61 kBProgress (3): 424 kB | 47 kB | 53/61 kBProgress (3): 424 kB | 47 kB | 57/61 kBProgress (3): 424 kB | 47 kB | 61/61 kBProgress (3): 424 kB | 47 kB | 61 kB   Progress (4): 424 kB | 47 kB | 61 kB | 4.1/44 kBProgress (4): 424 kB | 47 kB | 61 kB | 8.2/44 kBProgress (4): 424 kB | 47 kB | 61 kB | 12/44 kB Progress (4): 424 kB | 47 kB | 61 kB | 16/44 kBProgress (4): 424 kB | 47 kB | 61 kB | 20/44 kBProgress (4): 424 kB | 47 kB | 61 kB | 24/44 kBProgress (4): 424 kB | 47 kB | 61 kB | 28/44 kBProgress (4): 424 kB | 47 kB | 61 kB | 32/44 kBProgress (4): 424 kB | 47 kB | 61 kB | 36/44 kBProgress (4): 424 kB | 47 kB | 61 kB | 40/44 kBProgress (4): 424 kB | 47 kB | 61 kB | 44 kB                                               Downloaded from central: https://repo.maven.apache.org/maven2/com/google/inject/guice/4.0/guice-4.0-no_aop.jar (424 kB at 1.9 MB/s)
Downloaded from central: https://repo.maven.apache.org/maven2/org/apache/maven/maven-plugin-api/3.3.9/maven-plugin-api-3.3.9.jar (47 kB at 215 kB/s)
Downloading from central: https://repo.maven.apache.org/maven2/org/apache/maven/shared/maven-artifact-transfer/0.10.0/maven-artifact-transfer-0.10.0.jar
Downloading from central: https://repo.maven.apache.org/maven2/org/ow2/asm/asm/7.0/asm-7.0.jar
Progress (3): 61 kB | 44 kB | 4.1/114 kBProgress (3): 61 kB | 44 kB | 8.2/114 kBProgress (3): 61 kB | 44 kB | 12/114 kB Progress (3): 61 kB | 44 kB | 16/114 kBProgress (3): 61 kB | 44 kB | 20/114 kBProgress (3): 61 kB | 44 kB | 25/114 kBProgress (3): 61 kB | 44 kB | 29/114 kBProgress (3): 61 kB | 44 kB | 33/114 kBProgress (3): 61 kB | 44 kB | 37/114 kBProgress (3): 61 kB | 44 kB | 41/114 kBProgress (3): 61 kB | 44 kB | 45/114 kBProgress (3): 61 kB | 44 kB | 49/114 kBProgress (3): 61 kB | 44 kB | 53/114 kBProgress (3): 61 kB | 44 kB | 57/114 kBProgress (3): 61 kB | 44 kB | 61/114 kBProgress (3): 61 kB | 44 kB | 66/114 kBProgress (3): 61 kB | 44 kB | 70/114 kB                                       Downloaded from central: https://repo.maven.apache.org/maven2/org/apache/maven/shared/maven-common-artifact-filters/3.0.1/maven-common-artifact-filters-3.0.1.jar (61 kB at 271 kB/s)
Downloading from central: https://repo.maven.apache.org/maven2/org/ow2/asm/asm-commons/7.0/asm-commons-7.0.jar
Progress (2): 44 kB | 74/114 kBProgress (2): 44 kB | 78/114 kBProgress (2): 44 kB | 82/114 kBProgress (2): 44 kB | 86/114 kBProgress (2): 44 kB | 90/114 kBProgress (2): 44 kB | 94/114 kBProgress (2): 44 kB | 98/114 kBProgress (2): 44 kB | 102/114 kBProgress (2): 44 kB | 106/114 kBProgress (2): 44 kB | 111/114 kBProgress (2): 44 kB | 114 kB    Progress (3): 44 kB | 114 kB | 4.1/128 kBProgress (3): 44 kB | 114 kB | 8.2/128 kBProgress (3): 44 kB | 114 kB | 12/128 kB Progress (3): 44 kB | 114 kB | 16/128 kBProgress (3): 44 kB | 114 kB | 20/128 kBProgress (3): 44 kB | 114 kB | 24/128 kBProgress (3): 44 kB | 114 kB | 28/128 kBProgress (3): 44 kB | 114 kB | 32/128 kBProgress (3): 44 kB | 114 kB | 36/128 kBProgress (3): 44 kB | 114 kB | 40/128 kBProgress (3): 44 kB | 114 kB | 45/128 kBProgress (3): 44 kB | 114 kB | 49/128 kBProgress (3): 44 kB | 114 kB | 53/128 kBProgress (3): 44 kB | 114 kB | 57/128 kBProgress (3): 44 kB | 114 kB | 61/128 kBProgress (3): 44 kB | 114 kB | 65/128 kBProgress (3): 44 kB | 114 kB | 69/128 kBProgress (3): 44 kB | 114 kB | 73/128 kBProgress (3): 44 kB | 114 kB | 77/128 kBProgress (3): 44 kB | 114 kB | 81/128 kBProgress (3): 44 kB | 114 kB | 85/128 kBProgress (3): 44 kB | 114 kB | 90/128 kBProgress (3): 44 kB | 114 kB | 94/128 kBProgress (3): 44 kB | 114 kB | 98/128 kBProgress (3): 44 kB | 114 kB | 102/128 kBProgress (3): 44 kB | 114 kB | 106/128 kBProgress (3): 44 kB | 114 kB | 110/128 kBProgress (3): 44 kB | 114 kB | 114/128 kBProgress (3): 44 kB | 114 kB | 118/128 kBProgress (3): 44 kB | 114 kB | 122/128 kBProgress (3): 44 kB | 114 kB | 126/128 kBProgress (3): 44 kB | 114 kB | 128 kB    Progress (4): 44 kB | 114 kB | 128 kB | 4.1/114 kBProgress (4): 44 kB | 114 kB | 128 kB | 8.2/114 kBProgress (4): 44 kB | 114 kB | 128 kB | 12/114 kB Progress (4): 44 kB | 114 kB | 128 kB | 16/114 kBProgress (4): 44 kB | 114 kB | 128 kB | 20/114 kBProgress (4): 44 kB | 114 kB | 128 kB | 25/114 kBProgress (4): 44 kB | 114 kB | 128 kB | 29/114 kBProgress (4): 44 kB | 114 kB | 128 kB | 33/114 kBProgress (4): 44 kB | 114 kB | 128 kB | 37/114 kBProgress (4): 44 kB | 114 kB | 128 kB | 41/114 kBProgress (4): 44 kB | 114 kB | 128 kB | 45/114 kBProgress (4): 44 kB | 114 kB | 128 kB | 49/114 kBProgress (4): 44 kB | 114 kB | 128 kB | 53/114 kBProgress (4): 44 kB | 114 kB | 128 kB | 57/114 kBProgress (4): 44 kB | 114 kB | 128 kB | 61/114 kBProgress (4): 44 kB | 114 kB | 128 kB | 66/114 kBProgress (4): 44 kB | 114 kB | 128 kB | 70/114 kBProgress (4): 44 kB | 114 kB | 128 kB | 74/114 kBProgress (4): 44 kB | 114 kB | 128 kB | 78/114 kBProgress (4): 44 kB | 114 kB | 128 kB | 82/114 kBProgress (4): 44 kB | 114 kB | 128 kB | 86/114 kBProgress (4): 44 kB | 114 kB | 128 kB | 90/114 kBProgress (4): 44 kB | 114 kB | 128 kB | 94/114 kBProgress (4): 44 kB | 114 kB | 128 kB | 98/114 kBProgress (4): 44 kB | 114 kB | 128 kB | 102/114 kBProgress (4): 44 kB | 114 kB | 128 kB | 106/114 kBProgress (4): 44 kB | 114 kB | 128 kB | 111/114 kBProgress (4): 44 kB | 114 kB | 128 kB | 114 kB                                                  Downloaded from central: https://repo.maven.apache.org/maven2/org/apache/maven/maven-settings/3.3.9/maven-settings-3.3.9.jar (44 kB at 185 kB/s)
Downloading from central: https://repo.maven.apache.org/maven2/org/ow2/asm/asm-tree/7.0/asm-tree-7.0.jar
Downloaded from central: https://repo.maven.apache.org/maven2/org/apache/maven/shared/maven-artifact-transfer/0.10.0/maven-artifact-transfer-0.10.0.jar (128 kB at 531 kB/s)
Downloading from central: https://repo.maven.apache.org/maven2/org/ow2/asm/asm-analysis/7.0/asm-analysis-7.0.jar
Progress (3): 114 kB | 114 kB | 4.1/80 kBProgress (3): 114 kB | 114 kB | 8.2/80 kBProgress (3): 114 kB | 114 kB | 12/80 kB Progress (3): 114 kB | 114 kB | 16/80 kBProgress (3): 114 kB | 114 kB | 20/80 kBProgress (3): 114 kB | 114 kB | 25/80 kBProgress (3): 114 kB | 114 kB | 29/80 kBProgress (3): 114 kB | 114 kB | 33/80 kBProgress (3): 114 kB | 114 kB | 37/80 kBProgress (3): 114 kB | 114 kB | 41/80 kBProgress (3): 114 kB | 114 kB | 45/80 kBProgress (3): 114 kB | 114 kB | 49/80 kBProgress (3): 114 kB | 114 kB | 53/80 kBProgress (3): 114 kB | 114 kB | 57/80 kBProgress (3): 114 kB | 114 kB | 61/80 kBProgress (3): 114 kB | 114 kB | 66/80 kBProgress (3): 114 kB | 114 kB | 70/80 kBProgress (3): 114 kB | 114 kB | 74/80 kBProgress (3): 114 kB | 114 kB | 78/80 kBProgress (3): 114 kB | 114 kB | 80 kB   Progress (4): 114 kB | 114 kB | 80 kB | 4.1/50 kBProgress (4): 114 kB | 114 kB | 80 kB | 8.2/50 kBProgress (4): 114 kB | 114 kB | 80 kB | 12/50 kB Progress (4): 114 kB | 114 kB | 80 kB | 16/50 kBProgress (4): 114 kB | 114 kB | 80 kB | 20/50 kBProgress (4): 114 kB | 114 kB | 80 kB | 25/50 kBProgress (4): 114 kB | 114 kB | 80 kB | 29/50 kBProgress (4): 114 kB | 114 kB | 80 kB | 33/50 kBProgress (4): 114 kB | 114 kB | 80 kB | 37/50 kBProgress (4): 114 kB | 114 kB | 80 kB | 41/50 kBProgress (4): 114 kB | 114 kB | 80 kB | 45/50 kBProgress (4): 114 kB | 114 kB | 80 kB | 49/50 kBProgress (4): 114 kB | 114 kB | 80 kB | 50 kB                                                Downloaded from central: https://repo.maven.apache.org/maven2/org/ow2/asm/asm/7.0/asm-7.0.jar (114 kB at 455 kB/s)
Downloaded from central: https://repo.maven.apache.org/maven2/org/ow2/asm/asm-tree/7.0/asm-tree-7.0.jar (50 kB at 202 kB/s)
Downloading from central: https://repo.maven.apache.org/maven2/org/jdom/jdom2/2.0.6/jdom2-2.0.6.jar
Progress (3): 114 kB | 80 kB | 4.1/33 kBProgress (3): 114 kB | 80 kB | 8.2/33 kBProgress (3): 114 kB | 80 kB | 12/33 kB Progress (3): 114 kB | 80 kB | 16/33 kBProgress (3): 114 kB | 80 kB | 20/33 kBProgress (3): 114 kB | 80 kB | 24/33 kBProgress (3): 114 kB | 80 kB | 28/33 kBProgress (3): 114 kB | 80 kB | 32/33 kBProgress (3): 114 kB | 80 kB | 33 kB                                       Downloaded from central: https://repo.maven.apache.org/maven2/org/ow2/asm/asm-commons/7.0/asm-commons-7.0.jar (80 kB at 317 kB/s)
Downloaded from central: https://repo.maven.apache.org/maven2/org/apache/maven/plugins/maven-shade-plugin/3.2.1/maven-shade-plugin-3.2.1.jar (114 kB at 452 kB/s)
Downloading from central: https://repo.maven.apache.org/maven2/org/vafer/jdependency/2.1.1/jdependency-2.1.1.jar
Downloading from central: https://repo.maven.apache.org/maven2/org/ow2/asm/asm-util/7.0-beta/asm-util-7.0-beta.jar
Downloading from central: https://repo.maven.apache.org/maven2/org/apache/maven/shared/maven-dependency-tree/3.0.1/maven-dependency-tree-3.0.1.jar
Progress (2): 33 kB | 4.1/305 kBProgress (2): 33 kB | 8.2/305 kBProgress (2): 33 kB | 12/305 kB Progress (2): 33 kB | 16/305 kBProgress (2): 33 kB | 20/305 kBProgress (2): 33 kB | 25/305 kBProgress (2): 33 kB | 29/305 kBProgress (2): 33 kB | 33/305 kBProgress (2): 33 kB | 37/305 kBProgress (2): 33 kB | 41/305 kBProgress (2): 33 kB | 45/305 kBProgress (2): 33 kB | 49/305 kBProgress (2): 33 kB | 53/305 kBProgress (2): 33 kB | 57/305 kBProgress (2): 33 kB | 61/305 kBProgress (2): 33 kB | 66/305 kBProgress (3): 33 kB | 66/305 kB | 4.1/186 kBProgress (3): 33 kB | 66/305 kB | 8.2/186 kBProgress (3): 33 kB | 66/305 kB | 12/186 kB Progress (3): 33 kB | 66/305 kB | 16/186 kBProgress (3): 33 kB | 66/305 kB | 20/186 kBProgress (3): 33 kB | 66/305 kB | 25/186 kBProgress (3): 33 kB | 66/305 kB | 29/186 kBProgress (3): 33 kB | 66/305 kB | 33/186 kBProgress (3): 33 kB | 66/305 kB | 37/186 kBProgress (3): 33 kB | 66/305 kB | 41/186 kBProgress (3): 33 kB | 66/305 kB | 45/186 kBProgress (4): 33 kB | 66/305 kB | 45/186 kB | 4.1/81 kBProgress (4): 33 kB | 66/305 kB | 45/186 kB | 8.2/81 kBProgress (4): 33 kB | 66/305 kB | 45/186 kB | 12/81 kB Progress (4): 33 kB | 66/305 kB | 45/186 kB | 16/81 kBProgress (4): 33 kB | 66/305 kB | 45/186 kB | 20/81 kBProgress (4): 33 kB | 66/305 kB | 45/186 kB | 25/81 kBProgress (4): 33 kB | 66/305 kB | 45/186 kB | 29/81 kBProgress (4): 33 kB | 66/305 kB | 45/186 kB | 33/81 kB                                                      Downloaded from central: https://repo.maven.apache.org/maven2/org/ow2/asm/asm-analysis/7.0/asm-analysis-7.0.jar (33 kB at 128 kB/s)
Downloading from central: https://repo.maven.apache.org/maven2/com/google/guava/guava/19.0/guava-19.0.jar
Progress (4): 66/305 kB | 45/186 kB | 33/81 kB | 4.1/37 kBProgress (4): 66/305 kB | 45/186 kB | 33/81 kB | 8.2/37 kBProgress (4): 66/305 kB | 45/186 kB | 33/81 kB | 12/37 kB Progress (4): 66/305 kB | 45/186 kB | 33/81 kB | 16/37 kBProgress (4): 66/305 kB | 45/186 kB | 33/81 kB | 20/37 kBProgress (4): 66/305 kB | 45/186 kB | 33/81 kB | 24/37 kBProgress (4): 66/305 kB | 45/186 kB | 33/81 kB | 28/37 kBProgress (4): 66/305 kB | 45/186 kB | 33/81 kB | 32/37 kBProgress (4): 66/305 kB | 45/186 kB | 33/81 kB | 36/37 kBProgress (4): 66/305 kB | 45/186 kB | 33/81 kB | 37 kB   Progress (4): 66/305 kB | 45/186 kB | 37/81 kB | 37 kBProgress (4): 66/305 kB | 45/186 kB | 41/81 kB | 37 kBProgress (4): 66/305 kB | 45/186 kB | 45/81 kB | 37 kBProgress (4): 66/305 kB | 45/186 kB | 49/81 kB | 37 kBProgress (4): 66/305 kB | 49/186 kB | 49/81 kB | 37 kBProgress (4): 66/305 kB | 53/186 kB | 49/81 kB | 37 kBProgress (4): 66/305 kB | 57/186 kB | 49/81 kB | 37 kBProgress (4): 66/305 kB | 61/186 kB | 49/81 kB | 37 kBProgress (4): 70/305 kB | 61/186 kB | 49/81 kB | 37 kBProgress (4): 74/305 kB | 61/186 kB | 49/81 kB | 37 kBProgress (4): 78/305 kB | 61/186 kB | 49/81 kB | 37 kBProgress (4): 78/305 kB | 61/186 kB | 53/81 kB | 37 kBProgress (4): 78/305 kB | 61/186 kB | 57/81 kB | 37 kBProgress (4): 78/305 kB | 61/186 kB | 61/81 kB | 37 kBProgress (4): 78/305 kB | 61/186 kB | 66/81 kB | 37 kBProgress (4): 78/305 kB | 61/186 kB | 70/81 kB | 37 kBProgress (4): 78/305 kB | 61/186 kB | 74/81 kB | 37 kBProgress (4): 78/305 kB | 61/186 kB | 78/81 kB | 37 kBProgress (4): 78/305 kB | 61/186 kB | 81 kB | 37 kB   Progress (4): 78/305 kB | 66/186 kB | 81 kB | 37 kBProgress (4): 78/305 kB | 70/186 kB | 81 kB | 37 kBProgress (4): 78/305 kB | 74/186 kB | 81 kB | 37 kB                                                   Downloaded from central: https://repo.maven.apache.org/maven2/org/apache/maven/shared/maven-dependency-tree/3.0.1/maven-dependency-tree-3.0.1.jar (37 kB at 136 kB/s)
Progress (3): 82/305 kB | 74/186 kB | 81 kBProgress (3): 86/305 kB | 74/186 kB | 81 kBProgress (3): 90/305 kB | 74/186 kB | 81 kBProgress (3): 94/305 kB | 74/186 kB | 81 kBProgress (3): 98/305 kB | 74/186 kB | 81 kBProgress (3): 102/305 kB | 74/186 kB | 81 kBProgress (3): 106/305 kB | 74/186 kB | 81 kBProgress (3): 111/305 kB | 74/186 kB | 81 kBProgress (3): 115/305 kB | 74/186 kB | 81 kBProgress (3): 119/305 kB | 74/186 kB | 81 kBProgress (3): 123/305 kB | 74/186 kB | 81 kBProgress (3): 127/305 kB | 74/186 kB | 81 kBProgress (3): 127/305 kB | 78/186 kB | 81 kBProgress (4): 127/305 kB | 78/186 kB | 81 kB | 0/2.3 MBProgress (4): 127/305 kB | 78/186 kB | 81 kB | 0/2.3 MBProgress (4): 127/305 kB | 82/186 kB | 81 kB | 0/2.3 MBProgress (4): 127/305 kB | 86/186 kB | 81 kB | 0/2.3 MBProgress (4): 127/305 kB | 90/186 kB | 81 kB | 0/2.3 MBProgress (4): 127/305 kB | 94/186 kB | 81 kB | 0/2.3 MBProgress (4): 127/305 kB | 98/186 kB | 81 kB | 0/2.3 MBProgress (4): 127/305 kB | 102/186 kB | 81 kB | 0/2.3 MBProgress (4): 127/305 kB | 102/186 kB | 81 kB | 0/2.3 MBProgress (4): 127/305 kB | 102/186 kB | 81 kB | 0.1/2.3 MBProgress (4): 127/305 kB | 102/186 kB | 81 kB | 0.1/2.3 MBProgress (4): 127/305 kB | 106/186 kB | 81 kB | 0.1/2.3 MBProgress (4): 127/305 kB | 111/186 kB | 81 kB | 0.1/2.3 MBProgress (4): 127/305 kB | 115/186 kB | 81 kB | 0.1/2.3 MBProgress (4): 127/305 kB | 119/186 kB | 81 kB | 0.1/2.3 MBProgress (4): 127/305 kB | 123/186 kB | 81 kB | 0.1/2.3 MBProgress (4): 127/305 kB | 127/186 kB | 81 kB | 0.1/2.3 MBProgress (4): 127/305 kB | 131/186 kB | 81 kB | 0.1/2.3 MBProgress (4): 127/305 kB | 135/186 kB | 81 kB | 0.1/2.3 MBProgress (4): 127/305 kB | 139/186 kB | 81 kB | 0.1/2.3 MBProgress (4): 127/305 kB | 143/186 kB | 81 kB | 0.1/2.3 MBProgress (4): 127/305 kB | 147/186 kB | 81 kB | 0.1/2.3 MBProgress (4): 127/305 kB | 152/186 kB | 81 kB | 0.1/2.3 MBProgress (4): 127/305 kB | 156/186 kB | 81 kB | 0.1/2.3 MBProgress (4): 127/305 kB | 160/186 kB | 81 kB | 0.1/2.3 MBProgress (4): 127/305 kB | 164/186 kB | 81 kB | 0.1/2.3 MBProgress (4): 127/305 kB | 168/186 kB | 81 kB | 0.1/2.3 MBProgress (4): 127/305 kB | 172/186 kB | 81 kB | 0.1/2.3 MBProgress (4): 127/305 kB | 176/186 kB | 81 kB | 0.1/2.3 MBProgress (4): 127/305 kB | 180/186 kB | 81 kB | 0.1/2.3 MBProgress (4): 131/305 kB | 180/186 kB | 81 kB | 0.1/2.3 MBProgress (4): 135/305 kB | 180/186 kB | 81 kB | 0.1/2.3 MBProgress (4): 139/305 kB | 180/186 kB | 81 kB | 0.1/2.3 MBProgress (4): 143/305 kB | 180/186 kB | 81 kB | 0.1/2.3 MBProgress (4): 147/305 kB | 180/186 kB | 81 kB | 0.1/2.3 MBProgress (4): 152/305 kB | 180/186 kB | 81 kB | 0.1/2.3 MBProgress (4): 156/305 kB | 180/186 kB | 81 kB | 0.1/2.3 MBProgress (4): 160/305 kB | 180/186 kB | 81 kB | 0.1/2.3 MBProgress (4): 164/305 kB | 180/186 kB | 81 kB | 0.1/2.3 MBProgress (4): 168/305 kB | 180/186 kB | 81 kB | 0.1/2.3 MBProgress (4): 172/305 kB | 180/186 kB | 81 kB | 0.1/2.3 MBProgress (4): 176/305 kB | 180/186 kB | 81 kB | 0.1/2.3 MBProgress (4): 180/305 kB | 180/186 kB | 81 kB | 0.1/2.3 MBProgress (4): 184/305 kB | 180/186 kB | 81 kB | 0.1/2.3 MBProgress (4): 188/305 kB | 180/186 kB | 81 kB | 0.1/2.3 MBProgress (4): 193/305 kB | 180/186 kB | 81 kB | 0.1/2.3 MBProgress (4): 197/305 kB | 180/186 kB | 81 kB | 0.1/2.3 MBProgress (4): 201/305 kB | 180/186 kB | 81 kB | 0.1/2.3 MBProgress (4): 205/305 kB | 180/186 kB | 81 kB | 0.1/2.3 MBProgress (4): 209/305 kB | 180/186 kB | 81 kB | 0.1/2.3 MBProgress (4): 213/305 kB | 180/186 kB | 81 kB | 0.1/2.3 MBProgress (4): 213/305 kB | 180/186 kB | 81 kB | 0.1/2.3 MBProgress (4): 213/305 kB | 180/186 kB | 81 kB | 0.1/2.3 MBProgress (4): 213/305 kB | 180/186 kB | 81 kB | 0.1/2.3 MBProgress (4): 213/305 kB | 180/186 kB | 81 kB | 0.1/2.3 MB                                                          Downloaded from central: https://repo.maven.apache.org/maven2/org/ow2/asm/asm-util/7.0-beta/asm-util-7.0-beta.jar (81 kB at 281 kB/s)
Progress (3): 213/305 kB | 180/186 kB | 0.2/2.3 MBProgress (3): 213/305 kB | 180/186 kB | 0.2/2.3 MBProgress (3): 213/305 kB | 180/186 kB | 0.2/2.3 MBProgress (3): 213/305 kB | 180/186 kB | 0.2/2.3 MBProgress (3): 213/305 kB | 184/186 kB | 0.2/2.3 MBProgress (3): 213/305 kB | 186 kB | 0.2/2.3 MB    Progress (3): 217/305 kB | 186 kB | 0.2/2.3 MBProgress (3): 221/305 kB | 186 kB | 0.2/2.3 MBProgress (3): 225/305 kB | 186 kB | 0.2/2.3 MBProgress (3): 229/305 kB | 186 kB | 0.2/2.3 MBProgress (3): 233/305 kB | 186 kB | 0.2/2.3 MBProgress (3): 238/305 kB | 186 kB | 0.2/2.3 MBProgress (3): 242/305 kB | 186 kB | 0.2/2.3 MBProgress (3): 246/305 kB | 186 kB | 0.2/2.3 MBProgress (3): 250/305 kB | 186 kB | 0.2/2.3 MBProgress (3): 254/305 kB | 186 kB | 0.2/2.3 MBProgress (3): 258/305 kB | 186 kB | 0.2/2.3 MBProgress (3): 262/305 kB | 186 kB | 0.2/2.3 MBProgress (3): 266/305 kB | 186 kB | 0.2/2.3 MBProgress (3): 270/305 kB | 186 kB | 0.2/2.3 MBProgress (3): 274/305 kB | 186 kB | 0.2/2.3 MBProgress (3): 279/305 kB | 186 kB | 0.2/2.3 MBProgress (3): 283/305 kB | 186 kB | 0.2/2.3 MBProgress (3): 287/305 kB | 186 kB | 0.2/2.3 MBProgress (3): 291/305 kB | 186 kB | 0.2/2.3 MBProgress (3): 295/305 kB | 186 kB | 0.2/2.3 MBProgress (3): 299/305 kB | 186 kB | 0.2/2.3 MBProgress (3): 303/305 kB | 186 kB | 0.2/2.3 MBProgress (3): 305 kB | 186 kB | 0.2/2.3 MB    Progress (3): 305 kB | 186 kB | 0.2/2.3 MBProgress (3): 305 kB | 186 kB | 0.2/2.3 MBProgress (3): 305 kB | 186 kB | 0.3/2.3 MB                                          Downloaded from central: https://repo.maven.apache.org/maven2/org/vafer/jdependency/2.1.1/jdependency-2.1.1.jar (186 kB at 631 kB/s)
Progress (2): 305 kB | 0.3/2.3 MBProgress (2): 305 kB | 0.3/2.3 MBProgress (2): 305 kB | 0.3/2.3 MBProgress (2): 305 kB | 0.3/2.3 MBProgress (2): 305 kB | 0.3/2.3 MBProgress (2): 305 kB | 0.4/2.3 MB                                 Downloaded from central: https://repo.maven.apache.org/maven2/org/jdom/jdom2/2.0.6/jdom2-2.0.6.jar (305 kB at 1000 kB/s)
Progress (1): 0.4/2.3 MBProgress (1): 0.4/2.3 MBProgress (1): 0.4/2.3 MBProgress (1): 0.4/2.3 MBProgress (1): 0.4/2.3 MBProgress (1): 0.5/2.3 MBProgress (1): 0.5/2.3 MBProgress (1): 0.5/2.3 MBProgress (1): 0.5/2.3 MBProgress (1): 0.5/2.3 MBProgress (1): 0.5/2.3 MBProgress (1): 0.6/2.3 MBProgress (1): 0.6/2.3 MBProgress (1): 0.6/2.3 MBProgress (1): 0.6/2.3 MBProgress (1): 0.6/2.3 MBProgress (1): 0.6/2.3 MBProgress (1): 0.7/2.3 MBProgress (1): 0.7/2.3 MBProgress (1): 0.7/2.3 MBProgress (1): 0.7/2.3 MBProgress (1): 0.7/2.3 MBProgress (1): 0.7/2.3 MBProgress (1): 0.7/2.3 MBProgress (1): 0.8/2.3 MBProgress (1): 0.8/2.3 MBProgress (1): 0.8/2.3 MBProgress (1): 0.8/2.3 MBProgress (1): 0.8/2.3 MBProgress (1): 0.8/2.3 MBProgress (1): 0.9/2.3 MBProgress (1): 0.9/2.3 MBProgress (1): 0.9/2.3 MBProgress (1): 0.9/2.3 MBProgress (1): 0.9/2.3 MBProgress (1): 0.9/2.3 MBProgress (1): 1.0/2.3 MBProgress (1): 1.0/2.3 MBProgress (1): 1.0/2.3 MBProgress (1): 1.0/2.3 MBProgress (1): 1.0/2.3 MBProgress (1): 1.0/2.3 MBProgress (1): 1.1/2.3 MBProgress (1): 1.1/2.3 MBProgress (1): 1.1/2.3 MBProgress (1): 1.1/2.3 MBProgress (1): 1.1/2.3 MBProgress (1): 1.1/2.3 MBProgress (1): 1.2/2.3 MBProgress (1): 1.2/2.3 MBProgress (1): 1.2/2.3 MBProgress (1): 1.2/2.3 MBProgress (1): 1.2/2.3 MBProgress (1): 1.2/2.3 MBProgress (1): 1.3/2.3 MBProgress (1): 1.3/2.3 MBProgress (1): 1.3/2.3 MBProgress (1): 1.3/2.3 MBProgress (1): 1.3/2.3 MBProgress (1): 1.3/2.3 MBProgress (1): 1.3/2.3 MBProgress (1): 1.4/2.3 MBProgress (1): 1.4/2.3 MBProgress (1): 1.4/2.3 MBProgress (1): 1.4/2.3 MBProgress (1): 1.4/2.3 MBProgress (1): 1.4/2.3 MBProgress (1): 1.5/2.3 MBProgress (1): 1.5/2.3 MBProgress (1): 1.5/2.3 MBProgress (1): 1.5/2.3 MBProgress (1): 1.5/2.3 MBProgress (1): 1.5/2.3 MBProgress (1): 1.6/2.3 MBProgress (1): 1.6/2.3 MBProgress (1): 1.6/2.3 MBProgress (1): 1.6/2.3 MBProgress (1): 1.6/2.3 MBProgress (1): 1.6/2.3 MBProgress (1): 1.7/2.3 MBProgress (1): 1.7/2.3 MBProgress (1): 1.7/2.3 MBProgress (1): 1.7/2.3 MBProgress (1): 1.7/2.3 MBProgress (1): 1.7/2.3 MBProgress (1): 1.8/2.3 MBProgress (1): 1.8/2.3 MBProgress (1): 1.8/2.3 MBProgress (1): 1.8/2.3 MBProgress (1): 1.8/2.3 MBProgress (1): 1.8/2.3 MBProgress (1): 1.9/2.3 MBProgress (1): 1.9/2.3 MBProgress (1): 1.9/2.3 MBProgress (1): 1.9/2.3 MBProgress (1): 1.9/2.3 MBProgress (1): 1.9/2.3 MBProgress (1): 2.0/2.3 MBProgress (1): 2.0/2.3 MBProgress (1): 2.0/2.3 MBProgress (1): 2.0/2.3 MBProgress (1): 2.0/2.3 MBProgress (1): 2.0/2.3 MBProgress (1): 2.1/2.3 MBProgress (1): 2.1/2.3 MBProgress (1): 2.1/2.3 MBProgress (1): 2.1/2.3 MBProgress (1): 2.1/2.3 MBProgress (1): 2.1/2.3 MBProgress (1): 2.1/2.3 MBProgress (1): 2.2/2.3 MBProgress (1): 2.2/2.3 MBProgress (1): 2.2/2.3 MBProgress (1): 2.2/2.3 MBProgress (1): 2.2/2.3 MBProgress (1): 2.2/2.3 MBProgress (1): 2.3/2.3 MBProgress (1): 2.3/2.3 MBProgress (1): 2.3/2.3 MBProgress (1): 2.3 MB                        Downloaded from central: https://repo.maven.apache.org/maven2/com/google/guava/guava/19.0/guava-19.0.jar (2.3 MB at 6.1 MB/s)
[INFO] Replacing main artifact with repackaged archive
[INFO] ------------------------------------------------------------------------
[INFO] BUILD SUCCESS
[INFO] ------------------------------------------------------------------------
[INFO] Total time:  24.153 s
[INFO] Finished at: 2024-09-29T15:52:53Z
[INFO] ------------------------------------------------------------------------
Finished: SUCCESS
